--- Checking for leftover containers ---
Removing leftover container: webshop-demo
Removing leftover container: pm-demo
Removing leftover container: warehouse-demo
Removing leftover container: order-service
Removing leftover container: loyalty-service
Removing leftover container: keycloak
Removing leftover container: reverse-proxy
Removing leftover container: db_webshop
Removing leftover container: db_pm
Removing leftover container: db_warehouse
Removing leftover container: db_order
Removing leftover container: db_loyalty
Step 1: Exporting Structurizr DSL to JSON...
Step 2: Generating file system view...
find: ‘./e2e-tests/cypress/downloads’: Åtkomst nekas
find: ‘./production-data/order-db’: Åtkomst nekas
find: ‘./production-data/webshop-db’: Åtkomst nekas
find: ‘./production-data/pm-db’: Åtkomst nekas
find: ‘./production-data/warehouse-db’: Åtkomst nekas
find: ‘./production-data/grafana/png’: Åtkomst nekas
find: ‘./production-data/grafana/pdf’: Åtkomst nekas
find: ‘./production-data/grafana/csv’: Åtkomst nekas
find: ‘./production-data/keycloak-db’: Åtkomst nekas
Step 3: Aggregating requirements...
Step 4: Combining inputs for validations...
find: ‘./e2e-tests/cypress/downloads’: Åtkomst nekas
find: ‘./production-data/order-db’: Åtkomst nekas
find: ‘./production-data/webshop-db’: Åtkomst nekas
find: ‘./production-data/pm-db’: Åtkomst nekas
find: ‘./production-data/warehouse-db’: Åtkomst nekas
find: ‘./production-data/grafana/png’: Åtkomst nekas
find: ‘./production-data/grafana/pdf’: Åtkomst nekas
find: ‘./production-data/grafana/csv’: Åtkomst nekas
find: ‘./production-data/keycloak-db’: Åtkomst nekas
find: ‘e2e-tests/cypress/downloads’: Åtkomst nekas
Step 5: Parsing Kubernetes manifests...
Step 6: Combining inputs for K8s validation...

--- Running: Traceability Validation ---
✅ Validation Passed.

--- Running: Relation Validation ---
✅ Validation Passed.

--- Running: Container Validation ---
✅ Validation Passed.

--- Running: Component Validation ---
✅ Validation Passed.

--- Running: Implementation Validation ---
✅ Validation Passed.

--- Running: Code Structure Validation ---
✅ Validation Passed.

--- Running: Dependency Validation ---
✅ Validation Passed.

--- Running: HTTPS Usage Validation ---
✅ Validation Passed.

--- Running: Pact Verification Validation ---
✅ Validation Passed.

--- Running: Kubernetes Deployment Validation ---
✅ Validation Passed.

--- Running: Contract Validation (Pact) ---
Phase 1: Generating Contracts (Consumer Tests)...
  Scanning webshop for consumer tests...
[INFO] Scanning for projects...
[INFO] 
[INFO] ------------------------< com.example:webshop >-------------------------
[INFO] Building webshop 1.0-SNAPSHOT
[INFO]   from pom.xml
[INFO] --------------------------------[ jar ]---------------------------------
[INFO] 
[INFO] --- clean:3.2.0:clean (default-clean) @ webshop ---
[INFO] Deleting /usr/src/mymaven/target
[INFO] 
[INFO] --- jacoco:0.8.11:prepare-agent (default) @ webshop ---
[INFO] argLine set to -javaagent:/root/.m2/repository/org/jacoco/org.jacoco.agent/0.8.11/org.jacoco.agent-0.8.11-runtime.jar=destfile=/usr/src/mymaven/target/jacoco.exec
[INFO] 
[INFO] --- resources:3.3.1:resources (default-resources) @ webshop ---
[INFO] Copying 1 resource from src/main/resources to target/classes
[INFO] 
[INFO] --- compiler:3.11.0:compile (default-compile) @ webshop ---
[INFO] Changes detected - recompiling the module! :source
[INFO] Compiling 13 source files with javac [debug target 21] to target/classes
[INFO] /usr/src/mymaven/src/main/java/com/example/webshop/SecurityFilter.java: /usr/src/mymaven/src/main/java/com/example/webshop/SecurityFilter.java uses or overrides a deprecated API.
[INFO] /usr/src/mymaven/src/main/java/com/example/webshop/SecurityFilter.java: Recompile with -Xlint:deprecation for details.
[INFO] 
[INFO] --- resources:3.3.1:testResources (default-testResources) @ webshop ---
[INFO] skip non existing resourceDirectory /usr/src/mymaven/src/test/resources
[INFO] 
[INFO] --- compiler:3.11.0:testCompile (default-testCompile) @ webshop ---
[INFO] Changes detected - recompiling the module! :dependency
[INFO] Compiling 4 source files with javac [debug target 21] to target/test-classes
[INFO] 
[INFO] --- surefire:3.2.3:test (default-test) @ webshop ---
[INFO] Using auto detected provider org.apache.maven.surefire.junitplatform.JUnitPlatformProvider
[INFO] 
[INFO] -------------------------------------------------------
[INFO]  T E S T S
[INFO] -------------------------------------------------------
[INFO] Running com.example.webshop.LoyaltyServicePactTest
[Thread-3] WARN au.com.dius.pact.core.support.Metrics - 
            Please note: we are tracking events anonymously to gather important usage statistics like JVM version
            and operating system. To disable tracking, set the 'pact_do_not_track' system property or environment
            variable to 'true'.
            
[main] INFO au.com.dius.pact.consumer.junit5.PactConsumerTestExt$Companion - Writing pacts out to directory from @PactDirectory annotation
[INFO] Tests run: 1, Failures: 0, Errors: 0, Skipped: 0, Time elapsed: 1.413 s -- in com.example.webshop.LoyaltyServicePactTest
[INFO] Running com.example.webshop.OrderServicePactTest
OpenJDK 64-Bit Server VM warning: Sharing is only supported for boot loader classes because bootstrap classpath has been appended
WARNING: A Java agent has been loaded dynamically (/root/.m2/repository/net/bytebuddy/byte-buddy-agent/1.14.9/byte-buddy-agent-1.14.9.jar)
WARNING: If a serviceability tool is in use, please run with -XX:+EnableDynamicAgentLoading to hide this warning
WARNING: If a serviceability tool is not in use, please run with -Djdk.instrument.traceUsage for more information
WARNING: Dynamic loading of agents will be disallowed by default in a future release
[main] INFO au.com.dius.pact.consumer.junit5.PactConsumerTestExt$Companion - Writing pacts out to directory from @PactDirectory annotation
[INFO] Tests run: 1, Failures: 0, Errors: 0, Skipped: 0, Time elapsed: 1.208 s -- in com.example.webshop.OrderServicePactTest
[INFO] 
[INFO] Results:
[INFO] 
[INFO] Tests run: 2, Failures: 0, Errors: 0, Skipped: 0
[INFO] 
[INFO] 
[INFO] --- jacoco:0.8.11:report (report) @ webshop ---
[INFO] Loading execution data file /usr/src/mymaven/target/jacoco.exec
[INFO] Analyzed bundle 'webshop' with 13 classes
[INFO] ------------------------------------------------------------------------
[INFO] BUILD SUCCESS
[INFO] ------------------------------------------------------------------------
[INFO] Total time:  5.551 s
[INFO] Finished at: 2026-01-06T20:52:32Z
[INFO] ------------------------------------------------------------------------
  Scanning productManagementSystem for consumer tests...
[INFO] Scanning for projects...
[INFO] 
[INFO] ----------------< com.example:productManagementSystem >-----------------
[INFO] Building productManagementSystem 1.0-SNAPSHOT
[INFO]   from pom.xml
[INFO] --------------------------------[ jar ]---------------------------------
[INFO] 
[INFO] --- clean:3.2.0:clean (default-clean) @ productManagementSystem ---
[INFO] Deleting /usr/src/mymaven/target
[INFO] 
[INFO] --- jacoco:0.8.11:prepare-agent (default) @ productManagementSystem ---
[INFO] argLine set to -javaagent:/root/.m2/repository/org/jacoco/org.jacoco.agent/0.8.11/org.jacoco.agent-0.8.11-runtime.jar=destfile=/usr/src/mymaven/target/jacoco.exec
[INFO] 
[INFO] --- resources:3.3.1:resources (default-resources) @ productManagementSystem ---
[INFO] Copying 1 resource from src/main/resources to target/classes
[INFO] 
[INFO] --- compiler:3.11.0:compile (default-compile) @ productManagementSystem ---
[INFO] Changes detected - recompiling the module! :source
[INFO] Compiling 9 source files with javac [debug target 21] to target/classes
[INFO] /usr/src/mymaven/src/main/java/com/example/productmanagement/SecurityFilter.java: /usr/src/mymaven/src/main/java/com/example/productmanagement/SecurityFilter.java uses or overrides a deprecated API.
[INFO] /usr/src/mymaven/src/main/java/com/example/productmanagement/SecurityFilter.java: Recompile with -Xlint:deprecation for details.
[INFO] /usr/src/mymaven/src/main/java/com/example/productmanagement/SecurityFilter.java: /usr/src/mymaven/src/main/java/com/example/productmanagement/SecurityFilter.java uses unchecked or unsafe operations.
[INFO] /usr/src/mymaven/src/main/java/com/example/productmanagement/SecurityFilter.java: Recompile with -Xlint:unchecked for details.
[INFO] 
[INFO] --- resources:3.3.1:testResources (default-testResources) @ productManagementSystem ---
[INFO] skip non existing resourceDirectory /usr/src/mymaven/src/test/resources
[INFO] 
[INFO] --- compiler:3.11.0:testCompile (default-testCompile) @ productManagementSystem ---
[INFO] Changes detected - recompiling the module! :dependency
[INFO] Compiling 3 source files with javac [debug target 21] to target/test-classes
[INFO] 
[INFO] --- surefire:3.2.3:test (default-test) @ productManagementSystem ---
[INFO] Using auto detected provider org.apache.maven.surefire.junitplatform.JUnitPlatformProvider
[INFO] 
[INFO] -------------------------------------------------------
[INFO]  T E S T S
[INFO] -------------------------------------------------------
[INFO] Running com.example.productmanagement.ProductServicePactTest
OpenJDK 64-Bit Server VM warning: Sharing is only supported for boot loader classes because bootstrap classpath has been appended
WARNING: A Java agent has been loaded dynamically (/root/.m2/repository/net/bytebuddy/byte-buddy-agent/1.14.9/byte-buddy-agent-1.14.9.jar)
WARNING: If a serviceability tool is in use, please run with -XX:+EnableDynamicAgentLoading to hide this warning
WARNING: If a serviceability tool is not in use, please run with -Djdk.instrument.traceUsage for more information
WARNING: Dynamic loading of agents will be disallowed by default in a future release
ProductService initialized with Webshop API URL: http://localhost:37281/api/products/sync
ProductService initialized with Warehouse API URL: http://warehouse-dummy
Syncing product 1 to http://localhost:37281/api/products/sync
Syncing product 1 to http://warehouse-dummy
Exception during sync to http://warehouse-dummy: java.net.ConnectException
Synced to http://localhost:37281/api/products/sync. Response: {"status":"success"}
[Thread-3] WARN au.com.dius.pact.core.support.Metrics - 
            Please note: we are tracking events anonymously to gather important usage statistics like JVM version
            and operating system. To disable tracking, set the 'pact_do_not_track' system property or environment
            variable to 'true'.
            
[main] INFO au.com.dius.pact.consumer.junit5.PactConsumerTestExt$Companion - Writing pacts out to directory from @PactDirectory annotation
[INFO] Tests run: 1, Failures: 0, Errors: 0, Skipped: 0, Time elapsed: 2.961 s -- in com.example.productmanagement.ProductServicePactTest
[INFO] Running com.example.productmanagement.ProductServiceWarehousePactTest
ProductService initialized with Webshop API URL: http://webshop-dummy
ProductService initialized with Warehouse API URL: http://localhost:41353/api/products/sync
Syncing product 1 to http://webshop-dummy
Syncing product 1 to http://localhost:41353/api/products/sync
Synced to http://localhost:41353/api/products/sync. Response: {"status":"success"}
Exception during sync to http://webshop-dummy: java.net.ConnectException
[main] INFO au.com.dius.pact.consumer.junit5.PactConsumerTestExt$Companion - Writing pacts out to directory from @PactDirectory annotation
[INFO] Tests run: 1, Failures: 0, Errors: 0, Skipped: 0, Time elapsed: 0.626 s -- in com.example.productmanagement.ProductServiceWarehousePactTest
[INFO] 
[INFO] Results:
[INFO] 
[INFO] Tests run: 2, Failures: 0, Errors: 0, Skipped: 0
[INFO] 
[INFO] 
[INFO] --- jacoco:0.8.11:report (report) @ productManagementSystem ---
[INFO] Loading execution data file /usr/src/mymaven/target/jacoco.exec
[INFO] Analyzed bundle 'productManagementSystem' with 9 classes
[INFO] ------------------------------------------------------------------------
[INFO] BUILD SUCCESS
[INFO] ------------------------------------------------------------------------
[INFO] Total time:  6.637 s
[INFO] Finished at: 2026-01-06T20:52:40Z
[INFO] ------------------------------------------------------------------------
  Scanning warehouse for consumer tests...
[INFO] Scanning for projects...
[INFO] 
[INFO] -----------------------< com.example:warehouse >------------------------
[INFO] Building warehouse 1.0-SNAPSHOT
[INFO]   from pom.xml
[INFO] --------------------------------[ jar ]---------------------------------
[INFO] 
[INFO] --- clean:3.2.0:clean (default-clean) @ warehouse ---
[INFO] Deleting /usr/src/mymaven/target
[INFO] 
[INFO] --- jacoco:0.8.11:prepare-agent (default) @ warehouse ---
[INFO] argLine set to -javaagent:/root/.m2/repository/org/jacoco/org.jacoco.agent/0.8.11/org.jacoco.agent-0.8.11-runtime.jar=destfile=/usr/src/mymaven/target/jacoco.exec
[INFO] 
[INFO] --- resources:3.3.1:resources (default-resources) @ warehouse ---
[INFO] Copying 1 resource from src/main/resources to target/classes
[INFO] 
[INFO] --- compiler:3.11.0:compile (default-compile) @ warehouse ---
[INFO] Changes detected - recompiling the module! :source
[INFO] Compiling 19 source files with javac [debug target 21] to target/classes
[INFO] /usr/src/mymaven/src/main/java/com/example/warehouse/SecurityFilter.java: /usr/src/mymaven/src/main/java/com/example/warehouse/SecurityFilter.java uses or overrides a deprecated API.
[INFO] /usr/src/mymaven/src/main/java/com/example/warehouse/SecurityFilter.java: Recompile with -Xlint:deprecation for details.
[INFO] /usr/src/mymaven/src/main/java/com/example/warehouse/SecurityFilter.java: /usr/src/mymaven/src/main/java/com/example/warehouse/SecurityFilter.java uses unchecked or unsafe operations.
[INFO] /usr/src/mymaven/src/main/java/com/example/warehouse/SecurityFilter.java: Recompile with -Xlint:unchecked for details.
[INFO] 
[INFO] --- resources:3.3.1:testResources (default-testResources) @ warehouse ---
[INFO] skip non existing resourceDirectory /usr/src/mymaven/src/test/resources
[INFO] 
[INFO] --- compiler:3.11.0:testCompile (default-testCompile) @ warehouse ---
[INFO] Changes detected - recompiling the module! :dependency
[INFO] Compiling 3 source files with javac [debug target 21] to target/test-classes
[INFO] /usr/src/mymaven/src/test/java/com/example/warehouse/StockServiceTest.java: /usr/src/mymaven/src/test/java/com/example/warehouse/StockServiceTest.java uses unchecked or unsafe operations.
[INFO] /usr/src/mymaven/src/test/java/com/example/warehouse/StockServiceTest.java: Recompile with -Xlint:unchecked for details.
[INFO] 
[INFO] --- surefire:3.2.3:test (default-test) @ warehouse ---
[INFO] Using auto detected provider org.apache.maven.surefire.junitplatform.JUnitPlatformProvider
[INFO] 
[INFO] -------------------------------------------------------
[INFO]  T E S T S
[INFO] -------------------------------------------------------
[INFO] Running com.example.warehouse.StockServicePactTest
OpenJDK 64-Bit Server VM warning: Sharing is only supported for boot loader classes because bootstrap classpath has been appended
WARNING: A Java agent has been loaded dynamically (/root/.m2/repository/net/bytebuddy/byte-buddy-agent/1.14.9/byte-buddy-agent-1.14.9.jar)
WARNING: If a serviceability tool is in use, please run with -XX:+EnableDynamicAgentLoading to hide this warning
WARNING: If a serviceability tool is not in use, please run with -Djdk.instrument.traceUsage for more information
WARNING: Dynamic loading of agents will be disallowed by default in a future release
StockService initialized with Webshop Stock API URL: http://localhost:39413/api/stock/sync
Syncing stock for product 1 (Stock: 50) to http://localhost:39413/api/stock/sync
[Thread-3] WARN au.com.dius.pact.core.support.Metrics - 
            Please note: we are tracking events anonymously to gather important usage statistics like JVM version
            and operating system. To disable tracking, set the 'pact_do_not_track' system property or environment
            variable to 'true'.
            
Synced stock for product 1 to Webshop.
[main] INFO au.com.dius.pact.consumer.junit5.PactConsumerTestExt$Companion - Writing pacts out to directory from @PactDirectory annotation
[INFO] Tests run: 1, Failures: 0, Errors: 0, Skipped: 0, Time elapsed: 2.748 s -- in com.example.warehouse.StockServicePactTest
[INFO] 
[INFO] Results:
[INFO] 
[INFO] Tests run: 1, Failures: 0, Errors: 0, Skipped: 0
[INFO] 
[INFO] 
[INFO] --- jacoco:0.8.11:report (report) @ warehouse ---
[INFO] Loading execution data file /usr/src/mymaven/target/jacoco.exec
[INFO] Analyzed bundle 'warehouse' with 19 classes
[INFO] ------------------------------------------------------------------------
[INFO] BUILD SUCCESS
[INFO] ------------------------------------------------------------------------
[INFO] Total time:  5.789 s
[INFO] Finished at: 2026-01-06T20:52:47Z
[INFO] ------------------------------------------------------------------------
  Scanning orderService for consumer tests...
[INFO] Scanning for projects...
[INFO] 
[INFO] ----------------------< com.example:orderService >----------------------
[INFO] Building orderService 1.0-SNAPSHOT
[INFO]   from pom.xml
[INFO] --------------------------------[ jar ]---------------------------------
[INFO] 
[INFO] --- clean:3.2.0:clean (default-clean) @ orderService ---
[INFO] Deleting /usr/src/mymaven/target
[INFO] 
[INFO] --- jacoco:0.8.11:prepare-agent (default) @ orderService ---
[INFO] argLine set to -javaagent:/root/.m2/repository/org/jacoco/org.jacoco.agent/0.8.11/org.jacoco.agent-0.8.11-runtime.jar=destfile=/usr/src/mymaven/target/jacoco.exec
[INFO] 
[INFO] --- resources:3.3.1:resources (default-resources) @ orderService ---
[INFO] Copying 1 resource from src/main/resources to target/classes
[INFO] 
[INFO] --- compiler:3.11.0:compile (default-compile) @ orderService ---
[INFO] Changes detected - recompiling the module! :source
[INFO] Compiling 15 source files with javac [debug target 21] to target/classes
[INFO] /usr/src/mymaven/src/main/java/com/example/order/SecurityFilter.java: /usr/src/mymaven/src/main/java/com/example/order/SecurityFilter.java uses or overrides a deprecated API.
[INFO] /usr/src/mymaven/src/main/java/com/example/order/SecurityFilter.java: Recompile with -Xlint:deprecation for details.
[INFO] /usr/src/mymaven/src/main/java/com/example/order/SecurityFilter.java: /usr/src/mymaven/src/main/java/com/example/order/SecurityFilter.java uses unchecked or unsafe operations.
[INFO] /usr/src/mymaven/src/main/java/com/example/order/SecurityFilter.java: Recompile with -Xlint:unchecked for details.
[INFO] 
[INFO] --- resources:3.3.1:testResources (default-testResources) @ orderService ---
[INFO] skip non existing resourceDirectory /usr/src/mymaven/src/test/resources
[INFO] 
[INFO] --- compiler:3.11.0:testCompile (default-testCompile) @ orderService ---
[INFO] Changes detected - recompiling the module! :dependency
[INFO] Compiling 5 source files with javac [debug target 21] to target/test-classes
[INFO] 
[INFO] --- surefire:3.2.3:test (default-test) @ orderService ---
[INFO] Using auto detected provider org.apache.maven.surefire.junitplatform.JUnitPlatformProvider
[INFO] 
[INFO] -------------------------------------------------------
[INFO]  T E S T S
[INFO] -------------------------------------------------------
[INFO] Running com.example.order.LoyaltyIntegrationServicePactTest
WARNING: A Java agent has been loaded dynamically (/root/.m2/repository/net/bytebuddy/byte-buddy-agent/1.14.9/byte-buddy-agent-1.14.9.jar)
WARNING: If a serviceability tool is in use, please run with -XX:+EnableDynamicAgentLoading to hide this warning
WARNING: If a serviceability tool is not in use, please run with -Djdk.instrument.traceUsage for more information
WARNING: Dynamic loading of agents will be disallowed by default in a future release
OpenJDK 64-Bit Server VM warning: Sharing is only supported for boot loader classes because bootstrap classpath has been appended
LoyaltyIntegrationService: Accruing points for order 101
LoyaltyIntegrationService: Redeeming 50 points for order 102
[Thread-3] WARN au.com.dius.pact.core.support.Metrics - 
            Please note: we are tracking events anonymously to gather important usage statistics like JVM version
            and operating system. To disable tracking, set the 'pact_do_not_track' system property or environment
            variable to 'true'.
            
[main] INFO au.com.dius.pact.consumer.junit5.PactConsumerTestExt$Companion - Writing pacts out to directory from @PactDirectory annotation
[INFO] Tests run: 1, Failures: 0, Errors: 0, Skipped: 0, Time elapsed: 2.840 s -- in com.example.order.LoyaltyIntegrationServicePactTest
[INFO] Running com.example.order.StockReservationServicePactTest
StockReservationService: Reserving stock for product 1 at http://localhost:33041/api/stock/reserve
StockReservationService: Got token (length: 11)
StockReservationService: Response status: 200
[main] INFO au.com.dius.pact.consumer.junit5.PactConsumerTestExt$Companion - Writing pacts out to directory from @PactDirectory annotation
[INFO] Tests run: 1, Failures: 0, Errors: 0, Skipped: 0, Time elapsed: 0.129 s -- in com.example.order.StockReservationServicePactTest
[INFO] Running com.example.order.OrderFulfillmentServicePactTest
OrderFulfillmentService: Notifying fulfillment for order 123 at http://localhost:38043/api/fulfillment/order
OrderFulfillmentService: Got token (length: 11)
OrderFulfillmentService: Response status: 200
[main] INFO au.com.dius.pact.consumer.junit5.PactConsumerTestExt$Companion - Writing pacts out to directory from @PactDirectory annotation
[INFO] Tests run: 1, Failures: 0, Errors: 0, Skipped: 0, Time elapsed: 0.122 s -- in com.example.order.OrderFulfillmentServicePactTest
[INFO] 
[INFO] Results:
[INFO] 
[INFO] Tests run: 3, Failures: 0, Errors: 0, Skipped: 0
[INFO] 
[INFO] 
[INFO] --- jacoco:0.8.11:report (report) @ orderService ---
[INFO] Loading execution data file /usr/src/mymaven/target/jacoco.exec
[INFO] Analyzed bundle 'orderService' with 15 classes
[INFO] ------------------------------------------------------------------------
[INFO] BUILD SUCCESS
[INFO] ------------------------------------------------------------------------
[INFO] Total time:  6.473 s
[INFO] Finished at: 2026-01-06T20:52:54Z
[INFO] ------------------------------------------------------------------------
  Scanning loyaltyService for consumer tests...
[INFO] Scanning for projects...
[INFO] 
[INFO] --------------------< com.example:loyalty-service >---------------------
[INFO] Building loyalty-service 1.0-SNAPSHOT
[INFO]   from pom.xml
[INFO] --------------------------------[ jar ]---------------------------------
[INFO] 
[INFO] --- clean:3.2.0:clean (default-clean) @ loyalty-service ---
[INFO] Deleting /usr/src/mymaven/target
[INFO] 
[INFO] --- jacoco:0.8.11:prepare-agent (default) @ loyalty-service ---
[INFO] argLine set to -javaagent:/root/.m2/repository/org/jacoco/org.jacoco.agent/0.8.11/org.jacoco.agent-0.8.11-runtime.jar=destfile=/usr/src/mymaven/target/jacoco.exec
[INFO] 
[INFO] --- resources:3.3.1:resources (default-resources) @ loyalty-service ---
[INFO] skip non existing resourceDirectory /usr/src/mymaven/src/main/resources
[INFO] 
[INFO] --- compiler:3.11.0:compile (default-compile) @ loyalty-service ---
[INFO] Changes detected - recompiling the module! :source
[INFO] Compiling 8 source files with javac [debug target 21] to target/classes
[INFO] /usr/src/mymaven/src/main/java/com/example/loyalty/SecurityFilter.java: /usr/src/mymaven/src/main/java/com/example/loyalty/SecurityFilter.java uses or overrides a deprecated API.
[INFO] /usr/src/mymaven/src/main/java/com/example/loyalty/SecurityFilter.java: Recompile with -Xlint:deprecation for details.
[INFO] /usr/src/mymaven/src/main/java/com/example/loyalty/SecurityFilter.java: /usr/src/mymaven/src/main/java/com/example/loyalty/SecurityFilter.java uses unchecked or unsafe operations.
[INFO] /usr/src/mymaven/src/main/java/com/example/loyalty/SecurityFilter.java: Recompile with -Xlint:unchecked for details.
[INFO] 
[INFO] --- resources:3.3.1:testResources (default-testResources) @ loyalty-service ---
[INFO] skip non existing resourceDirectory /usr/src/mymaven/src/test/resources
[INFO] 
[INFO] --- compiler:3.11.0:testCompile (default-testCompile) @ loyalty-service ---
[INFO] Changes detected - recompiling the module! :dependency
[INFO] Compiling 4 source files with javac [debug target 21] to target/test-classes
[INFO] 
[INFO] --- surefire:3.2.3:test (default-test) @ loyalty-service ---
[INFO] Using auto detected provider org.apache.maven.surefire.junitplatform.JUnitPlatformProvider
[INFO] 
[INFO] -------------------------------------------------------
[INFO]  T E S T S
[INFO] -------------------------------------------------------
[INFO] 
[INFO] Results:
[INFO] 
[INFO] Tests run: 0, Failures: 0, Errors: 0, Skipped: 0
[INFO] 
[INFO] 
[INFO] --- jacoco:0.8.11:report (report) @ loyalty-service ---
[INFO] Loading execution data file /usr/src/mymaven/target/jacoco.exec
[INFO] Analyzed bundle 'loyalty-service' with 9 classes
[INFO] ------------------------------------------------------------------------
[INFO] BUILD SUCCESS
[INFO] ------------------------------------------------------------------------
[INFO] Total time:  2.671 s
[INFO] Finished at: 2026-01-06T20:52:58Z
[INFO] ------------------------------------------------------------------------
Phase 2: Verifying Contracts (Provider Tests)...
  Scanning webshop for provider tests...
[INFO] Scanning for projects...
[INFO] 
[INFO] ------------------------< com.example:webshop >-------------------------
[INFO] Building webshop 1.0-SNAPSHOT
[INFO]   from pom.xml
[INFO] --------------------------------[ jar ]---------------------------------
[INFO] 
[INFO] --- clean:3.2.0:clean (default-clean) @ webshop ---
[INFO] Deleting /usr/src/mymaven/target
[INFO] 
[INFO] --- jacoco:0.8.11:prepare-agent (default) @ webshop ---
[INFO] argLine set to -javaagent:/root/.m2/repository/org/jacoco/org.jacoco.agent/0.8.11/org.jacoco.agent-0.8.11-runtime.jar=destfile=/usr/src/mymaven/target/jacoco.exec
[INFO] 
[INFO] --- resources:3.3.1:resources (default-resources) @ webshop ---
[INFO] Copying 1 resource from src/main/resources to target/classes
[INFO] 
[INFO] --- compiler:3.11.0:compile (default-compile) @ webshop ---
[INFO] Changes detected - recompiling the module! :source
[INFO] Compiling 13 source files with javac [debug target 21] to target/classes
[INFO] /usr/src/mymaven/src/main/java/com/example/webshop/SecurityFilter.java: /usr/src/mymaven/src/main/java/com/example/webshop/SecurityFilter.java uses or overrides a deprecated API.
[INFO] /usr/src/mymaven/src/main/java/com/example/webshop/SecurityFilter.java: Recompile with -Xlint:deprecation for details.
[INFO] 
[INFO] --- resources:3.3.1:testResources (default-testResources) @ webshop ---
[INFO] skip non existing resourceDirectory /usr/src/mymaven/src/test/resources
[INFO] 
[INFO] --- compiler:3.11.0:testCompile (default-testCompile) @ webshop ---
[INFO] Changes detected - recompiling the module! :dependency
[INFO] Compiling 4 source files with javac [debug target 21] to target/test-classes
[INFO] 
[INFO] --- surefire:3.2.3:test (default-test) @ webshop ---
[INFO] Using auto detected provider org.apache.maven.surefire.junitplatform.JUnitPlatformProvider
[INFO] 
[INFO] -------------------------------------------------------
[INFO]  T E S T S
[INFO] -------------------------------------------------------
[INFO] Running com.example.webshop.WebshopPactProviderTest
Test Server started on port 8080
[main] INFO au.com.dius.pact.provider.junit5.PactVerificationStateChangeExtension$Companion - Invoking state change method 'Webshop is up':SETUP

Verifying a pact between WarehouseService and WebshopService
  [Using File ../pacts/WarehouseService-WebshopService.json]
  Given Webshop is up
  A request to sync stock

  Comments:

[Thread-4] WARN au.com.dius.pact.core.support.Metrics - 
            Please note: we are tracking events anonymously to gather important usage statistics like JVM version
            and operating system. To disable tracking, set the 'pact_do_not_track' system property or environment
            variable to 'true'.
            
Stock Sync received: {"pmId":1,"stock":50}
Mock Repository: Updated stock for PM ID 1 to 50
    returns a response which
      has status code 200 (OK)
[main] WARN au.com.dius.pact.provider.DefaultTestResultAccumulator - Skipping publishing of verification results as it has been disabled (pact.verifier.publishResults is not 'true')
      has a matching body (OK)
[main] INFO au.com.dius.pact.provider.junit5.PactVerificationStateChangeExtension$Companion - Invoking state change method 'Webshop is up':SETUP

Verifying a pact between ProductManagementSystem and WebshopService
  [Using File ../pacts/ProductManagementSystem-WebshopService.json]
  Given Webshop is up
  A request to sync a product

  Comments:

ProductSyncController received POST request
Received JSON: {"description":"A book about Pact","id":1,"name":"Pact Book","price":29.99,"type":"Book","unit":"pcs"}
Parsed Product: Product{id=0, pmId=1, name='Pact Book', price=29.99 pcs, stock=0}
Mock Repository: Upserted product Pact Book
    returns a response which
      has status code 200 (OK)
      has a matching body (OK)
[main] WARN au.com.dius.pact.provider.DefaultTestResultAccumulator - Skipping publishing of verification results as it has been disabled (pact.verifier.publishResults is not 'true')
[INFO] Tests run: 2, Failures: 0, Errors: 0, Skipped: 0, Time elapsed: 1.534 s -- in com.example.webshop.WebshopPactProviderTest
[INFO] 
[INFO] Results:
[INFO] 
[INFO] Tests run: 2, Failures: 0, Errors: 0, Skipped: 0
[INFO] 
[INFO] 
[INFO] --- jacoco:0.8.11:report (report) @ webshop ---
[INFO] Loading execution data file /usr/src/mymaven/target/jacoco.exec
[INFO] Analyzed bundle 'webshop' with 13 classes
[INFO] ------------------------------------------------------------------------
[INFO] BUILD SUCCESS
[INFO] ------------------------------------------------------------------------
[INFO] Total time:  4.527 s
[INFO] Finished at: 2026-01-06T20:53:04Z
[INFO] ------------------------------------------------------------------------
  Scanning productManagementSystem for provider tests...
[INFO] Scanning for projects...
[INFO] 
[INFO] ----------------< com.example:productManagementSystem >-----------------
[INFO] Building productManagementSystem 1.0-SNAPSHOT
[INFO]   from pom.xml
[INFO] --------------------------------[ jar ]---------------------------------
[INFO] 
[INFO] --- clean:3.2.0:clean (default-clean) @ productManagementSystem ---
[INFO] Deleting /usr/src/mymaven/target
[INFO] 
[INFO] --- jacoco:0.8.11:prepare-agent (default) @ productManagementSystem ---
[INFO] argLine set to -javaagent:/root/.m2/repository/org/jacoco/org.jacoco.agent/0.8.11/org.jacoco.agent-0.8.11-runtime.jar=destfile=/usr/src/mymaven/target/jacoco.exec
[INFO] 
[INFO] --- resources:3.3.1:resources (default-resources) @ productManagementSystem ---
[INFO] Copying 1 resource from src/main/resources to target/classes
[INFO] 
[INFO] --- compiler:3.11.0:compile (default-compile) @ productManagementSystem ---
[INFO] Changes detected - recompiling the module! :source
[INFO] Compiling 9 source files with javac [debug target 21] to target/classes
[INFO] /usr/src/mymaven/src/main/java/com/example/productmanagement/SecurityFilter.java: /usr/src/mymaven/src/main/java/com/example/productmanagement/SecurityFilter.java uses or overrides a deprecated API.
[INFO] /usr/src/mymaven/src/main/java/com/example/productmanagement/SecurityFilter.java: Recompile with -Xlint:deprecation for details.
[INFO] /usr/src/mymaven/src/main/java/com/example/productmanagement/SecurityFilter.java: /usr/src/mymaven/src/main/java/com/example/productmanagement/SecurityFilter.java uses unchecked or unsafe operations.
[INFO] /usr/src/mymaven/src/main/java/com/example/productmanagement/SecurityFilter.java: Recompile with -Xlint:unchecked for details.
[INFO] 
[INFO] --- resources:3.3.1:testResources (default-testResources) @ productManagementSystem ---
[INFO] skip non existing resourceDirectory /usr/src/mymaven/src/test/resources
[INFO] 
[INFO] --- compiler:3.11.0:testCompile (default-testCompile) @ productManagementSystem ---
[INFO] Changes detected - recompiling the module! :dependency
[INFO] Compiling 3 source files with javac [debug target 21] to target/test-classes
[INFO] 
[INFO] --- surefire:3.2.3:test (default-test) @ productManagementSystem ---
[INFO] Using auto detected provider org.apache.maven.surefire.junitplatform.JUnitPlatformProvider
[INFO] 
[INFO] -------------------------------------------------------
[INFO]  T E S T S
[INFO] -------------------------------------------------------
[INFO] 
[INFO] Results:
[INFO] 
[INFO] Tests run: 0, Failures: 0, Errors: 0, Skipped: 0
[INFO] 
[INFO] 
[INFO] --- jacoco:0.8.11:report (report) @ productManagementSystem ---
[INFO] Loading execution data file /usr/src/mymaven/target/jacoco.exec
[INFO] Analyzed bundle 'productManagementSystem' with 9 classes
[INFO] ------------------------------------------------------------------------
[INFO] BUILD SUCCESS
[INFO] ------------------------------------------------------------------------
[INFO] Total time:  3.005 s
[INFO] Finished at: 2026-01-06T20:53:08Z
[INFO] ------------------------------------------------------------------------
  Scanning warehouse for provider tests...
[INFO] Scanning for projects...
[INFO] 
[INFO] -----------------------< com.example:warehouse >------------------------
[INFO] Building warehouse 1.0-SNAPSHOT
[INFO]   from pom.xml
[INFO] --------------------------------[ jar ]---------------------------------
[INFO] 
[INFO] --- clean:3.2.0:clean (default-clean) @ warehouse ---
[INFO] Deleting /usr/src/mymaven/target
[INFO] 
[INFO] --- jacoco:0.8.11:prepare-agent (default) @ warehouse ---
[INFO] argLine set to -javaagent:/root/.m2/repository/org/jacoco/org.jacoco.agent/0.8.11/org.jacoco.agent-0.8.11-runtime.jar=destfile=/usr/src/mymaven/target/jacoco.exec
[INFO] 
[INFO] --- resources:3.3.1:resources (default-resources) @ warehouse ---
[INFO] Copying 1 resource from src/main/resources to target/classes
[INFO] 
[INFO] --- compiler:3.11.0:compile (default-compile) @ warehouse ---
[INFO] Changes detected - recompiling the module! :source
[INFO] Compiling 19 source files with javac [debug target 21] to target/classes
[INFO] /usr/src/mymaven/src/main/java/com/example/warehouse/SecurityFilter.java: /usr/src/mymaven/src/main/java/com/example/warehouse/SecurityFilter.java uses or overrides a deprecated API.
[INFO] /usr/src/mymaven/src/main/java/com/example/warehouse/SecurityFilter.java: Recompile with -Xlint:deprecation for details.
[INFO] /usr/src/mymaven/src/main/java/com/example/warehouse/SecurityFilter.java: /usr/src/mymaven/src/main/java/com/example/warehouse/SecurityFilter.java uses unchecked or unsafe operations.
[INFO] /usr/src/mymaven/src/main/java/com/example/warehouse/SecurityFilter.java: Recompile with -Xlint:unchecked for details.
[INFO] 
[INFO] --- resources:3.3.1:testResources (default-testResources) @ warehouse ---
[INFO] skip non existing resourceDirectory /usr/src/mymaven/src/test/resources
[INFO] 
[INFO] --- compiler:3.11.0:testCompile (default-testCompile) @ warehouse ---
[INFO] Changes detected - recompiling the module! :dependency
[INFO] Compiling 3 source files with javac [debug target 21] to target/test-classes
[INFO] /usr/src/mymaven/src/test/java/com/example/warehouse/StockServiceTest.java: /usr/src/mymaven/src/test/java/com/example/warehouse/StockServiceTest.java uses unchecked or unsafe operations.
[INFO] /usr/src/mymaven/src/test/java/com/example/warehouse/StockServiceTest.java: Recompile with -Xlint:unchecked for details.
[INFO] 
[INFO] --- surefire:3.2.3:test (default-test) @ warehouse ---
[INFO] Using auto detected provider org.apache.maven.surefire.junitplatform.JUnitPlatformProvider
[INFO] 
[INFO] -------------------------------------------------------
[INFO]  T E S T S
[INFO] -------------------------------------------------------
[INFO] Running com.example.warehouse.WarehousePactProviderTest
StockService initialized with Webshop Stock API URL: null
Test Server started on port 8082
[main] INFO au.com.dius.pact.provider.junit5.PactVerificationStateChangeExtension$Companion - Invoking state change method 'Warehouse is up':SETUP

Verifying a pact between OrderService and WarehouseService
  [Using File ../pacts/OrderService-WarehouseService.json]
  Given Warehouse is up
  A request to fulfill an order

  Comments:

[Thread-4] WARN au.com.dius.pact.core.support.Metrics - 
            Please note: we are tracking events anonymously to gather important usage statistics like JVM version
            and operating system. To disable tracking, set the 'pact_do_not_track' system property or environment
            variable to 'true'.
            
Fulfillment request received: {"orderId":123}
Mock Repository: Created fulfillment order 123
    returns a response which
      has status code 200 (OK)
      has a matching body (OK)
[main] WARN au.com.dius.pact.provider.DefaultTestResultAccumulator - Not all of the 2 were verified. The following were missing:
[main] WARN au.com.dius.pact.provider.DefaultTestResultAccumulator -     A request to reserve stock
[main] INFO au.com.dius.pact.provider.junit5.PactVerificationStateChangeExtension$Companion - Invoking state change method 'Warehouse is up':SETUP

Verifying a pact between OrderService and WarehouseService
  [Using File ../pacts/OrderService-WarehouseService.json]
  Given Warehouse is up
  A request to reserve stock

  Comments:

Stock Reservation received: {"productId":1,"quantity":2}
Mock Repository: Reserved 2 of product 1
Mock Service: Synced stock 100 for PM ID 1
    returns a response which
      has status code 200 (OK)
      has a matching body (OK)
[main] WARN au.com.dius.pact.provider.DefaultTestResultAccumulator - Skipping publishing of verification results as it has been disabled (pact.verifier.publishResults is not 'true')
[main] INFO au.com.dius.pact.provider.junit5.PactVerificationStateChangeExtension$Companion - Invoking state change method 'Warehouse is up':SETUP

Verifying a pact between ProductManagementSystem and WarehouseService
  [Using File ../pacts/ProductManagementSystem-WarehouseService.json]
  Given Warehouse is up
  A request to sync a product

  Comments:

Warehouse Sync received: {"id":1,"name":"Pact Book"}
Mock Repository: Upserted product Pact Book
    returns a response which
      has status code 200 (OK)
      has a matching body (OK)
[main] WARN au.com.dius.pact.provider.DefaultTestResultAccumulator - Skipping publishing of verification results as it has been disabled (pact.verifier.publishResults is not 'true')
[INFO] Tests run: 3, Failures: 0, Errors: 0, Skipped: 0, Time elapsed: 1.614 s -- in com.example.warehouse.WarehousePactProviderTest
[INFO] 
[INFO] Results:
[INFO] 
[INFO] Tests run: 3, Failures: 0, Errors: 0, Skipped: 0
[INFO] 
[INFO] 
[INFO] --- jacoco:0.8.11:report (report) @ warehouse ---
[INFO] Loading execution data file /usr/src/mymaven/target/jacoco.exec
[INFO] Analyzed bundle 'warehouse' with 19 classes
[INFO] ------------------------------------------------------------------------
[INFO] BUILD SUCCESS
[INFO] ------------------------------------------------------------------------
[INFO] Total time:  5.038 s
[INFO] Finished at: 2026-01-06T20:53:14Z
[INFO] ------------------------------------------------------------------------
  Scanning orderService for provider tests...
[INFO] Scanning for projects...
[INFO] 
[INFO] ----------------------< com.example:orderService >----------------------
[INFO] Building orderService 1.0-SNAPSHOT
[INFO]   from pom.xml
[INFO] --------------------------------[ jar ]---------------------------------
[INFO] 
[INFO] --- clean:3.2.0:clean (default-clean) @ orderService ---
[INFO] Deleting /usr/src/mymaven/target
[INFO] 
[INFO] --- jacoco:0.8.11:prepare-agent (default) @ orderService ---
[INFO] argLine set to -javaagent:/root/.m2/repository/org/jacoco/org.jacoco.agent/0.8.11/org.jacoco.agent-0.8.11-runtime.jar=destfile=/usr/src/mymaven/target/jacoco.exec
[INFO] 
[INFO] --- resources:3.3.1:resources (default-resources) @ orderService ---
[INFO] Copying 1 resource from src/main/resources to target/classes
[INFO] 
[INFO] --- compiler:3.11.0:compile (default-compile) @ orderService ---
[INFO] Changes detected - recompiling the module! :source
[INFO] Compiling 15 source files with javac [debug target 21] to target/classes
[INFO] /usr/src/mymaven/src/main/java/com/example/order/SecurityFilter.java: /usr/src/mymaven/src/main/java/com/example/order/SecurityFilter.java uses or overrides a deprecated API.
[INFO] /usr/src/mymaven/src/main/java/com/example/order/SecurityFilter.java: Recompile with -Xlint:deprecation for details.
[INFO] /usr/src/mymaven/src/main/java/com/example/order/SecurityFilter.java: /usr/src/mymaven/src/main/java/com/example/order/SecurityFilter.java uses unchecked or unsafe operations.
[INFO] /usr/src/mymaven/src/main/java/com/example/order/SecurityFilter.java: Recompile with -Xlint:unchecked for details.
[INFO] 
[INFO] --- resources:3.3.1:testResources (default-testResources) @ orderService ---
[INFO] skip non existing resourceDirectory /usr/src/mymaven/src/test/resources
[INFO] 
[INFO] --- compiler:3.11.0:testCompile (default-testCompile) @ orderService ---
[INFO] Changes detected - recompiling the module! :dependency
[INFO] Compiling 5 source files with javac [debug target 21] to target/test-classes
[INFO] 
[INFO] --- surefire:3.2.3:test (default-test) @ orderService ---
[INFO] Using auto detected provider org.apache.maven.surefire.junitplatform.JUnitPlatformProvider
[INFO] 
[INFO] -------------------------------------------------------
[INFO]  T E S T S
[INFO] -------------------------------------------------------
[INFO] Running com.example.order.OrderPactProviderTest
OpenJDK 64-Bit Server VM warning: Sharing is only supported for boot loader classes because bootstrap classpath has been appended
WARNING: A Java agent has been loaded dynamically (/root/.m2/repository/net/bytebuddy/byte-buddy-agent/1.14.9/byte-buddy-agent-1.14.9.jar)
WARNING: If a serviceability tool is in use, please run with -XX:+EnableDynamicAgentLoading to hide this warning
WARNING: If a serviceability tool is not in use, please run with -Djdk.instrument.traceUsage for more information
WARNING: Dynamic loading of agents will be disallowed by default in a future release
Test Server started on port 8083
[main] INFO au.com.dius.pact.provider.junit5.PactVerificationStateChangeExtension$Companion - Invoking state change method 'Order Service is up':SETUP

Verifying a pact between WebshopService and OrderService
  [Using File ../pacts/WebshopService-OrderService.json]
  Given Order Service is up
  A request to create an order

  Comments:

[Thread-4] WARN au.com.dius.pact.core.support.Metrics - 
            Please note: we are tracking events anonymously to gather important usage statistics like JVM version
            and operating system. To disable tracking, set the 'pact_do_not_track' system property or environment
            variable to 'true'.
            
Received Order: {"customerName":"John Doe","items":[{"productId":1,"quantity":2}]}
Mock Repository: Created order John Doe
Mock Repository: Updated status for order 123 to PENDING_CONFIRMATION
OrderController: Returning 201 Created
    returns a response which
      has status code 201 (OK)
      has a matching body (OK)
[main] WARN au.com.dius.pact.provider.DefaultTestResultAccumulator - Skipping publishing of verification results as it has been disabled (pact.verifier.publishResults is not 'true')
[main] INFO au.com.dius.pact.provider.junit5.PactVerificationStateChangeExtension$Companion - Invoking state change method 'Order Service is up':SETUP

Verifying a pact between Webshop and OrderService
  [Using File ../pacts/Webshop-OrderService.json]
  Given Order Service is up
  A request to create an order

  Comments:

Received Order: {"customerName":"John Doe","items":[{"productId":1,"quantity":2}]}
Mock Repository: Created order John Doe
Mock Repository: Updated status for order 123 to PENDING_CONFIRMATION
OrderController: Returning 201 Created
    returns a response which
      has status code 201 (OK)
      has a matching body (OK)
[main] WARN au.com.dius.pact.provider.DefaultTestResultAccumulator - Not all of the 2 were verified. The following were missing:
[main] WARN au.com.dius.pact.provider.DefaultTestResultAccumulator -     A request to get orders for a customer
[main] INFO au.com.dius.pact.provider.junit5.PactVerificationStateChangeExtension$Companion - Invoking state change method 'Orders exist for customer':SETUP

Verifying a pact between Webshop and OrderService
  [Using File ../pacts/Webshop-OrderService.json]
  Given Orders exist for customer
  A request to get orders for a customer

  Comments:

    returns a response which
      has status code 200 (OK)
      has a matching body (OK)
[main] WARN au.com.dius.pact.provider.DefaultTestResultAccumulator - Skipping publishing of verification results as it has been disabled (pact.verifier.publishResults is not 'true')
[INFO] Tests run: 3, Failures: 0, Errors: 0, Skipped: 0, Time elapsed: 2.914 s -- in com.example.order.OrderPactProviderTest
[INFO] 
[INFO] Results:
[INFO] 
[INFO] Tests run: 3, Failures: 0, Errors: 0, Skipped: 0
[INFO] 
[INFO] 
[INFO] --- jacoco:0.8.11:report (report) @ orderService ---
[INFO] Loading execution data file /usr/src/mymaven/target/jacoco.exec
[INFO] Analyzed bundle 'orderService' with 15 classes
[INFO] ------------------------------------------------------------------------
[INFO] BUILD SUCCESS
[INFO] ------------------------------------------------------------------------
[INFO] Total time:  6.393 s
[INFO] Finished at: 2026-01-06T20:53:22Z
[INFO] ------------------------------------------------------------------------
  Scanning loyaltyService for provider tests...
[INFO] Scanning for projects...
[INFO] 
[INFO] --------------------< com.example:loyalty-service >---------------------
[INFO] Building loyalty-service 1.0-SNAPSHOT
[INFO]   from pom.xml
[INFO] --------------------------------[ jar ]---------------------------------
[INFO] 
[INFO] --- clean:3.2.0:clean (default-clean) @ loyalty-service ---
[INFO] Deleting /usr/src/mymaven/target
[INFO] 
[INFO] --- jacoco:0.8.11:prepare-agent (default) @ loyalty-service ---
[INFO] argLine set to -javaagent:/root/.m2/repository/org/jacoco/org.jacoco.agent/0.8.11/org.jacoco.agent-0.8.11-runtime.jar=destfile=/usr/src/mymaven/target/jacoco.exec
[INFO] 
[INFO] --- resources:3.3.1:resources (default-resources) @ loyalty-service ---
[INFO] skip non existing resourceDirectory /usr/src/mymaven/src/main/resources
[INFO] 
[INFO] --- compiler:3.11.0:compile (default-compile) @ loyalty-service ---
[INFO] Changes detected - recompiling the module! :source
[INFO] Compiling 8 source files with javac [debug target 21] to target/classes
[INFO] /usr/src/mymaven/src/main/java/com/example/loyalty/SecurityFilter.java: /usr/src/mymaven/src/main/java/com/example/loyalty/SecurityFilter.java uses or overrides a deprecated API.
[INFO] /usr/src/mymaven/src/main/java/com/example/loyalty/SecurityFilter.java: Recompile with -Xlint:deprecation for details.
[INFO] /usr/src/mymaven/src/main/java/com/example/loyalty/SecurityFilter.java: /usr/src/mymaven/src/main/java/com/example/loyalty/SecurityFilter.java uses unchecked or unsafe operations.
[INFO] /usr/src/mymaven/src/main/java/com/example/loyalty/SecurityFilter.java: Recompile with -Xlint:unchecked for details.
[INFO] 
[INFO] --- resources:3.3.1:testResources (default-testResources) @ loyalty-service ---
[INFO] skip non existing resourceDirectory /usr/src/mymaven/src/test/resources
[INFO] 
[INFO] --- compiler:3.11.0:testCompile (default-testCompile) @ loyalty-service ---
[INFO] Changes detected - recompiling the module! :dependency
[INFO] Compiling 4 source files with javac [debug target 21] to target/test-classes
[INFO] 
[INFO] --- surefire:3.2.3:test (default-test) @ loyalty-service ---
[INFO] Using auto detected provider org.apache.maven.surefire.junitplatform.JUnitPlatformProvider
[INFO] 
[INFO] -------------------------------------------------------
[INFO]  T E S T S
[INFO] -------------------------------------------------------
[INFO] Running com.example.loyalty.LoyaltyPactProviderTest
WARNING: A Java agent has been loaded dynamically (/root/.m2/repository/net/bytebuddy/byte-buddy-agent/1.14.9/byte-buddy-agent-1.14.9.jar)
WARNING: If a serviceability tool is in use, please run with -XX:+EnableDynamicAgentLoading to hide this warning
WARNING: If a serviceability tool is not in use, please run with -Djdk.instrument.traceUsage for more information
WARNING: Dynamic loading of agents will be disallowed by default in a future release
OpenJDK 64-Bit Server VM warning: Sharing is only supported for boot loader classes because bootstrap classpath has been appended
Test Server started on port 8084
[main] INFO au.com.dius.pact.provider.junit5.PactVerificationStateChangeExtension$Companion - Invoking state change method 'Loyalty Service is up':SETUP

Verifying a pact between Webshop and LoyaltyService
  [Using File ../pacts/Webshop-LoyaltyService.json]
  Given Loyalty Service is up
  A request to get loyalty balance

  Comments:

[Thread-4] WARN au.com.dius.pact.core.support.Metrics - 
            Please note: we are tracking events anonymously to gather important usage statistics like JVM version
            and operating system. To disable tracking, set the 'pact_do_not_track' system property or environment
            variable to 'true'.
            
LoyaltyController received GET /api/loyalty/balance/user2
    returns a response which
      has status code 200 (OK)
      has a matching body (OK)
[main] WARN au.com.dius.pact.provider.DefaultTestResultAccumulator - Skipping publishing of verification results as it has been disabled (pact.verifier.publishResults is not 'true')

Verifying a pact between OrderService and LoyaltyService
  [Using File ../pacts/OrderService-LoyaltyService.json]
  A request to redeem points

  Comments:

LoyaltyController received POST /api/loyalty/redeem
    returns a response which
      has status code 200 (OK)
      has a matching body (OK)
[main] WARN au.com.dius.pact.provider.DefaultTestResultAccumulator - Not all of the 2 were verified. The following were missing:
[main] WARN au.com.dius.pact.provider.DefaultTestResultAccumulator -     A request to accrue points
[main] INFO au.com.dius.pact.provider.junit5.PactVerificationStateChangeExtension$Companion - Invoking state change method 'Loyalty Service is up':SETUP

Verifying a pact between OrderService and LoyaltyService
  [Using File ../pacts/OrderService-LoyaltyService.json]
  Given Loyalty Service is up
  A request to accrue points

  Comments:

LoyaltyController received POST /api/loyalty/accrue
    returns a response which
      has status code 200 (OK)
      has a matching body (OK)
[main] WARN au.com.dius.pact.provider.DefaultTestResultAccumulator - Skipping publishing of verification results as it has been disabled (pact.verifier.publishResults is not 'true')
[INFO] Tests run: 3, Failures: 0, Errors: 0, Skipped: 0, Time elapsed: 3.033 s -- in com.example.loyalty.LoyaltyPactProviderTest
[INFO] 
[INFO] Results:
[INFO] 
[INFO] Tests run: 3, Failures: 0, Errors: 0, Skipped: 0
[INFO] 
[INFO] 
[INFO] --- jacoco:0.8.11:report (report) @ loyalty-service ---
[INFO] Loading execution data file /usr/src/mymaven/target/jacoco.exec
[INFO] Analyzed bundle 'loyalty-service' with 9 classes
[INFO] ------------------------------------------------------------------------
[INFO] BUILD SUCCESS
[INFO] ------------------------------------------------------------------------
[INFO] Total time:  5.871 s
[INFO] Finished at: 2026-01-06T20:53:29Z
[INFO] ------------------------------------------------------------------------
✅ Contract Validation Passed.

--- Preparing for Runtime Validations ---
Setting up Certificates...
✅ mkcert found. Generating trusted certificates...
The local CA is already installed in the system trust store! 👍
Warning: "certutil" is not available, so the CA can't be automatically installed in Firefox and/or Chrome/Chromium! ⚠️
Install "certutil" with "apt install libnss3-tools" and re-run "mkcert -install" 👈

Note: the local CA is not installed in the Firefox and/or Chrome/Chromium trust store.
Run "mkcert -install" for certificates to be trusted automatically ⚠️

Created a new certificate valid for the following names 📜
 - "localhost"
 - "127.0.0.1"
 - "::1"

The certificate is at "/home/roland/Good Project/infrastructure/nginx/certs/localhost.pem" and the key at "/home/roland/Good Project/infrastructure/nginx/certs/localhost-key.pem" ✅

It will expire on 6 April 2028 🗓

Certificates generated in /home/roland/Good Project/infrastructure/nginx/certs
Compiling Webshop application...
[INFO] Scanning for projects...
[INFO] 
[INFO] ------------------------< com.example:webshop >-------------------------
[INFO] Building webshop 1.0-SNAPSHOT
[INFO]   from pom.xml
[INFO] --------------------------------[ jar ]---------------------------------
[INFO] 
[INFO] --- clean:3.2.0:clean (default-clean) @ webshop ---
[INFO] Deleting /usr/src/mymaven/target
[INFO] 
[INFO] --- jacoco:0.8.11:prepare-agent (default) @ webshop ---
[INFO] argLine set to -javaagent:/root/.m2/repository/org/jacoco/org.jacoco.agent/0.8.11/org.jacoco.agent-0.8.11-runtime.jar=destfile=/usr/src/mymaven/target/jacoco.exec
[INFO] 
[INFO] --- resources:3.3.1:resources (default-resources) @ webshop ---
[INFO] Copying 1 resource from src/main/resources to target/classes
[INFO] 
[INFO] --- compiler:3.11.0:compile (default-compile) @ webshop ---
[INFO] Changes detected - recompiling the module! :source
[INFO] Compiling 13 source files with javac [debug target 21] to target/classes
[INFO] /usr/src/mymaven/src/main/java/com/example/webshop/SecurityFilter.java: /usr/src/mymaven/src/main/java/com/example/webshop/SecurityFilter.java uses or overrides a deprecated API.
[INFO] /usr/src/mymaven/src/main/java/com/example/webshop/SecurityFilter.java: Recompile with -Xlint:deprecation for details.
[INFO] 
[INFO] --- resources:3.3.1:testResources (default-testResources) @ webshop ---
[INFO] skip non existing resourceDirectory /usr/src/mymaven/src/test/resources
[INFO] 
[INFO] --- compiler:3.11.0:testCompile (default-testCompile) @ webshop ---
[INFO] Changes detected - recompiling the module! :dependency
[INFO] Compiling 4 source files with javac [debug target 21] to target/test-classes
[INFO] 
[INFO] --- surefire:3.2.3:test (default-test) @ webshop ---
[INFO] Tests are skipped.
[INFO] 
[INFO] --- jacoco:0.8.11:report (report) @ webshop ---
[INFO] Skipping JaCoCo execution due to missing execution data file.
[INFO] 
[INFO] --- jar:3.3.0:jar (default-jar) @ webshop ---
[INFO] Building jar: /usr/src/mymaven/target/webshop-1.0-SNAPSHOT.jar
[INFO] 
[INFO] --- assembly:3.3.0:single (default) @ webshop ---
[INFO] Building jar: /usr/src/mymaven/target/webshop-1.0-SNAPSHOT-jar-with-dependencies.jar
[INFO] ------------------------------------------------------------------------
[INFO] BUILD SUCCESS
[INFO] ------------------------------------------------------------------------
[INFO] Total time:  4.426 s
[INFO] Finished at: 2026-01-06T20:53:35Z
[INFO] ------------------------------------------------------------------------
Compiling Product Management application...
[INFO] Scanning for projects...
[INFO] 
[INFO] ----------------< com.example:productManagementSystem >-----------------
[INFO] Building productManagementSystem 1.0-SNAPSHOT
[INFO]   from pom.xml
[INFO] --------------------------------[ jar ]---------------------------------
[INFO] 
[INFO] --- clean:3.2.0:clean (default-clean) @ productManagementSystem ---
[INFO] Deleting /usr/src/mymaven/target
[INFO] 
[INFO] --- jacoco:0.8.11:prepare-agent (default) @ productManagementSystem ---
[INFO] argLine set to -javaagent:/root/.m2/repository/org/jacoco/org.jacoco.agent/0.8.11/org.jacoco.agent-0.8.11-runtime.jar=destfile=/usr/src/mymaven/target/jacoco.exec
[INFO] 
[INFO] --- resources:3.3.1:resources (default-resources) @ productManagementSystem ---
[INFO] Copying 1 resource from src/main/resources to target/classes
[INFO] 
[INFO] --- compiler:3.11.0:compile (default-compile) @ productManagementSystem ---
[INFO] Changes detected - recompiling the module! :source
[INFO] Compiling 9 source files with javac [debug target 21] to target/classes
[INFO] /usr/src/mymaven/src/main/java/com/example/productmanagement/SecurityFilter.java: /usr/src/mymaven/src/main/java/com/example/productmanagement/SecurityFilter.java uses or overrides a deprecated API.
[INFO] /usr/src/mymaven/src/main/java/com/example/productmanagement/SecurityFilter.java: Recompile with -Xlint:deprecation for details.
[INFO] /usr/src/mymaven/src/main/java/com/example/productmanagement/SecurityFilter.java: /usr/src/mymaven/src/main/java/com/example/productmanagement/SecurityFilter.java uses unchecked or unsafe operations.
[INFO] /usr/src/mymaven/src/main/java/com/example/productmanagement/SecurityFilter.java: Recompile with -Xlint:unchecked for details.
[INFO] 
[INFO] --- resources:3.3.1:testResources (default-testResources) @ productManagementSystem ---
[INFO] skip non existing resourceDirectory /usr/src/mymaven/src/test/resources
[INFO] 
[INFO] --- compiler:3.11.0:testCompile (default-testCompile) @ productManagementSystem ---
[INFO] Changes detected - recompiling the module! :dependency
[INFO] Compiling 3 source files with javac [debug target 21] to target/test-classes
[INFO] 
[INFO] --- surefire:3.2.3:test (default-test) @ productManagementSystem ---
[INFO] Tests are skipped.
[INFO] 
[INFO] --- jacoco:0.8.11:report (report) @ productManagementSystem ---
[INFO] Skipping JaCoCo execution due to missing execution data file.
[INFO] 
[INFO] --- jar:3.3.0:jar (default-jar) @ productManagementSystem ---
[INFO] Building jar: /usr/src/mymaven/target/productManagementSystem-1.0-SNAPSHOT.jar
[INFO] 
[INFO] --- assembly:3.3.0:single (default) @ productManagementSystem ---
[INFO] Building jar: /usr/src/mymaven/target/productManagementSystem-1.0-SNAPSHOT-jar-with-dependencies.jar
[INFO] ------------------------------------------------------------------------
[INFO] BUILD SUCCESS
[INFO] ------------------------------------------------------------------------
[INFO] Total time:  3.964 s
[INFO] Finished at: 2026-01-06T20:53:40Z
[INFO] ------------------------------------------------------------------------
Compiling Warehouse Service...
[INFO] Scanning for projects...
[INFO] 
[INFO] -----------------------< com.example:warehouse >------------------------
[INFO] Building warehouse 1.0-SNAPSHOT
[INFO]   from pom.xml
[INFO] --------------------------------[ jar ]---------------------------------
[INFO] 
[INFO] --- clean:3.2.0:clean (default-clean) @ warehouse ---
[INFO] Deleting /usr/src/mymaven/target
[INFO] 
[INFO] --- jacoco:0.8.11:prepare-agent (default) @ warehouse ---
[INFO] argLine set to -javaagent:/root/.m2/repository/org/jacoco/org.jacoco.agent/0.8.11/org.jacoco.agent-0.8.11-runtime.jar=destfile=/usr/src/mymaven/target/jacoco.exec
[INFO] 
[INFO] --- resources:3.3.1:resources (default-resources) @ warehouse ---
[INFO] Copying 1 resource from src/main/resources to target/classes
[INFO] 
[INFO] --- compiler:3.11.0:compile (default-compile) @ warehouse ---
[INFO] Changes detected - recompiling the module! :source
[INFO] Compiling 19 source files with javac [debug target 21] to target/classes
[INFO] /usr/src/mymaven/src/main/java/com/example/warehouse/SecurityFilter.java: /usr/src/mymaven/src/main/java/com/example/warehouse/SecurityFilter.java uses or overrides a deprecated API.
[INFO] /usr/src/mymaven/src/main/java/com/example/warehouse/SecurityFilter.java: Recompile with -Xlint:deprecation for details.
[INFO] /usr/src/mymaven/src/main/java/com/example/warehouse/SecurityFilter.java: /usr/src/mymaven/src/main/java/com/example/warehouse/SecurityFilter.java uses unchecked or unsafe operations.
[INFO] /usr/src/mymaven/src/main/java/com/example/warehouse/SecurityFilter.java: Recompile with -Xlint:unchecked for details.
[INFO] 
[INFO] --- resources:3.3.1:testResources (default-testResources) @ warehouse ---
[INFO] skip non existing resourceDirectory /usr/src/mymaven/src/test/resources
[INFO] 
[INFO] --- compiler:3.11.0:testCompile (default-testCompile) @ warehouse ---
[INFO] Changes detected - recompiling the module! :dependency
[INFO] Compiling 3 source files with javac [debug target 21] to target/test-classes
[INFO] /usr/src/mymaven/src/test/java/com/example/warehouse/StockServiceTest.java: /usr/src/mymaven/src/test/java/com/example/warehouse/StockServiceTest.java uses unchecked or unsafe operations.
[INFO] /usr/src/mymaven/src/test/java/com/example/warehouse/StockServiceTest.java: Recompile with -Xlint:unchecked for details.
[INFO] 
[INFO] --- surefire:3.2.3:test (default-test) @ warehouse ---
[INFO] Tests are skipped.
[INFO] 
[INFO] --- jacoco:0.8.11:report (report) @ warehouse ---
[INFO] Skipping JaCoCo execution due to missing execution data file.
[INFO] 
[INFO] --- jar:3.3.0:jar (default-jar) @ warehouse ---
[INFO] Building jar: /usr/src/mymaven/target/warehouse-1.0-SNAPSHOT.jar
[INFO] 
[INFO] --- assembly:3.3.0:single (default) @ warehouse ---
[INFO] Building jar: /usr/src/mymaven/target/warehouse-1.0-SNAPSHOT-jar-with-dependencies.jar
[INFO] ------------------------------------------------------------------------
[INFO] BUILD SUCCESS
[INFO] ------------------------------------------------------------------------
[INFO] Total time:  4.157 s
[INFO] Finished at: 2026-01-06T20:53:45Z
[INFO] ------------------------------------------------------------------------
Compiling Order Service...
[INFO] Scanning for projects...
[INFO] 
[INFO] ----------------------< com.example:orderService >----------------------
[INFO] Building orderService 1.0-SNAPSHOT
[INFO]   from pom.xml
[INFO] --------------------------------[ jar ]---------------------------------
[INFO] 
[INFO] --- clean:3.2.0:clean (default-clean) @ orderService ---
[INFO] Deleting /usr/src/mymaven/target
[INFO] 
[INFO] --- jacoco:0.8.11:prepare-agent (default) @ orderService ---
[INFO] argLine set to -javaagent:/root/.m2/repository/org/jacoco/org.jacoco.agent/0.8.11/org.jacoco.agent-0.8.11-runtime.jar=destfile=/usr/src/mymaven/target/jacoco.exec
[INFO] 
[INFO] --- resources:3.3.1:resources (default-resources) @ orderService ---
[INFO] Copying 1 resource from src/main/resources to target/classes
[INFO] 
[INFO] --- compiler:3.11.0:compile (default-compile) @ orderService ---
[INFO] Changes detected - recompiling the module! :source
[INFO] Compiling 15 source files with javac [debug target 21] to target/classes
[INFO] /usr/src/mymaven/src/main/java/com/example/order/SecurityFilter.java: /usr/src/mymaven/src/main/java/com/example/order/SecurityFilter.java uses or overrides a deprecated API.
[INFO] /usr/src/mymaven/src/main/java/com/example/order/SecurityFilter.java: Recompile with -Xlint:deprecation for details.
[INFO] /usr/src/mymaven/src/main/java/com/example/order/SecurityFilter.java: /usr/src/mymaven/src/main/java/com/example/order/SecurityFilter.java uses unchecked or unsafe operations.
[INFO] /usr/src/mymaven/src/main/java/com/example/order/SecurityFilter.java: Recompile with -Xlint:unchecked for details.
[INFO] 
[INFO] --- resources:3.3.1:testResources (default-testResources) @ orderService ---
[INFO] skip non existing resourceDirectory /usr/src/mymaven/src/test/resources
[INFO] 
[INFO] --- compiler:3.11.0:testCompile (default-testCompile) @ orderService ---
[INFO] Changes detected - recompiling the module! :dependency
[INFO] Compiling 5 source files with javac [debug target 21] to target/test-classes
[INFO] 
[INFO] --- surefire:3.2.3:test (default-test) @ orderService ---
[INFO] Tests are skipped.
[INFO] 
[INFO] --- jacoco:0.8.11:report (report) @ orderService ---
[INFO] Skipping JaCoCo execution due to missing execution data file.
[INFO] 
[INFO] --- jar:3.3.0:jar (default-jar) @ orderService ---
[INFO] Building jar: /usr/src/mymaven/target/orderService-1.0-SNAPSHOT.jar
[INFO] 
[INFO] --- assembly:3.3.0:single (default) @ orderService ---
[INFO] Building jar: /usr/src/mymaven/target/orderService-1.0-SNAPSHOT-jar-with-dependencies.jar
[INFO] ------------------------------------------------------------------------
[INFO] BUILD SUCCESS
[INFO] ------------------------------------------------------------------------
[INFO] Total time:  3.965 s
[INFO] Finished at: 2026-01-06T20:53:50Z
[INFO] ------------------------------------------------------------------------
Compiling Loyalty Service...
[INFO] Scanning for projects...
[INFO] 
[INFO] --------------------< com.example:loyalty-service >---------------------
[INFO] Building loyalty-service 1.0-SNAPSHOT
[INFO]   from pom.xml
[INFO] --------------------------------[ jar ]---------------------------------
[INFO] 
[INFO] --- clean:3.2.0:clean (default-clean) @ loyalty-service ---
[INFO] Deleting /usr/src/mymaven/target
[INFO] 
[INFO] --- jacoco:0.8.11:prepare-agent (default) @ loyalty-service ---
[INFO] argLine set to -javaagent:/root/.m2/repository/org/jacoco/org.jacoco.agent/0.8.11/org.jacoco.agent-0.8.11-runtime.jar=destfile=/usr/src/mymaven/target/jacoco.exec
[INFO] 
[INFO] --- resources:3.3.1:resources (default-resources) @ loyalty-service ---
[INFO] skip non existing resourceDirectory /usr/src/mymaven/src/main/resources
[INFO] 
[INFO] --- compiler:3.11.0:compile (default-compile) @ loyalty-service ---
[INFO] Changes detected - recompiling the module! :source
[INFO] Compiling 8 source files with javac [debug target 21] to target/classes
[INFO] /usr/src/mymaven/src/main/java/com/example/loyalty/SecurityFilter.java: /usr/src/mymaven/src/main/java/com/example/loyalty/SecurityFilter.java uses or overrides a deprecated API.
[INFO] /usr/src/mymaven/src/main/java/com/example/loyalty/SecurityFilter.java: Recompile with -Xlint:deprecation for details.
[INFO] /usr/src/mymaven/src/main/java/com/example/loyalty/SecurityFilter.java: /usr/src/mymaven/src/main/java/com/example/loyalty/SecurityFilter.java uses unchecked or unsafe operations.
[INFO] /usr/src/mymaven/src/main/java/com/example/loyalty/SecurityFilter.java: Recompile with -Xlint:unchecked for details.
[INFO] 
[INFO] --- resources:3.3.1:testResources (default-testResources) @ loyalty-service ---
[INFO] skip non existing resourceDirectory /usr/src/mymaven/src/test/resources
[INFO] 
[INFO] --- compiler:3.11.0:testCompile (default-testCompile) @ loyalty-service ---
[INFO] Changes detected - recompiling the module! :dependency
[INFO] Compiling 4 source files with javac [debug target 21] to target/test-classes
[INFO] 
[INFO] --- surefire:3.2.3:test (default-test) @ loyalty-service ---
[INFO] Tests are skipped.
[INFO] 
[INFO] --- jacoco:0.8.11:report (report) @ loyalty-service ---
[INFO] Skipping JaCoCo execution due to missing execution data file.
[INFO] 
[INFO] --- jar:3.3.0:jar (default-jar) @ loyalty-service ---
[INFO] Building jar: /usr/src/mymaven/target/loyalty-service-1.0-SNAPSHOT.jar
[INFO] 
[INFO] --- assembly:3.3.0:single (default) @ loyalty-service ---
[INFO] Building jar: /usr/src/mymaven/target/loyalty-service-1.0-SNAPSHOT-jar-with-dependencies.jar
[INFO] ------------------------------------------------------------------------
[INFO] BUILD SUCCESS
[INFO] ------------------------------------------------------------------------
[INFO] Total time:  3.895 s
[INFO] Finished at: 2026-01-06T20:53:55Z
[INFO] ------------------------------------------------------------------------
2f44b6c33330a745a35603b859ca31216984e5901289d8441c77710cd345a215
Starting Webshop Database container...
Starting PM Database container...
Starting Warehouse Database container...
Starting Order Database container...
Starting Loyalty Database container...
Waiting for Databases to initialize (15s)...
Starting Keycloak container...
Starting Webshop server...
Starting Product Management server...
Starting Warehouse Service...
Starting Order Service...
Starting Loyalty Service...
Waiting 2 seconds for Docker DNS to propagate...
Starting Reverse Proxy (Nginx)...
Waiting for services to initialize (60s)...

--- Running: Runtime Validation (REQ-005) - HTTPS ---
Checking URL: https://localhost:8443/
Server returned status: 200
✅ Validation Passed.

--- Running: Runtime Validation (REQ-007) - HTTPS ---
Checking URL: https://localhost:8443/products
Server returned status: 200
Response body contains expected text: 'Classic T-Shirt'
✅ Validation Passed.

--- Running: Runtime Validation (REQ-014) - HTTPS (Secured) ---
Checking URL: https://localhost:8444/products
Server returned status: 302
✅ Validation Passed.

--- Running: Runtime Validation (REQ-031) - HTTPS (Secured) ---
Checking URL: https://localhost:8445/products
Server returned status: 302
✅ Validation Passed.

--- Running: Runtime Validation (REQ-034) - HTTPS (Secured) ---
Checking URL: https://localhost:8445/products
Server returned status: 302
✅ Validation Passed.

--- Running: Runtime Validation (Keycloak) - HTTPS ---
Checking URL: https://localhost:8446/
Server returned status: 200
Response body contains expected text: 'Welcome to Keycloak'
✅ Validation Passed.

--- Running: Runtime Validation (REQ-051) - HTTPS (Secured) ---
Checking URL: https://localhost:8447/
Server returned status: 200
Response body contains expected text: 'Order Service'
✅ Validation Passed.

--- Running: Runtime Validation (Loyalty) - HTTPS ---
Checking URL: https://localhost:8448/
Server returned status: 200
Response body contains expected text: 'Loyalty Admin Dashboard'
✅ Validation Passed.

--- Running: Functional Validation (Cypress) ---
Running Cypress tests against https://reverse-proxy:8444...
[STARTED] Task without title.
[SUCCESS] Task without title.

DevTools listening on ws://127.0.0.1:40149/devtools/browser/0295366f-7dd5-4b34-be7d-a570f5996961
[35mThe [33mexperimentalSessionAndOrigin[35m configuration option was removed in Cypress version 12.0.0.[39m
[35m[39m
[35mYou can safely remove this option from your config.[39m
[35m[39m
[35mhttps://on.cypress.io/session[39m
[35mhttps://on.cypress.io/origin[39m

[90m====================================================================================================[39m

[0m  ([4m[1mRun Starting[22m[24m)[0m

[90m  ┌[39m[90m─[39m[90m─[39m[90m─[39m[90m─[39m[90m─[39m[90m─[39m[90m─[39m[90m─[39m[90m─[39m[90m─[39m[90m─[39m[90m─[39m[90m─[39m[90m─[39m[90m─[39m[90m─[39m[90m─[39m[90m─[39m[90m─[39m[90m─[39m[90m─[39m[90m─[39m[90m─[39m[90m─[39m[90m─[39m[90m─[39m[90m─[39m[90m─[39m[90m─[39m[90m─[39m[90m─[39m[90m─[39m[90m─[39m[90m─[39m[90m─[39m[90m─[39m[90m─[39m[90m─[39m[90m─[39m[90m─[39m[90m─[39m[90m─[39m[90m─[39m[90m─[39m[90m─[39m[90m─[39m[90m─[39m[90m─[39m[90m─[39m[90m─[39m[90m─[39m[90m─[39m[90m─[39m[90m─[39m[90m─[39m[90m─[39m[90m─[39m[90m─[39m[90m─[39m[90m─[39m[90m─[39m[90m─[39m[90m─[39m[90m─[39m[90m─[39m[90m─[39m[90m─[39m[90m─[39m[90m─[39m[90m─[39m[90m─[39m[90m─[39m[90m─[39m[90m─[39m[90m─[39m[90m─[39m[90m─[39m[90m─[39m[90m─[39m[90m─[39m[90m─[39m[90m─[39m[90m─[39m[90m─[39m[90m─[39m[90m─[39m[90m─[39m[90m─[39m[90m─[39m[90m─[39m[90m─[39m[90m─[39m[90m─[39m[90m─[39m[90m─[39m[90m─[39m[90m┐[39m
[90m  │[39m [90mCypress:[39m        13.6.6                                                                         [90m│[39m
[90m  │[39m [90mBrowser:[39m        Chrome 121 [90m(headless)[39m                                                          [90m│[39m
[90m  │[39m [90mNode Version:[39m   [0mv20.11.0 [90m(/usr/local/bin/node)[39m[0m                                                 [90m│[39m
[90m  │[39m [90mSpecs:[39m          [0m16 found (loyalty_program.cy.js, navigation.cy.js, order_flow.cy.js, order_nav[0m [90m│[39m
[90m  │[39m                 [0migation.cy.js, pm_navigation.cy.js, product_crud.cy.js, product_sync.cy.js, pr[0m [90m│[39m
[90m  │[39m                 [0moduct_variations.cy.js, registration_flow.cy.js, security_and_errors.cy.js, sh[0m [90m│[39m
[90m  │[39m                 [0mopping_cart.cy.js, ware...)[0m                                                    [90m│[39m
[90m  │[39m [90mSearched:[39m       [0mcypress**/*.cy.{js,jsx,ts,tsx}[0m                                                 [90m│[39m
[90m  └[39m[90m─[39m[90m─[39m[90m─[39m[90m─[39m[90m─[39m[90m─[39m[90m─[39m[90m─[39m[90m─[39m[90m─[39m[90m─[39m[90m─[39m[90m─[39m[90m─[39m[90m─[39m[90m─[39m[90m─[39m[90m─[39m[90m─[39m[90m─[39m[90m─[39m[90m─[39m[90m─[39m[90m─[39m[90m─[39m[90m─[39m[90m─[39m[90m─[39m[90m─[39m[90m─[39m[90m─[39m[90m─[39m[90m─[39m[90m─[39m[90m─[39m[90m─[39m[90m─[39m[90m─[39m[90m─[39m[90m─[39m[90m─[39m[90m─[39m[90m─[39m[90m─[39m[90m─[39m[90m─[39m[90m─[39m[90m─[39m[90m─[39m[90m─[39m[90m─[39m[90m─[39m[90m─[39m[90m─[39m[90m─[39m[90m─[39m[90m─[39m[90m─[39m[90m─[39m[90m─[39m[90m─[39m[90m─[39m[90m─[39m[90m─[39m[90m─[39m[90m─[39m[90m─[39m[90m─[39m[90m─[39m[90m─[39m[90m─[39m[90m─[39m[90m─[39m[90m─[39m[90m─[39m[90m─[39m[90m─[39m[90m─[39m[90m─[39m[90m─[39m[90m─[39m[90m─[39m[90m─[39m[90m─[39m[90m─[39m[90m─[39m[90m─[39m[90m─[39m[90m─[39m[90m─[39m[90m─[39m[90m─[39m[90m─[39m[90m─[39m[90m─[39m[90m─[39m[90m┘[39m


[90m─[39m[90m─[39m[90m─[39m[90m─[39m[90m─[39m[90m─[39m[90m─[39m[90m─[39m[90m─[39m[90m─[39m[90m─[39m[90m─[39m[90m─[39m[90m─[39m[90m─[39m[90m─[39m[90m─[39m[90m─[39m[90m─[39m[90m─[39m[90m─[39m[90m─[39m[90m─[39m[90m─[39m[90m─[39m[90m─[39m[90m─[39m[90m─[39m[90m─[39m[90m─[39m[90m─[39m[90m─[39m[90m─[39m[90m─[39m[90m─[39m[90m─[39m[90m─[39m[90m─[39m[90m─[39m[90m─[39m[90m─[39m[90m─[39m[90m─[39m[90m─[39m[90m─[39m[90m─[39m[90m─[39m[90m─[39m[90m─[39m[90m─[39m[90m─[39m[90m─[39m[90m─[39m[90m─[39m[90m─[39m[90m─[39m[90m─[39m[90m─[39m[90m─[39m[90m─[39m[90m─[39m[90m─[39m[90m─[39m[90m─[39m[90m─[39m[90m─[39m[90m─[39m[90m─[39m[90m─[39m[90m─[39m[90m─[39m[90m─[39m[90m─[39m[90m─[39m[90m─[39m[90m─[39m[90m─[39m[90m─[39m[90m─[39m[90m─[39m[90m─[39m[90m─[39m[90m─[39m[90m─[39m[90m─[39m[90m─[39m[90m─[39m[90m─[39m[90m─[39m[90m─[39m[90m─[39m[90m─[39m[90m─[39m[90m─[39m[90m─[39m[90m─[39m[90m─[39m[90m─[39m[90m─[39m[90m─[39m
                                                                                                    
  Running:  [90mloyalty_program.cy.js[39m                                                          [90m(1 of 16)[39m

[0m[0m
[0m  Loyalty Program E2E[0m
  [32m  ✓[0m[90m Test 1: Earn and Burn Flow[0m[33m (10178ms)[0m
  [32m  ✓[0m[90m Test 2: Complex Rule Stacking[0m[90m (3648ms)[0m
  [32m  ✓[0m[90m Test 3: Admin Dashboards[0m[90m (1487ms)[0m


[92m [0m[32m 3 passing[0m[90m (17s)[0m


[32m  ([4m[1mResults[22m[24m)[39m

[90m  ┌[39m[90m─[39m[90m─[39m[90m─[39m[90m─[39m[90m─[39m[90m─[39m[90m─[39m[90m─[39m[90m─[39m[90m─[39m[90m─[39m[90m─[39m[90m─[39m[90m─[39m[90m─[39m[90m─[39m[90m─[39m[90m─[39m[90m─[39m[90m─[39m[90m─[39m[90m─[39m[90m─[39m[90m─[39m[90m─[39m[90m─[39m[90m─[39m[90m─[39m[90m─[39m[90m─[39m[90m─[39m[90m─[39m[90m─[39m[90m─[39m[90m─[39m[90m─[39m[90m─[39m[90m─[39m[90m─[39m[90m─[39m[90m─[39m[90m─[39m[90m─[39m[90m─[39m[90m─[39m[90m─[39m[90m─[39m[90m─[39m[90m─[39m[90m─[39m[90m─[39m[90m─[39m[90m─[39m[90m─[39m[90m─[39m[90m─[39m[90m─[39m[90m─[39m[90m─[39m[90m─[39m[90m─[39m[90m─[39m[90m─[39m[90m─[39m[90m─[39m[90m─[39m[90m─[39m[90m─[39m[90m─[39m[90m─[39m[90m─[39m[90m─[39m[90m─[39m[90m─[39m[90m─[39m[90m─[39m[90m─[39m[90m─[39m[90m─[39m[90m─[39m[90m─[39m[90m─[39m[90m─[39m[90m─[39m[90m─[39m[90m─[39m[90m─[39m[90m─[39m[90m─[39m[90m─[39m[90m─[39m[90m─[39m[90m─[39m[90m─[39m[90m─[39m[90m─[39m[90m┐[39m
[90m  │[39m [90mTests:[39m        [32m3[39m                                                                                [90m│[39m
[90m  │[39m [90mPassing:[39m      [32m3[39m                                                                                [90m│[39m
[90m  │[39m [90mFailing:[39m      [32m0[39m                                                                                [90m│[39m
[90m  │[39m [90mPending:[39m      [32m0[39m                                                                                [90m│[39m
[90m  │[39m [90mSkipped:[39m      [32m0[39m                                                                                [90m│[39m
[90m  │[39m [90mScreenshots:[39m  [32m0[39m                                                                                [90m│[39m
[90m  │[39m [90mVideo:[39m        [32mtrue[39m                                                                             [90m│[39m
[90m  │[39m [90mDuration:[39m     [32m16 seconds[39m                                                                       [90m│[39m
[90m  │[39m [90mSpec Ran:[39m     [32m[32mloyalty_program.cy.js[32m[39m                                                            [90m│[39m
[90m  └[39m[90m─[39m[90m─[39m[90m─[39m[90m─[39m[90m─[39m[90m─[39m[90m─[39m[90m─[39m[90m─[39m[90m─[39m[90m─[39m[90m─[39m[90m─[39m[90m─[39m[90m─[39m[90m─[39m[90m─[39m[90m─[39m[90m─[39m[90m─[39m[90m─[39m[90m─[39m[90m─[39m[90m─[39m[90m─[39m[90m─[39m[90m─[39m[90m─[39m[90m─[39m[90m─[39m[90m─[39m[90m─[39m[90m─[39m[90m─[39m[90m─[39m[90m─[39m[90m─[39m[90m─[39m[90m─[39m[90m─[39m[90m─[39m[90m─[39m[90m─[39m[90m─[39m[90m─[39m[90m─[39m[90m─[39m[90m─[39m[90m─[39m[90m─[39m[90m─[39m[90m─[39m[90m─[39m[90m─[39m[90m─[39m[90m─[39m[90m─[39m[90m─[39m[90m─[39m[90m─[39m[90m─[39m[90m─[39m[90m─[39m[90m─[39m[90m─[39m[90m─[39m[90m─[39m[90m─[39m[90m─[39m[90m─[39m[90m─[39m[90m─[39m[90m─[39m[90m─[39m[90m─[39m[90m─[39m[90m─[39m[90m─[39m[90m─[39m[90m─[39m[90m─[39m[90m─[39m[90m─[39m[90m─[39m[90m─[39m[90m─[39m[90m─[39m[90m─[39m[90m─[39m[90m─[39m[90m─[39m[90m─[39m[90m─[39m[90m─[39m[90m─[39m[90m─[39m[90m┘[39m


[36m  ([4m[1mVideo[22m[24m)[39m

  -  Video output: [36m/e2e/cypress/videos/loyalty_program.cy.js.mp4[39m


[90m─[39m[90m─[39m[90m─[39m[90m─[39m[90m─[39m[90m─[39m[90m─[39m[90m─[39m[90m─[39m[90m─[39m[90m─[39m[90m─[39m[90m─[39m[90m─[39m[90m─[39m[90m─[39m[90m─[39m[90m─[39m[90m─[39m[90m─[39m[90m─[39m[90m─[39m[90m─[39m[90m─[39m[90m─[39m[90m─[39m[90m─[39m[90m─[39m[90m─[39m[90m─[39m[90m─[39m[90m─[39m[90m─[39m[90m─[39m[90m─[39m[90m─[39m[90m─[39m[90m─[39m[90m─[39m[90m─[39m[90m─[39m[90m─[39m[90m─[39m[90m─[39m[90m─[39m[90m─[39m[90m─[39m[90m─[39m[90m─[39m[90m─[39m[90m─[39m[90m─[39m[90m─[39m[90m─[39m[90m─[39m[90m─[39m[90m─[39m[90m─[39m[90m─[39m[90m─[39m[90m─[39m[90m─[39m[90m─[39m[90m─[39m[90m─[39m[90m─[39m[90m─[39m[90m─[39m[90m─[39m[90m─[39m[90m─[39m[90m─[39m[90m─[39m[90m─[39m[90m─[39m[90m─[39m[90m─[39m[90m─[39m[90m─[39m[90m─[39m[90m─[39m[90m─[39m[90m─[39m[90m─[39m[90m─[39m[90m─[39m[90m─[39m[90m─[39m[90m─[39m[90m─[39m[90m─[39m[90m─[39m[90m─[39m[90m─[39m[90m─[39m[90m─[39m[90m─[39m[90m─[39m[90m─[39m[90m─[39m
                                                                                                    
  Running:  [90mnavigation.cy.js[39m                                                               [90m(2 of 16)[39m

[0m[0m
[0m  Navigation Links[0m
  [32m  ✓[0m[90m should navigate correctly in Webshop[0m[90m (144ms)[0m
  [32m  ✓[0m[90m should navigate correctly in Product Management[0m[90m (753ms)[0m
  [32m  ✓[0m[90m should navigate correctly in Warehouse[0m[90m (748ms)[0m


[92m [0m[32m 3 passing[0m[90m (5s)[0m


[32m  ([4m[1mResults[22m[24m)[39m

[90m  ┌[39m[90m─[39m[90m─[39m[90m─[39m[90m─[39m[90m─[39m[90m─[39m[90m─[39m[90m─[39m[90m─[39m[90m─[39m[90m─[39m[90m─[39m[90m─[39m[90m─[39m[90m─[39m[90m─[39m[90m─[39m[90m─[39m[90m─[39m[90m─[39m[90m─[39m[90m─[39m[90m─[39m[90m─[39m[90m─[39m[90m─[39m[90m─[39m[90m─[39m[90m─[39m[90m─[39m[90m─[39m[90m─[39m[90m─[39m[90m─[39m[90m─[39m[90m─[39m[90m─[39m[90m─[39m[90m─[39m[90m─[39m[90m─[39m[90m─[39m[90m─[39m[90m─[39m[90m─[39m[90m─[39m[90m─[39m[90m─[39m[90m─[39m[90m─[39m[90m─[39m[90m─[39m[90m─[39m[90m─[39m[90m─[39m[90m─[39m[90m─[39m[90m─[39m[90m─[39m[90m─[39m[90m─[39m[90m─[39m[90m─[39m[90m─[39m[90m─[39m[90m─[39m[90m─[39m[90m─[39m[90m─[39m[90m─[39m[90m─[39m[90m─[39m[90m─[39m[90m─[39m[90m─[39m[90m─[39m[90m─[39m[90m─[39m[90m─[39m[90m─[39m[90m─[39m[90m─[39m[90m─[39m[90m─[39m[90m─[39m[90m─[39m[90m─[39m[90m─[39m[90m─[39m[90m─[39m[90m─[39m[90m─[39m[90m─[39m[90m─[39m[90m─[39m[90m─[39m[90m┐[39m
[90m  │[39m [90mTests:[39m        [32m3[39m                                                                                [90m│[39m
[90m  │[39m [90mPassing:[39m      [32m3[39m                                                                                [90m│[39m
[90m  │[39m [90mFailing:[39m      [32m0[39m                                                                                [90m│[39m
[90m  │[39m [90mPending:[39m      [32m0[39m                                                                                [90m│[39m
[90m  │[39m [90mSkipped:[39m      [32m0[39m                                                                                [90m│[39m
[90m  │[39m [90mScreenshots:[39m  [32m0[39m                                                                                [90m│[39m
[90m  │[39m [90mVideo:[39m        [32mtrue[39m                                                                             [90m│[39m
[90m  │[39m [90mDuration:[39m     [32m4 seconds[39m                                                                        [90m│[39m
[90m  │[39m [90mSpec Ran:[39m     [32m[32mnavigation.cy.js[32m[39m                                                                 [90m│[39m
[90m  └[39m[90m─[39m[90m─[39m[90m─[39m[90m─[39m[90m─[39m[90m─[39m[90m─[39m[90m─[39m[90m─[39m[90m─[39m[90m─[39m[90m─[39m[90m─[39m[90m─[39m[90m─[39m[90m─[39m[90m─[39m[90m─[39m[90m─[39m[90m─[39m[90m─[39m[90m─[39m[90m─[39m[90m─[39m[90m─[39m[90m─[39m[90m─[39m[90m─[39m[90m─[39m[90m─[39m[90m─[39m[90m─[39m[90m─[39m[90m─[39m[90m─[39m[90m─[39m[90m─[39m[90m─[39m[90m─[39m[90m─[39m[90m─[39m[90m─[39m[90m─[39m[90m─[39m[90m─[39m[90m─[39m[90m─[39m[90m─[39m[90m─[39m[90m─[39m[90m─[39m[90m─[39m[90m─[39m[90m─[39m[90m─[39m[90m─[39m[90m─[39m[90m─[39m[90m─[39m[90m─[39m[90m─[39m[90m─[39m[90m─[39m[90m─[39m[90m─[39m[90m─[39m[90m─[39m[90m─[39m[90m─[39m[90m─[39m[90m─[39m[90m─[39m[90m─[39m[90m─[39m[90m─[39m[90m─[39m[90m─[39m[90m─[39m[90m─[39m[90m─[39m[90m─[39m[90m─[39m[90m─[39m[90m─[39m[90m─[39m[90m─[39m[90m─[39m[90m─[39m[90m─[39m[90m─[39m[90m─[39m[90m─[39m[90m─[39m[90m─[39m[90m─[39m[90m─[39m[90m┘[39m


[36m  ([4m[1mVideo[22m[24m)[39m

  -  Video output: [36m/e2e/cypress/videos/navigation.cy.js.mp4[39m


[90m─[39m[90m─[39m[90m─[39m[90m─[39m[90m─[39m[90m─[39m[90m─[39m[90m─[39m[90m─[39m[90m─[39m[90m─[39m[90m─[39m[90m─[39m[90m─[39m[90m─[39m[90m─[39m[90m─[39m[90m─[39m[90m─[39m[90m─[39m[90m─[39m[90m─[39m[90m─[39m[90m─[39m[90m─[39m[90m─[39m[90m─[39m[90m─[39m[90m─[39m[90m─[39m[90m─[39m[90m─[39m[90m─[39m[90m─[39m[90m─[39m[90m─[39m[90m─[39m[90m─[39m[90m─[39m[90m─[39m[90m─[39m[90m─[39m[90m─[39m[90m─[39m[90m─[39m[90m─[39m[90m─[39m[90m─[39m[90m─[39m[90m─[39m[90m─[39m[90m─[39m[90m─[39m[90m─[39m[90m─[39m[90m─[39m[90m─[39m[90m─[39m[90m─[39m[90m─[39m[90m─[39m[90m─[39m[90m─[39m[90m─[39m[90m─[39m[90m─[39m[90m─[39m[90m─[39m[90m─[39m[90m─[39m[90m─[39m[90m─[39m[90m─[39m[90m─[39m[90m─[39m[90m─[39m[90m─[39m[90m─[39m[90m─[39m[90m─[39m[90m─[39m[90m─[39m[90m─[39m[90m─[39m[90m─[39m[90m─[39m[90m─[39m[90m─[39m[90m─[39m[90m─[39m[90m─[39m[90m─[39m[90m─[39m[90m─[39m[90m─[39m[90m─[39m[90m─[39m[90m─[39m[90m─[39m[90m─[39m
                                                                                                    
  Running:  [90morder_flow.cy.js[39m                                                               [90m(3 of 16)[39m

[0m[0m
[0m  Order Flow[0m
  [32m  ✓[0m[90m should place an order, reduce stock, and show in order history[0m[33m (13381ms)[0m


[92m [0m[32m 1 passing[0m[90m (13s)[0m


[32m  ([4m[1mResults[22m[24m)[39m

[90m  ┌[39m[90m─[39m[90m─[39m[90m─[39m[90m─[39m[90m─[39m[90m─[39m[90m─[39m[90m─[39m[90m─[39m[90m─[39m[90m─[39m[90m─[39m[90m─[39m[90m─[39m[90m─[39m[90m─[39m[90m─[39m[90m─[39m[90m─[39m[90m─[39m[90m─[39m[90m─[39m[90m─[39m[90m─[39m[90m─[39m[90m─[39m[90m─[39m[90m─[39m[90m─[39m[90m─[39m[90m─[39m[90m─[39m[90m─[39m[90m─[39m[90m─[39m[90m─[39m[90m─[39m[90m─[39m[90m─[39m[90m─[39m[90m─[39m[90m─[39m[90m─[39m[90m─[39m[90m─[39m[90m─[39m[90m─[39m[90m─[39m[90m─[39m[90m─[39m[90m─[39m[90m─[39m[90m─[39m[90m─[39m[90m─[39m[90m─[39m[90m─[39m[90m─[39m[90m─[39m[90m─[39m[90m─[39m[90m─[39m[90m─[39m[90m─[39m[90m─[39m[90m─[39m[90m─[39m[90m─[39m[90m─[39m[90m─[39m[90m─[39m[90m─[39m[90m─[39m[90m─[39m[90m─[39m[90m─[39m[90m─[39m[90m─[39m[90m─[39m[90m─[39m[90m─[39m[90m─[39m[90m─[39m[90m─[39m[90m─[39m[90m─[39m[90m─[39m[90m─[39m[90m─[39m[90m─[39m[90m─[39m[90m─[39m[90m─[39m[90m─[39m[90m─[39m[90m─[39m[90m┐[39m
[90m  │[39m [90mTests:[39m        [32m1[39m                                                                                [90m│[39m
[90m  │[39m [90mPassing:[39m      [32m1[39m                                                                                [90m│[39m
[90m  │[39m [90mFailing:[39m      [32m0[39m                                                                                [90m│[39m
[90m  │[39m [90mPending:[39m      [32m0[39m                                                                                [90m│[39m
[90m  │[39m [90mSkipped:[39m      [32m0[39m                                                                                [90m│[39m
[90m  │[39m [90mScreenshots:[39m  [32m0[39m                                                                                [90m│[39m
[90m  │[39m [90mVideo:[39m        [32mtrue[39m                                                                             [90m│[39m
[90m  │[39m [90mDuration:[39m     [32m13 seconds[39m                                                                       [90m│[39m
[90m  │[39m [90mSpec Ran:[39m     [32m[32morder_flow.cy.js[32m[39m                                                                 [90m│[39m
[90m  └[39m[90m─[39m[90m─[39m[90m─[39m[90m─[39m[90m─[39m[90m─[39m[90m─[39m[90m─[39m[90m─[39m[90m─[39m[90m─[39m[90m─[39m[90m─[39m[90m─[39m[90m─[39m[90m─[39m[90m─[39m[90m─[39m[90m─[39m[90m─[39m[90m─[39m[90m─[39m[90m─[39m[90m─[39m[90m─[39m[90m─[39m[90m─[39m[90m─[39m[90m─[39m[90m─[39m[90m─[39m[90m─[39m[90m─[39m[90m─[39m[90m─[39m[90m─[39m[90m─[39m[90m─[39m[90m─[39m[90m─[39m[90m─[39m[90m─[39m[90m─[39m[90m─[39m[90m─[39m[90m─[39m[90m─[39m[90m─[39m[90m─[39m[90m─[39m[90m─[39m[90m─[39m[90m─[39m[90m─[39m[90m─[39m[90m─[39m[90m─[39m[90m─[39m[90m─[39m[90m─[39m[90m─[39m[90m─[39m[90m─[39m[90m─[39m[90m─[39m[90m─[39m[90m─[39m[90m─[39m[90m─[39m[90m─[39m[90m─[39m[90m─[39m[90m─[39m[90m─[39m[90m─[39m[90m─[39m[90m─[39m[90m─[39m[90m─[39m[90m─[39m[90m─[39m[90m─[39m[90m─[39m[90m─[39m[90m─[39m[90m─[39m[90m─[39m[90m─[39m[90m─[39m[90m─[39m[90m─[39m[90m─[39m[90m─[39m[90m─[39m[90m─[39m[90m─[39m[90m┘[39m


[36m  ([4m[1mVideo[22m[24m)[39m

  -  Video output: [36m/e2e/cypress/videos/order_flow.cy.js.mp4[39m


[90m─[39m[90m─[39m[90m─[39m[90m─[39m[90m─[39m[90m─[39m[90m─[39m[90m─[39m[90m─[39m[90m─[39m[90m─[39m[90m─[39m[90m─[39m[90m─[39m[90m─[39m[90m─[39m[90m─[39m[90m─[39m[90m─[39m[90m─[39m[90m─[39m[90m─[39m[90m─[39m[90m─[39m[90m─[39m[90m─[39m[90m─[39m[90m─[39m[90m─[39m[90m─[39m[90m─[39m[90m─[39m[90m─[39m[90m─[39m[90m─[39m[90m─[39m[90m─[39m[90m─[39m[90m─[39m[90m─[39m[90m─[39m[90m─[39m[90m─[39m[90m─[39m[90m─[39m[90m─[39m[90m─[39m[90m─[39m[90m─[39m[90m─[39m[90m─[39m[90m─[39m[90m─[39m[90m─[39m[90m─[39m[90m─[39m[90m─[39m[90m─[39m[90m─[39m[90m─[39m[90m─[39m[90m─[39m[90m─[39m[90m─[39m[90m─[39m[90m─[39m[90m─[39m[90m─[39m[90m─[39m[90m─[39m[90m─[39m[90m─[39m[90m─[39m[90m─[39m[90m─[39m[90m─[39m[90m─[39m[90m─[39m[90m─[39m[90m─[39m[90m─[39m[90m─[39m[90m─[39m[90m─[39m[90m─[39m[90m─[39m[90m─[39m[90m─[39m[90m─[39m[90m─[39m[90m─[39m[90m─[39m[90m─[39m[90m─[39m[90m─[39m[90m─[39m[90m─[39m[90m─[39m[90m─[39m[90m─[39m
                                                                                                    
  Running:  [90morder_navigation.cy.js[39m                                                         [90m(4 of 16)[39m

[0m[0m
[0m  Order Service Navigation[0m
  [32m  ✓[0m[90m should have consistent navigation header on all pages[0m[90m (736ms)[0m
  [32m  ✓[0m[90m should logout correctly from header[0m[90m (702ms)[0m


[92m [0m[32m 2 passing[0m[90m (3s)[0m


[32m  ([4m[1mResults[22m[24m)[39m

[90m  ┌[39m[90m─[39m[90m─[39m[90m─[39m[90m─[39m[90m─[39m[90m─[39m[90m─[39m[90m─[39m[90m─[39m[90m─[39m[90m─[39m[90m─[39m[90m─[39m[90m─[39m[90m─[39m[90m─[39m[90m─[39m[90m─[39m[90m─[39m[90m─[39m[90m─[39m[90m─[39m[90m─[39m[90m─[39m[90m─[39m[90m─[39m[90m─[39m[90m─[39m[90m─[39m[90m─[39m[90m─[39m[90m─[39m[90m─[39m[90m─[39m[90m─[39m[90m─[39m[90m─[39m[90m─[39m[90m─[39m[90m─[39m[90m─[39m[90m─[39m[90m─[39m[90m─[39m[90m─[39m[90m─[39m[90m─[39m[90m─[39m[90m─[39m[90m─[39m[90m─[39m[90m─[39m[90m─[39m[90m─[39m[90m─[39m[90m─[39m[90m─[39m[90m─[39m[90m─[39m[90m─[39m[90m─[39m[90m─[39m[90m─[39m[90m─[39m[90m─[39m[90m─[39m[90m─[39m[90m─[39m[90m─[39m[90m─[39m[90m─[39m[90m─[39m[90m─[39m[90m─[39m[90m─[39m[90m─[39m[90m─[39m[90m─[39m[90m─[39m[90m─[39m[90m─[39m[90m─[39m[90m─[39m[90m─[39m[90m─[39m[90m─[39m[90m─[39m[90m─[39m[90m─[39m[90m─[39m[90m─[39m[90m─[39m[90m─[39m[90m─[39m[90m─[39m[90m─[39m[90m┐[39m
[90m  │[39m [90mTests:[39m        [32m2[39m                                                                                [90m│[39m
[90m  │[39m [90mPassing:[39m      [32m2[39m                                                                                [90m│[39m
[90m  │[39m [90mFailing:[39m      [32m0[39m                                                                                [90m│[39m
[90m  │[39m [90mPending:[39m      [32m0[39m                                                                                [90m│[39m
[90m  │[39m [90mSkipped:[39m      [32m0[39m                                                                                [90m│[39m
[90m  │[39m [90mScreenshots:[39m  [32m0[39m                                                                                [90m│[39m
[90m  │[39m [90mVideo:[39m        [32mtrue[39m                                                                             [90m│[39m
[90m  │[39m [90mDuration:[39m     [32m2 seconds[39m                                                                        [90m│[39m
[90m  │[39m [90mSpec Ran:[39m     [32m[32morder_navigation.cy.js[32m[39m                                                           [90m│[39m
[90m  └[39m[90m─[39m[90m─[39m[90m─[39m[90m─[39m[90m─[39m[90m─[39m[90m─[39m[90m─[39m[90m─[39m[90m─[39m[90m─[39m[90m─[39m[90m─[39m[90m─[39m[90m─[39m[90m─[39m[90m─[39m[90m─[39m[90m─[39m[90m─[39m[90m─[39m[90m─[39m[90m─[39m[90m─[39m[90m─[39m[90m─[39m[90m─[39m[90m─[39m[90m─[39m[90m─[39m[90m─[39m[90m─[39m[90m─[39m[90m─[39m[90m─[39m[90m─[39m[90m─[39m[90m─[39m[90m─[39m[90m─[39m[90m─[39m[90m─[39m[90m─[39m[90m─[39m[90m─[39m[90m─[39m[90m─[39m[90m─[39m[90m─[39m[90m─[39m[90m─[39m[90m─[39m[90m─[39m[90m─[39m[90m─[39m[90m─[39m[90m─[39m[90m─[39m[90m─[39m[90m─[39m[90m─[39m[90m─[39m[90m─[39m[90m─[39m[90m─[39m[90m─[39m[90m─[39m[90m─[39m[90m─[39m[90m─[39m[90m─[39m[90m─[39m[90m─[39m[90m─[39m[90m─[39m[90m─[39m[90m─[39m[90m─[39m[90m─[39m[90m─[39m[90m─[39m[90m─[39m[90m─[39m[90m─[39m[90m─[39m[90m─[39m[90m─[39m[90m─[39m[90m─[39m[90m─[39m[90m─[39m[90m─[39m[90m─[39m[90m─[39m[90m─[39m[90m─[39m[90m┘[39m


[36m  ([4m[1mVideo[22m[24m)[39m

  -  Video output: [36m/e2e/cypress/videos/order_navigation.cy.js.mp4[39m


[90m─[39m[90m─[39m[90m─[39m[90m─[39m[90m─[39m[90m─[39m[90m─[39m[90m─[39m[90m─[39m[90m─[39m[90m─[39m[90m─[39m[90m─[39m[90m─[39m[90m─[39m[90m─[39m[90m─[39m[90m─[39m[90m─[39m[90m─[39m[90m─[39m[90m─[39m[90m─[39m[90m─[39m[90m─[39m[90m─[39m[90m─[39m[90m─[39m[90m─[39m[90m─[39m[90m─[39m[90m─[39m[90m─[39m[90m─[39m[90m─[39m[90m─[39m[90m─[39m[90m─[39m[90m─[39m[90m─[39m[90m─[39m[90m─[39m[90m─[39m[90m─[39m[90m─[39m[90m─[39m[90m─[39m[90m─[39m[90m─[39m[90m─[39m[90m─[39m[90m─[39m[90m─[39m[90m─[39m[90m─[39m[90m─[39m[90m─[39m[90m─[39m[90m─[39m[90m─[39m[90m─[39m[90m─[39m[90m─[39m[90m─[39m[90m─[39m[90m─[39m[90m─[39m[90m─[39m[90m─[39m[90m─[39m[90m─[39m[90m─[39m[90m─[39m[90m─[39m[90m─[39m[90m─[39m[90m─[39m[90m─[39m[90m─[39m[90m─[39m[90m─[39m[90m─[39m[90m─[39m[90m─[39m[90m─[39m[90m─[39m[90m─[39m[90m─[39m[90m─[39m[90m─[39m[90m─[39m[90m─[39m[90m─[39m[90m─[39m[90m─[39m[90m─[39m[90m─[39m[90m─[39m[90m─[39m[90m─[39m
                                                                                                    
  Running:  [90mpm_navigation.cy.js[39m                                                            [90m(5 of 16)[39m

[0m[0m
[0m  Product Management Navigation[0m
  [32m  ✓[0m[90m should have consistent navigation header on all pages[0m[90m (2330ms)[0m
  [32m  ✓[0m[90m should logout correctly from header[0m[90m (642ms)[0m


[92m [0m[32m 2 passing[0m[90m (3s)[0m


[32m  ([4m[1mResults[22m[24m)[39m

[90m  ┌[39m[90m─[39m[90m─[39m[90m─[39m[90m─[39m[90m─[39m[90m─[39m[90m─[39m[90m─[39m[90m─[39m[90m─[39m[90m─[39m[90m─[39m[90m─[39m[90m─[39m[90m─[39m[90m─[39m[90m─[39m[90m─[39m[90m─[39m[90m─[39m[90m─[39m[90m─[39m[90m─[39m[90m─[39m[90m─[39m[90m─[39m[90m─[39m[90m─[39m[90m─[39m[90m─[39m[90m─[39m[90m─[39m[90m─[39m[90m─[39m[90m─[39m[90m─[39m[90m─[39m[90m─[39m[90m─[39m[90m─[39m[90m─[39m[90m─[39m[90m─[39m[90m─[39m[90m─[39m[90m─[39m[90m─[39m[90m─[39m[90m─[39m[90m─[39m[90m─[39m[90m─[39m[90m─[39m[90m─[39m[90m─[39m[90m─[39m[90m─[39m[90m─[39m[90m─[39m[90m─[39m[90m─[39m[90m─[39m[90m─[39m[90m─[39m[90m─[39m[90m─[39m[90m─[39m[90m─[39m[90m─[39m[90m─[39m[90m─[39m[90m─[39m[90m─[39m[90m─[39m[90m─[39m[90m─[39m[90m─[39m[90m─[39m[90m─[39m[90m─[39m[90m─[39m[90m─[39m[90m─[39m[90m─[39m[90m─[39m[90m─[39m[90m─[39m[90m─[39m[90m─[39m[90m─[39m[90m─[39m[90m─[39m[90m─[39m[90m─[39m[90m─[39m[90m─[39m[90m┐[39m
[90m  │[39m [90mTests:[39m        [32m2[39m                                                                                [90m│[39m
[90m  │[39m [90mPassing:[39m      [32m2[39m                                                                                [90m│[39m
[90m  │[39m [90mFailing:[39m      [32m0[39m                                                                                [90m│[39m
[90m  │[39m [90mPending:[39m      [32m0[39m                                                                                [90m│[39m
[90m  │[39m [90mSkipped:[39m      [32m0[39m                                                                                [90m│[39m
[90m  │[39m [90mScreenshots:[39m  [32m0[39m                                                                                [90m│[39m
[90m  │[39m [90mVideo:[39m        [32mtrue[39m                                                                             [90m│[39m
[90m  │[39m [90mDuration:[39m     [32m3 seconds[39m                                                                        [90m│[39m
[90m  │[39m [90mSpec Ran:[39m     [32m[32mpm_navigation.cy.js[32m[39m                                                              [90m│[39m
[90m  └[39m[90m─[39m[90m─[39m[90m─[39m[90m─[39m[90m─[39m[90m─[39m[90m─[39m[90m─[39m[90m─[39m[90m─[39m[90m─[39m[90m─[39m[90m─[39m[90m─[39m[90m─[39m[90m─[39m[90m─[39m[90m─[39m[90m─[39m[90m─[39m[90m─[39m[90m─[39m[90m─[39m[90m─[39m[90m─[39m[90m─[39m[90m─[39m[90m─[39m[90m─[39m[90m─[39m[90m─[39m[90m─[39m[90m─[39m[90m─[39m[90m─[39m[90m─[39m[90m─[39m[90m─[39m[90m─[39m[90m─[39m[90m─[39m[90m─[39m[90m─[39m[90m─[39m[90m─[39m[90m─[39m[90m─[39m[90m─[39m[90m─[39m[90m─[39m[90m─[39m[90m─[39m[90m─[39m[90m─[39m[90m─[39m[90m─[39m[90m─[39m[90m─[39m[90m─[39m[90m─[39m[90m─[39m[90m─[39m[90m─[39m[90m─[39m[90m─[39m[90m─[39m[90m─[39m[90m─[39m[90m─[39m[90m─[39m[90m─[39m[90m─[39m[90m─[39m[90m─[39m[90m─[39m[90m─[39m[90m─[39m[90m─[39m[90m─[39m[90m─[39m[90m─[39m[90m─[39m[90m─[39m[90m─[39m[90m─[39m[90m─[39m[90m─[39m[90m─[39m[90m─[39m[90m─[39m[90m─[39m[90m─[39m[90m─[39m[90m─[39m[90m─[39m[90m─[39m[90m┘[39m


[36m  ([4m[1mVideo[22m[24m)[39m

  -  Video output: [36m/e2e/cypress/videos/pm_navigation.cy.js.mp4[39m


[90m─[39m[90m─[39m[90m─[39m[90m─[39m[90m─[39m[90m─[39m[90m─[39m[90m─[39m[90m─[39m[90m─[39m[90m─[39m[90m─[39m[90m─[39m[90m─[39m[90m─[39m[90m─[39m[90m─[39m[90m─[39m[90m─[39m[90m─[39m[90m─[39m[90m─[39m[90m─[39m[90m─[39m[90m─[39m[90m─[39m[90m─[39m[90m─[39m[90m─[39m[90m─[39m[90m─[39m[90m─[39m[90m─[39m[90m─[39m[90m─[39m[90m─[39m[90m─[39m[90m─[39m[90m─[39m[90m─[39m[90m─[39m[90m─[39m[90m─[39m[90m─[39m[90m─[39m[90m─[39m[90m─[39m[90m─[39m[90m─[39m[90m─[39m[90m─[39m[90m─[39m[90m─[39m[90m─[39m[90m─[39m[90m─[39m[90m─[39m[90m─[39m[90m─[39m[90m─[39m[90m─[39m[90m─[39m[90m─[39m[90m─[39m[90m─[39m[90m─[39m[90m─[39m[90m─[39m[90m─[39m[90m─[39m[90m─[39m[90m─[39m[90m─[39m[90m─[39m[90m─[39m[90m─[39m[90m─[39m[90m─[39m[90m─[39m[90m─[39m[90m─[39m[90m─[39m[90m─[39m[90m─[39m[90m─[39m[90m─[39m[90m─[39m[90m─[39m[90m─[39m[90m─[39m[90m─[39m[90m─[39m[90m─[39m[90m─[39m[90m─[39m[90m─[39m[90m─[39m[90m─[39m[90m─[39m[90m─[39m
                                                                                                    
  Running:  [90mproduct_crud.cy.js[39m                                                             [90m(6 of 16)[39m

[0m[0m
[0m  Product Management CRUD[0m
  [32m  ✓[0m[90m should create, edit, and delete a product[0m[90m (3152ms)[0m


[92m [0m[32m 1 passing[0m[90m (3s)[0m


[32m  ([4m[1mResults[22m[24m)[39m

[90m  ┌[39m[90m─[39m[90m─[39m[90m─[39m[90m─[39m[90m─[39m[90m─[39m[90m─[39m[90m─[39m[90m─[39m[90m─[39m[90m─[39m[90m─[39m[90m─[39m[90m─[39m[90m─[39m[90m─[39m[90m─[39m[90m─[39m[90m─[39m[90m─[39m[90m─[39m[90m─[39m[90m─[39m[90m─[39m[90m─[39m[90m─[39m[90m─[39m[90m─[39m[90m─[39m[90m─[39m[90m─[39m[90m─[39m[90m─[39m[90m─[39m[90m─[39m[90m─[39m[90m─[39m[90m─[39m[90m─[39m[90m─[39m[90m─[39m[90m─[39m[90m─[39m[90m─[39m[90m─[39m[90m─[39m[90m─[39m[90m─[39m[90m─[39m[90m─[39m[90m─[39m[90m─[39m[90m─[39m[90m─[39m[90m─[39m[90m─[39m[90m─[39m[90m─[39m[90m─[39m[90m─[39m[90m─[39m[90m─[39m[90m─[39m[90m─[39m[90m─[39m[90m─[39m[90m─[39m[90m─[39m[90m─[39m[90m─[39m[90m─[39m[90m─[39m[90m─[39m[90m─[39m[90m─[39m[90m─[39m[90m─[39m[90m─[39m[90m─[39m[90m─[39m[90m─[39m[90m─[39m[90m─[39m[90m─[39m[90m─[39m[90m─[39m[90m─[39m[90m─[39m[90m─[39m[90m─[39m[90m─[39m[90m─[39m[90m─[39m[90m─[39m[90m─[39m[90m─[39m[90m┐[39m
[90m  │[39m [90mTests:[39m        [32m1[39m                                                                                [90m│[39m
[90m  │[39m [90mPassing:[39m      [32m1[39m                                                                                [90m│[39m
[90m  │[39m [90mFailing:[39m      [32m0[39m                                                                                [90m│[39m
[90m  │[39m [90mPending:[39m      [32m0[39m                                                                                [90m│[39m
[90m  │[39m [90mSkipped:[39m      [32m0[39m                                                                                [90m│[39m
[90m  │[39m [90mScreenshots:[39m  [32m0[39m                                                                                [90m│[39m
[90m  │[39m [90mVideo:[39m        [32mtrue[39m                                                                             [90m│[39m
[90m  │[39m [90mDuration:[39m     [32m3 seconds[39m                                                                        [90m│[39m
[90m  │[39m [90mSpec Ran:[39m     [32m[32mproduct_crud.cy.js[32m[39m                                                               [90m│[39m
[90m  └[39m[90m─[39m[90m─[39m[90m─[39m[90m─[39m[90m─[39m[90m─[39m[90m─[39m[90m─[39m[90m─[39m[90m─[39m[90m─[39m[90m─[39m[90m─[39m[90m─[39m[90m─[39m[90m─[39m[90m─[39m[90m─[39m[90m─[39m[90m─[39m[90m─[39m[90m─[39m[90m─[39m[90m─[39m[90m─[39m[90m─[39m[90m─[39m[90m─[39m[90m─[39m[90m─[39m[90m─[39m[90m─[39m[90m─[39m[90m─[39m[90m─[39m[90m─[39m[90m─[39m[90m─[39m[90m─[39m[90m─[39m[90m─[39m[90m─[39m[90m─[39m[90m─[39m[90m─[39m[90m─[39m[90m─[39m[90m─[39m[90m─[39m[90m─[39m[90m─[39m[90m─[39m[90m─[39m[90m─[39m[90m─[39m[90m─[39m[90m─[39m[90m─[39m[90m─[39m[90m─[39m[90m─[39m[90m─[39m[90m─[39m[90m─[39m[90m─[39m[90m─[39m[90m─[39m[90m─[39m[90m─[39m[90m─[39m[90m─[39m[90m─[39m[90m─[39m[90m─[39m[90m─[39m[90m─[39m[90m─[39m[90m─[39m[90m─[39m[90m─[39m[90m─[39m[90m─[39m[90m─[39m[90m─[39m[90m─[39m[90m─[39m[90m─[39m[90m─[39m[90m─[39m[90m─[39m[90m─[39m[90m─[39m[90m─[39m[90m─[39m[90m─[39m[90m─[39m[90m┘[39m


[36m  ([4m[1mVideo[22m[24m)[39m

  -  Video output: [36m/e2e/cypress/videos/product_crud.cy.js.mp4[39m


[90m─[39m[90m─[39m[90m─[39m[90m─[39m[90m─[39m[90m─[39m[90m─[39m[90m─[39m[90m─[39m[90m─[39m[90m─[39m[90m─[39m[90m─[39m[90m─[39m[90m─[39m[90m─[39m[90m─[39m[90m─[39m[90m─[39m[90m─[39m[90m─[39m[90m─[39m[90m─[39m[90m─[39m[90m─[39m[90m─[39m[90m─[39m[90m─[39m[90m─[39m[90m─[39m[90m─[39m[90m─[39m[90m─[39m[90m─[39m[90m─[39m[90m─[39m[90m─[39m[90m─[39m[90m─[39m[90m─[39m[90m─[39m[90m─[39m[90m─[39m[90m─[39m[90m─[39m[90m─[39m[90m─[39m[90m─[39m[90m─[39m[90m─[39m[90m─[39m[90m─[39m[90m─[39m[90m─[39m[90m─[39m[90m─[39m[90m─[39m[90m─[39m[90m─[39m[90m─[39m[90m─[39m[90m─[39m[90m─[39m[90m─[39m[90m─[39m[90m─[39m[90m─[39m[90m─[39m[90m─[39m[90m─[39m[90m─[39m[90m─[39m[90m─[39m[90m─[39m[90m─[39m[90m─[39m[90m─[39m[90m─[39m[90m─[39m[90m─[39m[90m─[39m[90m─[39m[90m─[39m[90m─[39m[90m─[39m[90m─[39m[90m─[39m[90m─[39m[90m─[39m[90m─[39m[90m─[39m[90m─[39m[90m─[39m[90m─[39m[90m─[39m[90m─[39m[90m─[39m[90m─[39m[90m─[39m[90m─[39m
                                                                                                    
  Running:  [90mproduct_sync.cy.js[39m                                                             [90m(7 of 16)[39m

[0m[0m
[0m  Product Synchronization[0m
  [32m  ✓[0m[90m should sync create, update, and delete to webshop[0m[90m (9224ms)[0m


[92m [0m[32m 1 passing[0m[90m (9s)[0m


[32m  ([4m[1mResults[22m[24m)[39m

[90m  ┌[39m[90m─[39m[90m─[39m[90m─[39m[90m─[39m[90m─[39m[90m─[39m[90m─[39m[90m─[39m[90m─[39m[90m─[39m[90m─[39m[90m─[39m[90m─[39m[90m─[39m[90m─[39m[90m─[39m[90m─[39m[90m─[39m[90m─[39m[90m─[39m[90m─[39m[90m─[39m[90m─[39m[90m─[39m[90m─[39m[90m─[39m[90m─[39m[90m─[39m[90m─[39m[90m─[39m[90m─[39m[90m─[39m[90m─[39m[90m─[39m[90m─[39m[90m─[39m[90m─[39m[90m─[39m[90m─[39m[90m─[39m[90m─[39m[90m─[39m[90m─[39m[90m─[39m[90m─[39m[90m─[39m[90m─[39m[90m─[39m[90m─[39m[90m─[39m[90m─[39m[90m─[39m[90m─[39m[90m─[39m[90m─[39m[90m─[39m[90m─[39m[90m─[39m[90m─[39m[90m─[39m[90m─[39m[90m─[39m[90m─[39m[90m─[39m[90m─[39m[90m─[39m[90m─[39m[90m─[39m[90m─[39m[90m─[39m[90m─[39m[90m─[39m[90m─[39m[90m─[39m[90m─[39m[90m─[39m[90m─[39m[90m─[39m[90m─[39m[90m─[39m[90m─[39m[90m─[39m[90m─[39m[90m─[39m[90m─[39m[90m─[39m[90m─[39m[90m─[39m[90m─[39m[90m─[39m[90m─[39m[90m─[39m[90m─[39m[90m─[39m[90m─[39m[90m─[39m[90m┐[39m
[90m  │[39m [90mTests:[39m        [32m1[39m                                                                                [90m│[39m
[90m  │[39m [90mPassing:[39m      [32m1[39m                                                                                [90m│[39m
[90m  │[39m [90mFailing:[39m      [32m0[39m                                                                                [90m│[39m
[90m  │[39m [90mPending:[39m      [32m0[39m                                                                                [90m│[39m
[90m  │[39m [90mSkipped:[39m      [32m0[39m                                                                                [90m│[39m
[90m  │[39m [90mScreenshots:[39m  [32m0[39m                                                                                [90m│[39m
[90m  │[39m [90mVideo:[39m        [32mtrue[39m                                                                             [90m│[39m
[90m  │[39m [90mDuration:[39m     [32m9 seconds[39m                                                                        [90m│[39m
[90m  │[39m [90mSpec Ran:[39m     [32m[32mproduct_sync.cy.js[32m[39m                                                               [90m│[39m
[90m  └[39m[90m─[39m[90m─[39m[90m─[39m[90m─[39m[90m─[39m[90m─[39m[90m─[39m[90m─[39m[90m─[39m[90m─[39m[90m─[39m[90m─[39m[90m─[39m[90m─[39m[90m─[39m[90m─[39m[90m─[39m[90m─[39m[90m─[39m[90m─[39m[90m─[39m[90m─[39m[90m─[39m[90m─[39m[90m─[39m[90m─[39m[90m─[39m[90m─[39m[90m─[39m[90m─[39m[90m─[39m[90m─[39m[90m─[39m[90m─[39m[90m─[39m[90m─[39m[90m─[39m[90m─[39m[90m─[39m[90m─[39m[90m─[39m[90m─[39m[90m─[39m[90m─[39m[90m─[39m[90m─[39m[90m─[39m[90m─[39m[90m─[39m[90m─[39m[90m─[39m[90m─[39m[90m─[39m[90m─[39m[90m─[39m[90m─[39m[90m─[39m[90m─[39m[90m─[39m[90m─[39m[90m─[39m[90m─[39m[90m─[39m[90m─[39m[90m─[39m[90m─[39m[90m─[39m[90m─[39m[90m─[39m[90m─[39m[90m─[39m[90m─[39m[90m─[39m[90m─[39m[90m─[39m[90m─[39m[90m─[39m[90m─[39m[90m─[39m[90m─[39m[90m─[39m[90m─[39m[90m─[39m[90m─[39m[90m─[39m[90m─[39m[90m─[39m[90m─[39m[90m─[39m[90m─[39m[90m─[39m[90m─[39m[90m─[39m[90m─[39m[90m─[39m[90m─[39m[90m┘[39m


[36m  ([4m[1mVideo[22m[24m)[39m

  -  Video output: [36m/e2e/cypress/videos/product_sync.cy.js.mp4[39m


[90m─[39m[90m─[39m[90m─[39m[90m─[39m[90m─[39m[90m─[39m[90m─[39m[90m─[39m[90m─[39m[90m─[39m[90m─[39m[90m─[39m[90m─[39m[90m─[39m[90m─[39m[90m─[39m[90m─[39m[90m─[39m[90m─[39m[90m─[39m[90m─[39m[90m─[39m[90m─[39m[90m─[39m[90m─[39m[90m─[39m[90m─[39m[90m─[39m[90m─[39m[90m─[39m[90m─[39m[90m─[39m[90m─[39m[90m─[39m[90m─[39m[90m─[39m[90m─[39m[90m─[39m[90m─[39m[90m─[39m[90m─[39m[90m─[39m[90m─[39m[90m─[39m[90m─[39m[90m─[39m[90m─[39m[90m─[39m[90m─[39m[90m─[39m[90m─[39m[90m─[39m[90m─[39m[90m─[39m[90m─[39m[90m─[39m[90m─[39m[90m─[39m[90m─[39m[90m─[39m[90m─[39m[90m─[39m[90m─[39m[90m─[39m[90m─[39m[90m─[39m[90m─[39m[90m─[39m[90m─[39m[90m─[39m[90m─[39m[90m─[39m[90m─[39m[90m─[39m[90m─[39m[90m─[39m[90m─[39m[90m─[39m[90m─[39m[90m─[39m[90m─[39m[90m─[39m[90m─[39m[90m─[39m[90m─[39m[90m─[39m[90m─[39m[90m─[39m[90m─[39m[90m─[39m[90m─[39m[90m─[39m[90m─[39m[90m─[39m[90m─[39m[90m─[39m[90m─[39m[90m─[39m[90m─[39m[90m─[39m
                                                                                                    
  Running:  [90mproduct_variations.cy.js[39m                                                       [90m(8 of 16)[39m

[0m[0m
[0m  Product Variations[0m
  [32m  ✓[0m[90m should handle dynamic attributes and prevent duplicates[0m[90m (5939ms)[0m


[92m [0m[32m 1 passing[0m[90m (6s)[0m


[32m  ([4m[1mResults[22m[24m)[39m

[90m  ┌[39m[90m─[39m[90m─[39m[90m─[39m[90m─[39m[90m─[39m[90m─[39m[90m─[39m[90m─[39m[90m─[39m[90m─[39m[90m─[39m[90m─[39m[90m─[39m[90m─[39m[90m─[39m[90m─[39m[90m─[39m[90m─[39m[90m─[39m[90m─[39m[90m─[39m[90m─[39m[90m─[39m[90m─[39m[90m─[39m[90m─[39m[90m─[39m[90m─[39m[90m─[39m[90m─[39m[90m─[39m[90m─[39m[90m─[39m[90m─[39m[90m─[39m[90m─[39m[90m─[39m[90m─[39m[90m─[39m[90m─[39m[90m─[39m[90m─[39m[90m─[39m[90m─[39m[90m─[39m[90m─[39m[90m─[39m[90m─[39m[90m─[39m[90m─[39m[90m─[39m[90m─[39m[90m─[39m[90m─[39m[90m─[39m[90m─[39m[90m─[39m[90m─[39m[90m─[39m[90m─[39m[90m─[39m[90m─[39m[90m─[39m[90m─[39m[90m─[39m[90m─[39m[90m─[39m[90m─[39m[90m─[39m[90m─[39m[90m─[39m[90m─[39m[90m─[39m[90m─[39m[90m─[39m[90m─[39m[90m─[39m[90m─[39m[90m─[39m[90m─[39m[90m─[39m[90m─[39m[90m─[39m[90m─[39m[90m─[39m[90m─[39m[90m─[39m[90m─[39m[90m─[39m[90m─[39m[90m─[39m[90m─[39m[90m─[39m[90m─[39m[90m─[39m[90m─[39m[90m┐[39m
[90m  │[39m [90mTests:[39m        [32m1[39m                                                                                [90m│[39m
[90m  │[39m [90mPassing:[39m      [32m1[39m                                                                                [90m│[39m
[90m  │[39m [90mFailing:[39m      [32m0[39m                                                                                [90m│[39m
[90m  │[39m [90mPending:[39m      [32m0[39m                                                                                [90m│[39m
[90m  │[39m [90mSkipped:[39m      [32m0[39m                                                                                [90m│[39m
[90m  │[39m [90mScreenshots:[39m  [32m0[39m                                                                                [90m│[39m
[90m  │[39m [90mVideo:[39m        [32mtrue[39m                                                                             [90m│[39m
[90m  │[39m [90mDuration:[39m     [32m5 seconds[39m                                                                        [90m│[39m
[90m  │[39m [90mSpec Ran:[39m     [32m[32mproduct_variations.cy.js[32m[39m                                                         [90m│[39m
[90m  └[39m[90m─[39m[90m─[39m[90m─[39m[90m─[39m[90m─[39m[90m─[39m[90m─[39m[90m─[39m[90m─[39m[90m─[39m[90m─[39m[90m─[39m[90m─[39m[90m─[39m[90m─[39m[90m─[39m[90m─[39m[90m─[39m[90m─[39m[90m─[39m[90m─[39m[90m─[39m[90m─[39m[90m─[39m[90m─[39m[90m─[39m[90m─[39m[90m─[39m[90m─[39m[90m─[39m[90m─[39m[90m─[39m[90m─[39m[90m─[39m[90m─[39m[90m─[39m[90m─[39m[90m─[39m[90m─[39m[90m─[39m[90m─[39m[90m─[39m[90m─[39m[90m─[39m[90m─[39m[90m─[39m[90m─[39m[90m─[39m[90m─[39m[90m─[39m[90m─[39m[90m─[39m[90m─[39m[90m─[39m[90m─[39m[90m─[39m[90m─[39m[90m─[39m[90m─[39m[90m─[39m[90m─[39m[90m─[39m[90m─[39m[90m─[39m[90m─[39m[90m─[39m[90m─[39m[90m─[39m[90m─[39m[90m─[39m[90m─[39m[90m─[39m[90m─[39m[90m─[39m[90m─[39m[90m─[39m[90m─[39m[90m─[39m[90m─[39m[90m─[39m[90m─[39m[90m─[39m[90m─[39m[90m─[39m[90m─[39m[90m─[39m[90m─[39m[90m─[39m[90m─[39m[90m─[39m[90m─[39m[90m─[39m[90m─[39m[90m─[39m[90m─[39m[90m─[39m[90m┘[39m


[36m  ([4m[1mVideo[22m[24m)[39m

  -  Video output: [36m/e2e/cypress/videos/product_variations.cy.js.mp4[39m


[90m─[39m[90m─[39m[90m─[39m[90m─[39m[90m─[39m[90m─[39m[90m─[39m[90m─[39m[90m─[39m[90m─[39m[90m─[39m[90m─[39m[90m─[39m[90m─[39m[90m─[39m[90m─[39m[90m─[39m[90m─[39m[90m─[39m[90m─[39m[90m─[39m[90m─[39m[90m─[39m[90m─[39m[90m─[39m[90m─[39m[90m─[39m[90m─[39m[90m─[39m[90m─[39m[90m─[39m[90m─[39m[90m─[39m[90m─[39m[90m─[39m[90m─[39m[90m─[39m[90m─[39m[90m─[39m[90m─[39m[90m─[39m[90m─[39m[90m─[39m[90m─[39m[90m─[39m[90m─[39m[90m─[39m[90m─[39m[90m─[39m[90m─[39m[90m─[39m[90m─[39m[90m─[39m[90m─[39m[90m─[39m[90m─[39m[90m─[39m[90m─[39m[90m─[39m[90m─[39m[90m─[39m[90m─[39m[90m─[39m[90m─[39m[90m─[39m[90m─[39m[90m─[39m[90m─[39m[90m─[39m[90m─[39m[90m─[39m[90m─[39m[90m─[39m[90m─[39m[90m─[39m[90m─[39m[90m─[39m[90m─[39m[90m─[39m[90m─[39m[90m─[39m[90m─[39m[90m─[39m[90m─[39m[90m─[39m[90m─[39m[90m─[39m[90m─[39m[90m─[39m[90m─[39m[90m─[39m[90m─[39m[90m─[39m[90m─[39m[90m─[39m[90m─[39m[90m─[39m[90m─[39m[90m─[39m[90m─[39m
                                                                                                    
  Running:  [90mregistration_flow.cy.js[39m                                                        [90m(9 of 16)[39m

[0m[0m
[0m  User Registration Flow[0m
  [32m  ✓[0m[90m should allow a new user to register, login, and logout[0m[90m (3963ms)[0m


[92m [0m[32m 1 passing[0m[90m (4s)[0m


[32m  ([4m[1mResults[22m[24m)[39m

[90m  ┌[39m[90m─[39m[90m─[39m[90m─[39m[90m─[39m[90m─[39m[90m─[39m[90m─[39m[90m─[39m[90m─[39m[90m─[39m[90m─[39m[90m─[39m[90m─[39m[90m─[39m[90m─[39m[90m─[39m[90m─[39m[90m─[39m[90m─[39m[90m─[39m[90m─[39m[90m─[39m[90m─[39m[90m─[39m[90m─[39m[90m─[39m[90m─[39m[90m─[39m[90m─[39m[90m─[39m[90m─[39m[90m─[39m[90m─[39m[90m─[39m[90m─[39m[90m─[39m[90m─[39m[90m─[39m[90m─[39m[90m─[39m[90m─[39m[90m─[39m[90m─[39m[90m─[39m[90m─[39m[90m─[39m[90m─[39m[90m─[39m[90m─[39m[90m─[39m[90m─[39m[90m─[39m[90m─[39m[90m─[39m[90m─[39m[90m─[39m[90m─[39m[90m─[39m[90m─[39m[90m─[39m[90m─[39m[90m─[39m[90m─[39m[90m─[39m[90m─[39m[90m─[39m[90m─[39m[90m─[39m[90m─[39m[90m─[39m[90m─[39m[90m─[39m[90m─[39m[90m─[39m[90m─[39m[90m─[39m[90m─[39m[90m─[39m[90m─[39m[90m─[39m[90m─[39m[90m─[39m[90m─[39m[90m─[39m[90m─[39m[90m─[39m[90m─[39m[90m─[39m[90m─[39m[90m─[39m[90m─[39m[90m─[39m[90m─[39m[90m─[39m[90m─[39m[90m─[39m[90m┐[39m
[90m  │[39m [90mTests:[39m        [32m1[39m                                                                                [90m│[39m
[90m  │[39m [90mPassing:[39m      [32m1[39m                                                                                [90m│[39m
[90m  │[39m [90mFailing:[39m      [32m0[39m                                                                                [90m│[39m
[90m  │[39m [90mPending:[39m      [32m0[39m                                                                                [90m│[39m
[90m  │[39m [90mSkipped:[39m      [32m0[39m                                                                                [90m│[39m
[90m  │[39m [90mScreenshots:[39m  [32m0[39m                                                                                [90m│[39m
[90m  │[39m [90mVideo:[39m        [32mtrue[39m                                                                             [90m│[39m
[90m  │[39m [90mDuration:[39m     [32m3 seconds[39m                                                                        [90m│[39m
[90m  │[39m [90mSpec Ran:[39m     [32m[32mregistration_flow.cy.js[32m[39m                                                          [90m│[39m
[90m  └[39m[90m─[39m[90m─[39m[90m─[39m[90m─[39m[90m─[39m[90m─[39m[90m─[39m[90m─[39m[90m─[39m[90m─[39m[90m─[39m[90m─[39m[90m─[39m[90m─[39m[90m─[39m[90m─[39m[90m─[39m[90m─[39m[90m─[39m[90m─[39m[90m─[39m[90m─[39m[90m─[39m[90m─[39m[90m─[39m[90m─[39m[90m─[39m[90m─[39m[90m─[39m[90m─[39m[90m─[39m[90m─[39m[90m─[39m[90m─[39m[90m─[39m[90m─[39m[90m─[39m[90m─[39m[90m─[39m[90m─[39m[90m─[39m[90m─[39m[90m─[39m[90m─[39m[90m─[39m[90m─[39m[90m─[39m[90m─[39m[90m─[39m[90m─[39m[90m─[39m[90m─[39m[90m─[39m[90m─[39m[90m─[39m[90m─[39m[90m─[39m[90m─[39m[90m─[39m[90m─[39m[90m─[39m[90m─[39m[90m─[39m[90m─[39m[90m─[39m[90m─[39m[90m─[39m[90m─[39m[90m─[39m[90m─[39m[90m─[39m[90m─[39m[90m─[39m[90m─[39m[90m─[39m[90m─[39m[90m─[39m[90m─[39m[90m─[39m[90m─[39m[90m─[39m[90m─[39m[90m─[39m[90m─[39m[90m─[39m[90m─[39m[90m─[39m[90m─[39m[90m─[39m[90m─[39m[90m─[39m[90m─[39m[90m─[39m[90m─[39m[90m─[39m[90m─[39m[90m┘[39m


[36m  ([4m[1mVideo[22m[24m)[39m

  -  Video output: [36m/e2e/cypress/videos/registration_flow.cy.js.mp4[39m


[90m─[39m[90m─[39m[90m─[39m[90m─[39m[90m─[39m[90m─[39m[90m─[39m[90m─[39m[90m─[39m[90m─[39m[90m─[39m[90m─[39m[90m─[39m[90m─[39m[90m─[39m[90m─[39m[90m─[39m[90m─[39m[90m─[39m[90m─[39m[90m─[39m[90m─[39m[90m─[39m[90m─[39m[90m─[39m[90m─[39m[90m─[39m[90m─[39m[90m─[39m[90m─[39m[90m─[39m[90m─[39m[90m─[39m[90m─[39m[90m─[39m[90m─[39m[90m─[39m[90m─[39m[90m─[39m[90m─[39m[90m─[39m[90m─[39m[90m─[39m[90m─[39m[90m─[39m[90m─[39m[90m─[39m[90m─[39m[90m─[39m[90m─[39m[90m─[39m[90m─[39m[90m─[39m[90m─[39m[90m─[39m[90m─[39m[90m─[39m[90m─[39m[90m─[39m[90m─[39m[90m─[39m[90m─[39m[90m─[39m[90m─[39m[90m─[39m[90m─[39m[90m─[39m[90m─[39m[90m─[39m[90m─[39m[90m─[39m[90m─[39m[90m─[39m[90m─[39m[90m─[39m[90m─[39m[90m─[39m[90m─[39m[90m─[39m[90m─[39m[90m─[39m[90m─[39m[90m─[39m[90m─[39m[90m─[39m[90m─[39m[90m─[39m[90m─[39m[90m─[39m[90m─[39m[90m─[39m[90m─[39m[90m─[39m[90m─[39m[90m─[39m[90m─[39m[90m─[39m[90m─[39m[90m─[39m[90m─[39m
                                                                                                    
  Running:  [90msecurity_and_errors.cy.js[39m                                                     [90m(10 of 16)[39m

[0m[0m
[0m  Security and Error Handling[0m
  [32m  ✓[0m[90m should reject login with invalid credentials[0m[90m (1718ms)[0m
  [32m  ✓[0m[90m should enforce Role-Based Access Control (RBAC)[0m[90m (1120ms)[0m
  [32m  ✓[0m[90m should redirect to login when accessing protected resources without auth[0m[90m (103ms)[0m
  [32m  ✓[0m[90m should validate input when creating a product[0m[90m (1498ms)[0m


[92m [0m[32m 4 passing[0m[90m (8s)[0m


[32m  ([4m[1mResults[22m[24m)[39m

[90m  ┌[39m[90m─[39m[90m─[39m[90m─[39m[90m─[39m[90m─[39m[90m─[39m[90m─[39m[90m─[39m[90m─[39m[90m─[39m[90m─[39m[90m─[39m[90m─[39m[90m─[39m[90m─[39m[90m─[39m[90m─[39m[90m─[39m[90m─[39m[90m─[39m[90m─[39m[90m─[39m[90m─[39m[90m─[39m[90m─[39m[90m─[39m[90m─[39m[90m─[39m[90m─[39m[90m─[39m[90m─[39m[90m─[39m[90m─[39m[90m─[39m[90m─[39m[90m─[39m[90m─[39m[90m─[39m[90m─[39m[90m─[39m[90m─[39m[90m─[39m[90m─[39m[90m─[39m[90m─[39m[90m─[39m[90m─[39m[90m─[39m[90m─[39m[90m─[39m[90m─[39m[90m─[39m[90m─[39m[90m─[39m[90m─[39m[90m─[39m[90m─[39m[90m─[39m[90m─[39m[90m─[39m[90m─[39m[90m─[39m[90m─[39m[90m─[39m[90m─[39m[90m─[39m[90m─[39m[90m─[39m[90m─[39m[90m─[39m[90m─[39m[90m─[39m[90m─[39m[90m─[39m[90m─[39m[90m─[39m[90m─[39m[90m─[39m[90m─[39m[90m─[39m[90m─[39m[90m─[39m[90m─[39m[90m─[39m[90m─[39m[90m─[39m[90m─[39m[90m─[39m[90m─[39m[90m─[39m[90m─[39m[90m─[39m[90m─[39m[90m─[39m[90m─[39m[90m─[39m[90m┐[39m
[90m  │[39m [90mTests:[39m        [32m4[39m                                                                                [90m│[39m
[90m  │[39m [90mPassing:[39m      [32m4[39m                                                                                [90m│[39m
[90m  │[39m [90mFailing:[39m      [32m0[39m                                                                                [90m│[39m
[90m  │[39m [90mPending:[39m      [32m0[39m                                                                                [90m│[39m
[90m  │[39m [90mSkipped:[39m      [32m0[39m                                                                                [90m│[39m
[90m  │[39m [90mScreenshots:[39m  [32m0[39m                                                                                [90m│[39m
[90m  │[39m [90mVideo:[39m        [32mtrue[39m                                                                             [90m│[39m
[90m  │[39m [90mDuration:[39m     [32m7 seconds[39m                                                                        [90m│[39m
[90m  │[39m [90mSpec Ran:[39m     [32m[32msecurity_and_errors.cy.js[32m[39m                                                        [90m│[39m
[90m  └[39m[90m─[39m[90m─[39m[90m─[39m[90m─[39m[90m─[39m[90m─[39m[90m─[39m[90m─[39m[90m─[39m[90m─[39m[90m─[39m[90m─[39m[90m─[39m[90m─[39m[90m─[39m[90m─[39m[90m─[39m[90m─[39m[90m─[39m[90m─[39m[90m─[39m[90m─[39m[90m─[39m[90m─[39m[90m─[39m[90m─[39m[90m─[39m[90m─[39m[90m─[39m[90m─[39m[90m─[39m[90m─[39m[90m─[39m[90m─[39m[90m─[39m[90m─[39m[90m─[39m[90m─[39m[90m─[39m[90m─[39m[90m─[39m[90m─[39m[90m─[39m[90m─[39m[90m─[39m[90m─[39m[90m─[39m[90m─[39m[90m─[39m[90m─[39m[90m─[39m[90m─[39m[90m─[39m[90m─[39m[90m─[39m[90m─[39m[90m─[39m[90m─[39m[90m─[39m[90m─[39m[90m─[39m[90m─[39m[90m─[39m[90m─[39m[90m─[39m[90m─[39m[90m─[39m[90m─[39m[90m─[39m[90m─[39m[90m─[39m[90m─[39m[90m─[39m[90m─[39m[90m─[39m[90m─[39m[90m─[39m[90m─[39m[90m─[39m[90m─[39m[90m─[39m[90m─[39m[90m─[39m[90m─[39m[90m─[39m[90m─[39m[90m─[39m[90m─[39m[90m─[39m[90m─[39m[90m─[39m[90m─[39m[90m─[39m[90m─[39m[90m─[39m[90m─[39m[90m┘[39m


[36m  ([4m[1mVideo[22m[24m)[39m

  -  Video output: [36m/e2e/cypress/videos/security_and_errors.cy.js.mp4[39m


[90m─[39m[90m─[39m[90m─[39m[90m─[39m[90m─[39m[90m─[39m[90m─[39m[90m─[39m[90m─[39m[90m─[39m[90m─[39m[90m─[39m[90m─[39m[90m─[39m[90m─[39m[90m─[39m[90m─[39m[90m─[39m[90m─[39m[90m─[39m[90m─[39m[90m─[39m[90m─[39m[90m─[39m[90m─[39m[90m─[39m[90m─[39m[90m─[39m[90m─[39m[90m─[39m[90m─[39m[90m─[39m[90m─[39m[90m─[39m[90m─[39m[90m─[39m[90m─[39m[90m─[39m[90m─[39m[90m─[39m[90m─[39m[90m─[39m[90m─[39m[90m─[39m[90m─[39m[90m─[39m[90m─[39m[90m─[39m[90m─[39m[90m─[39m[90m─[39m[90m─[39m[90m─[39m[90m─[39m[90m─[39m[90m─[39m[90m─[39m[90m─[39m[90m─[39m[90m─[39m[90m─[39m[90m─[39m[90m─[39m[90m─[39m[90m─[39m[90m─[39m[90m─[39m[90m─[39m[90m─[39m[90m─[39m[90m─[39m[90m─[39m[90m─[39m[90m─[39m[90m─[39m[90m─[39m[90m─[39m[90m─[39m[90m─[39m[90m─[39m[90m─[39m[90m─[39m[90m─[39m[90m─[39m[90m─[39m[90m─[39m[90m─[39m[90m─[39m[90m─[39m[90m─[39m[90m─[39m[90m─[39m[90m─[39m[90m─[39m[90m─[39m[90m─[39m[90m─[39m[90m─[39m[90m─[39m[90m─[39m
                                                                                                    
  Running:  [90mshopping_cart.cy.js[39m                                                           [90m(11 of 16)[39m

[0m[0m
[0m  Shopping Cart[0m
  [32m  ✓[0m[90m should add, view, and remove a product from the cart[0m[90m (612ms)[0m
  [32m  ✓[0m[90m should not allow adding more items than available in stock[0m[90m (854ms)[0m


[92m [0m[32m 2 passing[0m[90m (3s)[0m


[32m  ([4m[1mResults[22m[24m)[39m

[90m  ┌[39m[90m─[39m[90m─[39m[90m─[39m[90m─[39m[90m─[39m[90m─[39m[90m─[39m[90m─[39m[90m─[39m[90m─[39m[90m─[39m[90m─[39m[90m─[39m[90m─[39m[90m─[39m[90m─[39m[90m─[39m[90m─[39m[90m─[39m[90m─[39m[90m─[39m[90m─[39m[90m─[39m[90m─[39m[90m─[39m[90m─[39m[90m─[39m[90m─[39m[90m─[39m[90m─[39m[90m─[39m[90m─[39m[90m─[39m[90m─[39m[90m─[39m[90m─[39m[90m─[39m[90m─[39m[90m─[39m[90m─[39m[90m─[39m[90m─[39m[90m─[39m[90m─[39m[90m─[39m[90m─[39m[90m─[39m[90m─[39m[90m─[39m[90m─[39m[90m─[39m[90m─[39m[90m─[39m[90m─[39m[90m─[39m[90m─[39m[90m─[39m[90m─[39m[90m─[39m[90m─[39m[90m─[39m[90m─[39m[90m─[39m[90m─[39m[90m─[39m[90m─[39m[90m─[39m[90m─[39m[90m─[39m[90m─[39m[90m─[39m[90m─[39m[90m─[39m[90m─[39m[90m─[39m[90m─[39m[90m─[39m[90m─[39m[90m─[39m[90m─[39m[90m─[39m[90m─[39m[90m─[39m[90m─[39m[90m─[39m[90m─[39m[90m─[39m[90m─[39m[90m─[39m[90m─[39m[90m─[39m[90m─[39m[90m─[39m[90m─[39m[90m─[39m[90m─[39m[90m┐[39m
[90m  │[39m [90mTests:[39m        [32m2[39m                                                                                [90m│[39m
[90m  │[39m [90mPassing:[39m      [32m2[39m                                                                                [90m│[39m
[90m  │[39m [90mFailing:[39m      [32m0[39m                                                                                [90m│[39m
[90m  │[39m [90mPending:[39m      [32m0[39m                                                                                [90m│[39m
[90m  │[39m [90mSkipped:[39m      [32m0[39m                                                                                [90m│[39m
[90m  │[39m [90mScreenshots:[39m  [32m0[39m                                                                                [90m│[39m
[90m  │[39m [90mVideo:[39m        [32mtrue[39m                                                                             [90m│[39m
[90m  │[39m [90mDuration:[39m     [32m2 seconds[39m                                                                        [90m│[39m
[90m  │[39m [90mSpec Ran:[39m     [32m[32mshopping_cart.cy.js[32m[39m                                                              [90m│[39m
[90m  └[39m[90m─[39m[90m─[39m[90m─[39m[90m─[39m[90m─[39m[90m─[39m[90m─[39m[90m─[39m[90m─[39m[90m─[39m[90m─[39m[90m─[39m[90m─[39m[90m─[39m[90m─[39m[90m─[39m[90m─[39m[90m─[39m[90m─[39m[90m─[39m[90m─[39m[90m─[39m[90m─[39m[90m─[39m[90m─[39m[90m─[39m[90m─[39m[90m─[39m[90m─[39m[90m─[39m[90m─[39m[90m─[39m[90m─[39m[90m─[39m[90m─[39m[90m─[39m[90m─[39m[90m─[39m[90m─[39m[90m─[39m[90m─[39m[90m─[39m[90m─[39m[90m─[39m[90m─[39m[90m─[39m[90m─[39m[90m─[39m[90m─[39m[90m─[39m[90m─[39m[90m─[39m[90m─[39m[90m─[39m[90m─[39m[90m─[39m[90m─[39m[90m─[39m[90m─[39m[90m─[39m[90m─[39m[90m─[39m[90m─[39m[90m─[39m[90m─[39m[90m─[39m[90m─[39m[90m─[39m[90m─[39m[90m─[39m[90m─[39m[90m─[39m[90m─[39m[90m─[39m[90m─[39m[90m─[39m[90m─[39m[90m─[39m[90m─[39m[90m─[39m[90m─[39m[90m─[39m[90m─[39m[90m─[39m[90m─[39m[90m─[39m[90m─[39m[90m─[39m[90m─[39m[90m─[39m[90m─[39m[90m─[39m[90m─[39m[90m─[39m[90m─[39m[90m─[39m[90m┘[39m


[36m  ([4m[1mVideo[22m[24m)[39m

  -  Video output: [36m/e2e/cypress/videos/shopping_cart.cy.js.mp4[39m


[90m─[39m[90m─[39m[90m─[39m[90m─[39m[90m─[39m[90m─[39m[90m─[39m[90m─[39m[90m─[39m[90m─[39m[90m─[39m[90m─[39m[90m─[39m[90m─[39m[90m─[39m[90m─[39m[90m─[39m[90m─[39m[90m─[39m[90m─[39m[90m─[39m[90m─[39m[90m─[39m[90m─[39m[90m─[39m[90m─[39m[90m─[39m[90m─[39m[90m─[39m[90m─[39m[90m─[39m[90m─[39m[90m─[39m[90m─[39m[90m─[39m[90m─[39m[90m─[39m[90m─[39m[90m─[39m[90m─[39m[90m─[39m[90m─[39m[90m─[39m[90m─[39m[90m─[39m[90m─[39m[90m─[39m[90m─[39m[90m─[39m[90m─[39m[90m─[39m[90m─[39m[90m─[39m[90m─[39m[90m─[39m[90m─[39m[90m─[39m[90m─[39m[90m─[39m[90m─[39m[90m─[39m[90m─[39m[90m─[39m[90m─[39m[90m─[39m[90m─[39m[90m─[39m[90m─[39m[90m─[39m[90m─[39m[90m─[39m[90m─[39m[90m─[39m[90m─[39m[90m─[39m[90m─[39m[90m─[39m[90m─[39m[90m─[39m[90m─[39m[90m─[39m[90m─[39m[90m─[39m[90m─[39m[90m─[39m[90m─[39m[90m─[39m[90m─[39m[90m─[39m[90m─[39m[90m─[39m[90m─[39m[90m─[39m[90m─[39m[90m─[39m[90m─[39m[90m─[39m[90m─[39m[90m─[39m[90m─[39m
                                                                                                    
  Running:  [90mwarehouse_delivery.cy.js[39m                                                      [90m(12 of 16)[39m

[0m[0m
[0m  Warehouse Delivery Management[0m
  [32m  ✓[0m[90m should create delivery, add items, and return delivery[0m[90m (1748ms)[0m


[92m [0m[32m 1 passing[0m[90m (3s)[0m


[32m  ([4m[1mResults[22m[24m)[39m

[90m  ┌[39m[90m─[39m[90m─[39m[90m─[39m[90m─[39m[90m─[39m[90m─[39m[90m─[39m[90m─[39m[90m─[39m[90m─[39m[90m─[39m[90m─[39m[90m─[39m[90m─[39m[90m─[39m[90m─[39m[90m─[39m[90m─[39m[90m─[39m[90m─[39m[90m─[39m[90m─[39m[90m─[39m[90m─[39m[90m─[39m[90m─[39m[90m─[39m[90m─[39m[90m─[39m[90m─[39m[90m─[39m[90m─[39m[90m─[39m[90m─[39m[90m─[39m[90m─[39m[90m─[39m[90m─[39m[90m─[39m[90m─[39m[90m─[39m[90m─[39m[90m─[39m[90m─[39m[90m─[39m[90m─[39m[90m─[39m[90m─[39m[90m─[39m[90m─[39m[90m─[39m[90m─[39m[90m─[39m[90m─[39m[90m─[39m[90m─[39m[90m─[39m[90m─[39m[90m─[39m[90m─[39m[90m─[39m[90m─[39m[90m─[39m[90m─[39m[90m─[39m[90m─[39m[90m─[39m[90m─[39m[90m─[39m[90m─[39m[90m─[39m[90m─[39m[90m─[39m[90m─[39m[90m─[39m[90m─[39m[90m─[39m[90m─[39m[90m─[39m[90m─[39m[90m─[39m[90m─[39m[90m─[39m[90m─[39m[90m─[39m[90m─[39m[90m─[39m[90m─[39m[90m─[39m[90m─[39m[90m─[39m[90m─[39m[90m─[39m[90m─[39m[90m─[39m[90m─[39m[90m┐[39m
[90m  │[39m [90mTests:[39m        [32m1[39m                                                                                [90m│[39m
[90m  │[39m [90mPassing:[39m      [32m1[39m                                                                                [90m│[39m
[90m  │[39m [90mFailing:[39m      [32m0[39m                                                                                [90m│[39m
[90m  │[39m [90mPending:[39m      [32m0[39m                                                                                [90m│[39m
[90m  │[39m [90mSkipped:[39m      [32m0[39m                                                                                [90m│[39m
[90m  │[39m [90mScreenshots:[39m  [32m0[39m                                                                                [90m│[39m
[90m  │[39m [90mVideo:[39m        [32mtrue[39m                                                                             [90m│[39m
[90m  │[39m [90mDuration:[39m     [32m2 seconds[39m                                                                        [90m│[39m
[90m  │[39m [90mSpec Ran:[39m     [32m[32mwarehouse_delivery.cy.js[32m[39m                                                         [90m│[39m
[90m  └[39m[90m─[39m[90m─[39m[90m─[39m[90m─[39m[90m─[39m[90m─[39m[90m─[39m[90m─[39m[90m─[39m[90m─[39m[90m─[39m[90m─[39m[90m─[39m[90m─[39m[90m─[39m[90m─[39m[90m─[39m[90m─[39m[90m─[39m[90m─[39m[90m─[39m[90m─[39m[90m─[39m[90m─[39m[90m─[39m[90m─[39m[90m─[39m[90m─[39m[90m─[39m[90m─[39m[90m─[39m[90m─[39m[90m─[39m[90m─[39m[90m─[39m[90m─[39m[90m─[39m[90m─[39m[90m─[39m[90m─[39m[90m─[39m[90m─[39m[90m─[39m[90m─[39m[90m─[39m[90m─[39m[90m─[39m[90m─[39m[90m─[39m[90m─[39m[90m─[39m[90m─[39m[90m─[39m[90m─[39m[90m─[39m[90m─[39m[90m─[39m[90m─[39m[90m─[39m[90m─[39m[90m─[39m[90m─[39m[90m─[39m[90m─[39m[90m─[39m[90m─[39m[90m─[39m[90m─[39m[90m─[39m[90m─[39m[90m─[39m[90m─[39m[90m─[39m[90m─[39m[90m─[39m[90m─[39m[90m─[39m[90m─[39m[90m─[39m[90m─[39m[90m─[39m[90m─[39m[90m─[39m[90m─[39m[90m─[39m[90m─[39m[90m─[39m[90m─[39m[90m─[39m[90m─[39m[90m─[39m[90m─[39m[90m─[39m[90m─[39m[90m─[39m[90m─[39m[90m┘[39m


[36m  ([4m[1mVideo[22m[24m)[39m

  -  Video output: [36m/e2e/cypress/videos/warehouse_delivery.cy.js.mp4[39m


[90m─[39m[90m─[39m[90m─[39m[90m─[39m[90m─[39m[90m─[39m[90m─[39m[90m─[39m[90m─[39m[90m─[39m[90m─[39m[90m─[39m[90m─[39m[90m─[39m[90m─[39m[90m─[39m[90m─[39m[90m─[39m[90m─[39m[90m─[39m[90m─[39m[90m─[39m[90m─[39m[90m─[39m[90m─[39m[90m─[39m[90m─[39m[90m─[39m[90m─[39m[90m─[39m[90m─[39m[90m─[39m[90m─[39m[90m─[39m[90m─[39m[90m─[39m[90m─[39m[90m─[39m[90m─[39m[90m─[39m[90m─[39m[90m─[39m[90m─[39m[90m─[39m[90m─[39m[90m─[39m[90m─[39m[90m─[39m[90m─[39m[90m─[39m[90m─[39m[90m─[39m[90m─[39m[90m─[39m[90m─[39m[90m─[39m[90m─[39m[90m─[39m[90m─[39m[90m─[39m[90m─[39m[90m─[39m[90m─[39m[90m─[39m[90m─[39m[90m─[39m[90m─[39m[90m─[39m[90m─[39m[90m─[39m[90m─[39m[90m─[39m[90m─[39m[90m─[39m[90m─[39m[90m─[39m[90m─[39m[90m─[39m[90m─[39m[90m─[39m[90m─[39m[90m─[39m[90m─[39m[90m─[39m[90m─[39m[90m─[39m[90m─[39m[90m─[39m[90m─[39m[90m─[39m[90m─[39m[90m─[39m[90m─[39m[90m─[39m[90m─[39m[90m─[39m[90m─[39m[90m─[39m[90m─[39m[90m─[39m
                                                                                                    
  Running:  [90mwarehouse_fulfillment.cy.js[39m                                                   [90m(13 of 16)[39m

[0m[0m
[0m  Warehouse Order Fulfillment[0m
  [32m  ✓[0m[90m should display confirmed orders in warehouse and allow fulfillment[0m[90m (6529ms)[0m


[92m [0m[32m 1 passing[0m[90m (7s)[0m


[32m  ([4m[1mResults[22m[24m)[39m

[90m  ┌[39m[90m─[39m[90m─[39m[90m─[39m[90m─[39m[90m─[39m[90m─[39m[90m─[39m[90m─[39m[90m─[39m[90m─[39m[90m─[39m[90m─[39m[90m─[39m[90m─[39m[90m─[39m[90m─[39m[90m─[39m[90m─[39m[90m─[39m[90m─[39m[90m─[39m[90m─[39m[90m─[39m[90m─[39m[90m─[39m[90m─[39m[90m─[39m[90m─[39m[90m─[39m[90m─[39m[90m─[39m[90m─[39m[90m─[39m[90m─[39m[90m─[39m[90m─[39m[90m─[39m[90m─[39m[90m─[39m[90m─[39m[90m─[39m[90m─[39m[90m─[39m[90m─[39m[90m─[39m[90m─[39m[90m─[39m[90m─[39m[90m─[39m[90m─[39m[90m─[39m[90m─[39m[90m─[39m[90m─[39m[90m─[39m[90m─[39m[90m─[39m[90m─[39m[90m─[39m[90m─[39m[90m─[39m[90m─[39m[90m─[39m[90m─[39m[90m─[39m[90m─[39m[90m─[39m[90m─[39m[90m─[39m[90m─[39m[90m─[39m[90m─[39m[90m─[39m[90m─[39m[90m─[39m[90m─[39m[90m─[39m[90m─[39m[90m─[39m[90m─[39m[90m─[39m[90m─[39m[90m─[39m[90m─[39m[90m─[39m[90m─[39m[90m─[39m[90m─[39m[90m─[39m[90m─[39m[90m─[39m[90m─[39m[90m─[39m[90m─[39m[90m─[39m[90m─[39m[90m┐[39m
[90m  │[39m [90mTests:[39m        [32m1[39m                                                                                [90m│[39m
[90m  │[39m [90mPassing:[39m      [32m1[39m                                                                                [90m│[39m
[90m  │[39m [90mFailing:[39m      [32m0[39m                                                                                [90m│[39m
[90m  │[39m [90mPending:[39m      [32m0[39m                                                                                [90m│[39m
[90m  │[39m [90mSkipped:[39m      [32m0[39m                                                                                [90m│[39m
[90m  │[39m [90mScreenshots:[39m  [32m0[39m                                                                                [90m│[39m
[90m  │[39m [90mVideo:[39m        [32mtrue[39m                                                                             [90m│[39m
[90m  │[39m [90mDuration:[39m     [32m6 seconds[39m                                                                        [90m│[39m
[90m  │[39m [90mSpec Ran:[39m     [32m[32mwarehouse_fulfillment.cy.js[32m[39m                                                      [90m│[39m
[90m  └[39m[90m─[39m[90m─[39m[90m─[39m[90m─[39m[90m─[39m[90m─[39m[90m─[39m[90m─[39m[90m─[39m[90m─[39m[90m─[39m[90m─[39m[90m─[39m[90m─[39m[90m─[39m[90m─[39m[90m─[39m[90m─[39m[90m─[39m[90m─[39m[90m─[39m[90m─[39m[90m─[39m[90m─[39m[90m─[39m[90m─[39m[90m─[39m[90m─[39m[90m─[39m[90m─[39m[90m─[39m[90m─[39m[90m─[39m[90m─[39m[90m─[39m[90m─[39m[90m─[39m[90m─[39m[90m─[39m[90m─[39m[90m─[39m[90m─[39m[90m─[39m[90m─[39m[90m─[39m[90m─[39m[90m─[39m[90m─[39m[90m─[39m[90m─[39m[90m─[39m[90m─[39m[90m─[39m[90m─[39m[90m─[39m[90m─[39m[90m─[39m[90m─[39m[90m─[39m[90m─[39m[90m─[39m[90m─[39m[90m─[39m[90m─[39m[90m─[39m[90m─[39m[90m─[39m[90m─[39m[90m─[39m[90m─[39m[90m─[39m[90m─[39m[90m─[39m[90m─[39m[90m─[39m[90m─[39m[90m─[39m[90m─[39m[90m─[39m[90m─[39m[90m─[39m[90m─[39m[90m─[39m[90m─[39m[90m─[39m[90m─[39m[90m─[39m[90m─[39m[90m─[39m[90m─[39m[90m─[39m[90m─[39m[90m─[39m[90m─[39m[90m─[39m[90m─[39m[90m┘[39m


[36m  ([4m[1mVideo[22m[24m)[39m

  -  Video output: [36m/e2e/cypress/videos/warehouse_fulfillment.cy.js.mp4[39m


[90m─[39m[90m─[39m[90m─[39m[90m─[39m[90m─[39m[90m─[39m[90m─[39m[90m─[39m[90m─[39m[90m─[39m[90m─[39m[90m─[39m[90m─[39m[90m─[39m[90m─[39m[90m─[39m[90m─[39m[90m─[39m[90m─[39m[90m─[39m[90m─[39m[90m─[39m[90m─[39m[90m─[39m[90m─[39m[90m─[39m[90m─[39m[90m─[39m[90m─[39m[90m─[39m[90m─[39m[90m─[39m[90m─[39m[90m─[39m[90m─[39m[90m─[39m[90m─[39m[90m─[39m[90m─[39m[90m─[39m[90m─[39m[90m─[39m[90m─[39m[90m─[39m[90m─[39m[90m─[39m[90m─[39m[90m─[39m[90m─[39m[90m─[39m[90m─[39m[90m─[39m[90m─[39m[90m─[39m[90m─[39m[90m─[39m[90m─[39m[90m─[39m[90m─[39m[90m─[39m[90m─[39m[90m─[39m[90m─[39m[90m─[39m[90m─[39m[90m─[39m[90m─[39m[90m─[39m[90m─[39m[90m─[39m[90m─[39m[90m─[39m[90m─[39m[90m─[39m[90m─[39m[90m─[39m[90m─[39m[90m─[39m[90m─[39m[90m─[39m[90m─[39m[90m─[39m[90m─[39m[90m─[39m[90m─[39m[90m─[39m[90m─[39m[90m─[39m[90m─[39m[90m─[39m[90m─[39m[90m─[39m[90m─[39m[90m─[39m[90m─[39m[90m─[39m[90m─[39m[90m─[39m[90m─[39m[90m─[39m
                                                                                                    
  Running:  [90mwarehouse_navigation.cy.js[39m                                                    [90m(14 of 16)[39m

[0m[0m
[0m  Warehouse Navigation[0m
Warning: vkCreateInstance: Found no drivers!
Warning: vkCreateInstance failed with VK_ERROR_INCOMPATIBLE_DRIVER
    at CheckVkSuccessImpl (../../third_party/dawn/src/dawn/native/vulkan/VulkanError.cpp:88)
    at CreateVkInstance (../../third_party/dawn/src/dawn/native/vulkan/BackendVk.cpp:458)
    at Initialize (../../third_party/dawn/src/dawn/native/vulkan/BackendVk.cpp:344)
    at Create (../../third_party/dawn/src/dawn/native/vulkan/BackendVk.cpp:266)
    at operator() (../../third_party/dawn/src/dawn/native/vulkan/BackendVk.cpp:521)

  [32m  ✓[0m[90m should have consistent navigation header on all pages[0m[90m (1202ms)[0m
  [32m  ✓[0m[90m should logout correctly from header[0m[90m (660ms)[0m


[92m [0m[32m 2 passing[0m[90m (3s)[0m


[32m  ([4m[1mResults[22m[24m)[39m

[90m  ┌[39m[90m─[39m[90m─[39m[90m─[39m[90m─[39m[90m─[39m[90m─[39m[90m─[39m[90m─[39m[90m─[39m[90m─[39m[90m─[39m[90m─[39m[90m─[39m[90m─[39m[90m─[39m[90m─[39m[90m─[39m[90m─[39m[90m─[39m[90m─[39m[90m─[39m[90m─[39m[90m─[39m[90m─[39m[90m─[39m[90m─[39m[90m─[39m[90m─[39m[90m─[39m[90m─[39m[90m─[39m[90m─[39m[90m─[39m[90m─[39m[90m─[39m[90m─[39m[90m─[39m[90m─[39m[90m─[39m[90m─[39m[90m─[39m[90m─[39m[90m─[39m[90m─[39m[90m─[39m[90m─[39m[90m─[39m[90m─[39m[90m─[39m[90m─[39m[90m─[39m[90m─[39m[90m─[39m[90m─[39m[90m─[39m[90m─[39m[90m─[39m[90m─[39m[90m─[39m[90m─[39m[90m─[39m[90m─[39m[90m─[39m[90m─[39m[90m─[39m[90m─[39m[90m─[39m[90m─[39m[90m─[39m[90m─[39m[90m─[39m[90m─[39m[90m─[39m[90m─[39m[90m─[39m[90m─[39m[90m─[39m[90m─[39m[90m─[39m[90m─[39m[90m─[39m[90m─[39m[90m─[39m[90m─[39m[90m─[39m[90m─[39m[90m─[39m[90m─[39m[90m─[39m[90m─[39m[90m─[39m[90m─[39m[90m─[39m[90m─[39m[90m─[39m[90m─[39m[90m┐[39m
[90m  │[39m [90mTests:[39m        [32m2[39m                                                                                [90m│[39m
[90m  │[39m [90mPassing:[39m      [32m2[39m                                                                                [90m│[39m
[90m  │[39m [90mFailing:[39m      [32m0[39m                                                                                [90m│[39m
[90m  │[39m [90mPending:[39m      [32m0[39m                                                                                [90m│[39m
[90m  │[39m [90mSkipped:[39m      [32m0[39m                                                                                [90m│[39m
[90m  │[39m [90mScreenshots:[39m  [32m0[39m                                                                                [90m│[39m
[90m  │[39m [90mVideo:[39m        [32mtrue[39m                                                                             [90m│[39m
[90m  │[39m [90mDuration:[39m     [32m3 seconds[39m                                                                        [90m│[39m
[90m  │[39m [90mSpec Ran:[39m     [32m[32mwarehouse_navigation.cy.js[32m[39m                                                       [90m│[39m
[90m  └[39m[90m─[39m[90m─[39m[90m─[39m[90m─[39m[90m─[39m[90m─[39m[90m─[39m[90m─[39m[90m─[39m[90m─[39m[90m─[39m[90m─[39m[90m─[39m[90m─[39m[90m─[39m[90m─[39m[90m─[39m[90m─[39m[90m─[39m[90m─[39m[90m─[39m[90m─[39m[90m─[39m[90m─[39m[90m─[39m[90m─[39m[90m─[39m[90m─[39m[90m─[39m[90m─[39m[90m─[39m[90m─[39m[90m─[39m[90m─[39m[90m─[39m[90m─[39m[90m─[39m[90m─[39m[90m─[39m[90m─[39m[90m─[39m[90m─[39m[90m─[39m[90m─[39m[90m─[39m[90m─[39m[90m─[39m[90m─[39m[90m─[39m[90m─[39m[90m─[39m[90m─[39m[90m─[39m[90m─[39m[90m─[39m[90m─[39m[90m─[39m[90m─[39m[90m─[39m[90m─[39m[90m─[39m[90m─[39m[90m─[39m[90m─[39m[90m─[39m[90m─[39m[90m─[39m[90m─[39m[90m─[39m[90m─[39m[90m─[39m[90m─[39m[90m─[39m[90m─[39m[90m─[39m[90m─[39m[90m─[39m[90m─[39m[90m─[39m[90m─[39m[90m─[39m[90m─[39m[90m─[39m[90m─[39m[90m─[39m[90m─[39m[90m─[39m[90m─[39m[90m─[39m[90m─[39m[90m─[39m[90m─[39m[90m─[39m[90m─[39m[90m─[39m[90m─[39m[90m┘[39m


[36m  ([4m[1mVideo[22m[24m)[39m

  -  Video output: [36m/e2e/cypress/videos/warehouse_navigation.cy.js.mp4[39m


[90m─[39m[90m─[39m[90m─[39m[90m─[39m[90m─[39m[90m─[39m[90m─[39m[90m─[39m[90m─[39m[90m─[39m[90m─[39m[90m─[39m[90m─[39m[90m─[39m[90m─[39m[90m─[39m[90m─[39m[90m─[39m[90m─[39m[90m─[39m[90m─[39m[90m─[39m[90m─[39m[90m─[39m[90m─[39m[90m─[39m[90m─[39m[90m─[39m[90m─[39m[90m─[39m[90m─[39m[90m─[39m[90m─[39m[90m─[39m[90m─[39m[90m─[39m[90m─[39m[90m─[39m[90m─[39m[90m─[39m[90m─[39m[90m─[39m[90m─[39m[90m─[39m[90m─[39m[90m─[39m[90m─[39m[90m─[39m[90m─[39m[90m─[39m[90m─[39m[90m─[39m[90m─[39m[90m─[39m[90m─[39m[90m─[39m[90m─[39m[90m─[39m[90m─[39m[90m─[39m[90m─[39m[90m─[39m[90m─[39m[90m─[39m[90m─[39m[90m─[39m[90m─[39m[90m─[39m[90m─[39m[90m─[39m[90m─[39m[90m─[39m[90m─[39m[90m─[39m[90m─[39m[90m─[39m[90m─[39m[90m─[39m[90m─[39m[90m─[39m[90m─[39m[90m─[39m[90m─[39m[90m─[39m[90m─[39m[90m─[39m[90m─[39m[90m─[39m[90m─[39m[90m─[39m[90m─[39m[90m─[39m[90m─[39m[90m─[39m[90m─[39m[90m─[39m[90m─[39m[90m─[39m[90m─[39m[90m─[39m
                                                                                                    
  Running:  [90mwarehouse_sync.cy.js[39m                                                          [90m(15 of 16)[39m

[0m[0m
[0m  Warehouse Synchronization[0m
  [32m  ✓[0m[90m should sync create, update, and delete to warehouse[0m[33m (13303ms)[0m


[92m [0m[32m 1 passing[0m[90m (13s)[0m


[32m  ([4m[1mResults[22m[24m)[39m

[90m  ┌[39m[90m─[39m[90m─[39m[90m─[39m[90m─[39m[90m─[39m[90m─[39m[90m─[39m[90m─[39m[90m─[39m[90m─[39m[90m─[39m[90m─[39m[90m─[39m[90m─[39m[90m─[39m[90m─[39m[90m─[39m[90m─[39m[90m─[39m[90m─[39m[90m─[39m[90m─[39m[90m─[39m[90m─[39m[90m─[39m[90m─[39m[90m─[39m[90m─[39m[90m─[39m[90m─[39m[90m─[39m[90m─[39m[90m─[39m[90m─[39m[90m─[39m[90m─[39m[90m─[39m[90m─[39m[90m─[39m[90m─[39m[90m─[39m[90m─[39m[90m─[39m[90m─[39m[90m─[39m[90m─[39m[90m─[39m[90m─[39m[90m─[39m[90m─[39m[90m─[39m[90m─[39m[90m─[39m[90m─[39m[90m─[39m[90m─[39m[90m─[39m[90m─[39m[90m─[39m[90m─[39m[90m─[39m[90m─[39m[90m─[39m[90m─[39m[90m─[39m[90m─[39m[90m─[39m[90m─[39m[90m─[39m[90m─[39m[90m─[39m[90m─[39m[90m─[39m[90m─[39m[90m─[39m[90m─[39m[90m─[39m[90m─[39m[90m─[39m[90m─[39m[90m─[39m[90m─[39m[90m─[39m[90m─[39m[90m─[39m[90m─[39m[90m─[39m[90m─[39m[90m─[39m[90m─[39m[90m─[39m[90m─[39m[90m─[39m[90m─[39m[90m─[39m[90m─[39m[90m┐[39m
[90m  │[39m [90mTests:[39m        [32m1[39m                                                                                [90m│[39m
[90m  │[39m [90mPassing:[39m      [32m1[39m                                                                                [90m│[39m
[90m  │[39m [90mFailing:[39m      [32m0[39m                                                                                [90m│[39m
[90m  │[39m [90mPending:[39m      [32m0[39m                                                                                [90m│[39m
[90m  │[39m [90mSkipped:[39m      [32m0[39m                                                                                [90m│[39m
[90m  │[39m [90mScreenshots:[39m  [32m0[39m                                                                                [90m│[39m
[90m  │[39m [90mVideo:[39m        [32mtrue[39m                                                                             [90m│[39m
[90m  │[39m [90mDuration:[39m     [32m13 seconds[39m                                                                       [90m│[39m
[90m  │[39m [90mSpec Ran:[39m     [32m[32mwarehouse_sync.cy.js[32m[39m                                                             [90m│[39m
[90m  └[39m[90m─[39m[90m─[39m[90m─[39m[90m─[39m[90m─[39m[90m─[39m[90m─[39m[90m─[39m[90m─[39m[90m─[39m[90m─[39m[90m─[39m[90m─[39m[90m─[39m[90m─[39m[90m─[39m[90m─[39m[90m─[39m[90m─[39m[90m─[39m[90m─[39m[90m─[39m[90m─[39m[90m─[39m[90m─[39m[90m─[39m[90m─[39m[90m─[39m[90m─[39m[90m─[39m[90m─[39m[90m─[39m[90m─[39m[90m─[39m[90m─[39m[90m─[39m[90m─[39m[90m─[39m[90m─[39m[90m─[39m[90m─[39m[90m─[39m[90m─[39m[90m─[39m[90m─[39m[90m─[39m[90m─[39m[90m─[39m[90m─[39m[90m─[39m[90m─[39m[90m─[39m[90m─[39m[90m─[39m[90m─[39m[90m─[39m[90m─[39m[90m─[39m[90m─[39m[90m─[39m[90m─[39m[90m─[39m[90m─[39m[90m─[39m[90m─[39m[90m─[39m[90m─[39m[90m─[39m[90m─[39m[90m─[39m[90m─[39m[90m─[39m[90m─[39m[90m─[39m[90m─[39m[90m─[39m[90m─[39m[90m─[39m[90m─[39m[90m─[39m[90m─[39m[90m─[39m[90m─[39m[90m─[39m[90m─[39m[90m─[39m[90m─[39m[90m─[39m[90m─[39m[90m─[39m[90m─[39m[90m─[39m[90m─[39m[90m─[39m[90m─[39m[90m─[39m[90m┘[39m


[36m  ([4m[1mVideo[22m[24m)[39m

  -  Video output: [36m/e2e/cypress/videos/warehouse_sync.cy.js.mp4[39m


[90m─[39m[90m─[39m[90m─[39m[90m─[39m[90m─[39m[90m─[39m[90m─[39m[90m─[39m[90m─[39m[90m─[39m[90m─[39m[90m─[39m[90m─[39m[90m─[39m[90m─[39m[90m─[39m[90m─[39m[90m─[39m[90m─[39m[90m─[39m[90m─[39m[90m─[39m[90m─[39m[90m─[39m[90m─[39m[90m─[39m[90m─[39m[90m─[39m[90m─[39m[90m─[39m[90m─[39m[90m─[39m[90m─[39m[90m─[39m[90m─[39m[90m─[39m[90m─[39m[90m─[39m[90m─[39m[90m─[39m[90m─[39m[90m─[39m[90m─[39m[90m─[39m[90m─[39m[90m─[39m[90m─[39m[90m─[39m[90m─[39m[90m─[39m[90m─[39m[90m─[39m[90m─[39m[90m─[39m[90m─[39m[90m─[39m[90m─[39m[90m─[39m[90m─[39m[90m─[39m[90m─[39m[90m─[39m[90m─[39m[90m─[39m[90m─[39m[90m─[39m[90m─[39m[90m─[39m[90m─[39m[90m─[39m[90m─[39m[90m─[39m[90m─[39m[90m─[39m[90m─[39m[90m─[39m[90m─[39m[90m─[39m[90m─[39m[90m─[39m[90m─[39m[90m─[39m[90m─[39m[90m─[39m[90m─[39m[90m─[39m[90m─[39m[90m─[39m[90m─[39m[90m─[39m[90m─[39m[90m─[39m[90m─[39m[90m─[39m[90m─[39m[90m─[39m[90m─[39m[90m─[39m[90m─[39m[90m─[39m
                                                                                                    
  Running:  [90mwebshop_navigation.cy.js[39m                                                      [90m(16 of 16)[39m

[0m[0m
[0m  Webshop Navigation[0m
  [32m  ✓[0m[90m should have consistent navigation header on all pages[0m[90m (4824ms)[0m
  [32m  ✓[0m[90m should logout correctly from header[0m[90m (984ms)[0m


[92m [0m[32m 2 passing[0m[90m (7s)[0m


[32m  ([4m[1mResults[22m[24m)[39m

[90m  ┌[39m[90m─[39m[90m─[39m[90m─[39m[90m─[39m[90m─[39m[90m─[39m[90m─[39m[90m─[39m[90m─[39m[90m─[39m[90m─[39m[90m─[39m[90m─[39m[90m─[39m[90m─[39m[90m─[39m[90m─[39m[90m─[39m[90m─[39m[90m─[39m[90m─[39m[90m─[39m[90m─[39m[90m─[39m[90m─[39m[90m─[39m[90m─[39m[90m─[39m[90m─[39m[90m─[39m[90m─[39m[90m─[39m[90m─[39m[90m─[39m[90m─[39m[90m─[39m[90m─[39m[90m─[39m[90m─[39m[90m─[39m[90m─[39m[90m─[39m[90m─[39m[90m─[39m[90m─[39m[90m─[39m[90m─[39m[90m─[39m[90m─[39m[90m─[39m[90m─[39m[90m─[39m[90m─[39m[90m─[39m[90m─[39m[90m─[39m[90m─[39m[90m─[39m[90m─[39m[90m─[39m[90m─[39m[90m─[39m[90m─[39m[90m─[39m[90m─[39m[90m─[39m[90m─[39m[90m─[39m[90m─[39m[90m─[39m[90m─[39m[90m─[39m[90m─[39m[90m─[39m[90m─[39m[90m─[39m[90m─[39m[90m─[39m[90m─[39m[90m─[39m[90m─[39m[90m─[39m[90m─[39m[90m─[39m[90m─[39m[90m─[39m[90m─[39m[90m─[39m[90m─[39m[90m─[39m[90m─[39m[90m─[39m[90m─[39m[90m─[39m[90m─[39m[90m─[39m[90m┐[39m
[90m  │[39m [90mTests:[39m        [32m2[39m                                                                                [90m│[39m
[90m  │[39m [90mPassing:[39m      [32m2[39m                                                                                [90m│[39m
[90m  │[39m [90mFailing:[39m      [32m0[39m                                                                                [90m│[39m
[90m  │[39m [90mPending:[39m      [32m0[39m                                                                                [90m│[39m
[90m  │[39m [90mSkipped:[39m      [32m0[39m                                                                                [90m│[39m
[90m  │[39m [90mScreenshots:[39m  [32m0[39m                                                                                [90m│[39m
[90m  │[39m [90mVideo:[39m        [32mtrue[39m                                                                             [90m│[39m
[90m  │[39m [90mDuration:[39m     [32m7 seconds[39m                                                                        [90m│[39m
[90m  │[39m [90mSpec Ran:[39m     [32m[32mwebshop_navigation.cy.js[32m[39m                                                         [90m│[39m
[90m  └[39m[90m─[39m[90m─[39m[90m─[39m[90m─[39m[90m─[39m[90m─[39m[90m─[39m[90m─[39m[90m─[39m[90m─[39m[90m─[39m[90m─[39m[90m─[39m[90m─[39m[90m─[39m[90m─[39m[90m─[39m[90m─[39m[90m─[39m[90m─[39m[90m─[39m[90m─[39m[90m─[39m[90m─[39m[90m─[39m[90m─[39m[90m─[39m[90m─[39m[90m─[39m[90m─[39m[90m─[39m[90m─[39m[90m─[39m[90m─[39m[90m─[39m[90m─[39m[90m─[39m[90m─[39m[90m─[39m[90m─[39m[90m─[39m[90m─[39m[90m─[39m[90m─[39m[90m─[39m[90m─[39m[90m─[39m[90m─[39m[90m─[39m[90m─[39m[90m─[39m[90m─[39m[90m─[39m[90m─[39m[90m─[39m[90m─[39m[90m─[39m[90m─[39m[90m─[39m[90m─[39m[90m─[39m[90m─[39m[90m─[39m[90m─[39m[90m─[39m[90m─[39m[90m─[39m[90m─[39m[90m─[39m[90m─[39m[90m─[39m[90m─[39m[90m─[39m[90m─[39m[90m─[39m[90m─[39m[90m─[39m[90m─[39m[90m─[39m[90m─[39m[90m─[39m[90m─[39m[90m─[39m[90m─[39m[90m─[39m[90m─[39m[90m─[39m[90m─[39m[90m─[39m[90m─[39m[90m─[39m[90m─[39m[90m─[39m[90m─[39m[90m─[39m[90m─[39m[90m┘[39m


[36m  ([4m[1mVideo[22m[24m)[39m

  -  Video output: [36m/e2e/cypress/videos/webshop_navigation.cy.js.mp4[39m


[90m====================================================================================================[39m

[0m  ([4m[1mRun Finished[22m[24m)[0m


[90m   [39m    [90mSpec[39m                                              [90mTests[39m  [90mPassing[39m  [90mFailing[39m  [90mPending[39m  [90mSkipped[39m [90m [39m
[90m  ┌[39m[90m─[39m[90m─[39m[90m─[39m[90m─[39m[90m─[39m[90m─[39m[90m─[39m[90m─[39m[90m─[39m[90m─[39m[90m─[39m[90m─[39m[90m─[39m[90m─[39m[90m─[39m[90m─[39m[90m─[39m[90m─[39m[90m─[39m[90m─[39m[90m─[39m[90m─[39m[90m─[39m[90m─[39m[90m─[39m[90m─[39m[90m─[39m[90m─[39m[90m─[39m[90m─[39m[90m─[39m[90m─[39m[90m─[39m[90m─[39m[90m─[39m[90m─[39m[90m─[39m[90m─[39m[90m─[39m[90m─[39m[90m─[39m[90m─[39m[90m─[39m[90m─[39m[90m─[39m[90m─[39m[90m─[39m[90m─[39m[90m─[39m[90m─[39m[90m─[39m[90m─[39m[90m─[39m[90m─[39m[90m─[39m[90m─[39m[90m─[39m[90m─[39m[90m─[39m[90m─[39m[90m─[39m[90m─[39m[90m─[39m[90m─[39m[90m─[39m[90m─[39m[90m─[39m[90m─[39m[90m─[39m[90m─[39m[90m─[39m[90m─[39m[90m─[39m[90m─[39m[90m─[39m[90m─[39m[90m─[39m[90m─[39m[90m─[39m[90m─[39m[90m─[39m[90m─[39m[90m─[39m[90m─[39m[90m─[39m[90m─[39m[90m─[39m[90m─[39m[90m─[39m[90m─[39m[90m─[39m[90m─[39m[90m─[39m[90m─[39m[90m─[39m[90m─[39m[90m┐[39m
[90m  │[39m [32m✔[39m  [0mloyalty_program.cy.js[0m                    [90m00:16[39m        [0m3[0m        [32m3[39m        [90m-[39m        [90m-[39m        [90m-[39m [90m│[39m
[90m  ├[39m[90m─[39m[90m─[39m[90m─[39m[90m─[39m[90m─[39m[90m─[39m[90m─[39m[90m─[39m[90m─[39m[90m─[39m[90m─[39m[90m─[39m[90m─[39m[90m─[39m[90m─[39m[90m─[39m[90m─[39m[90m─[39m[90m─[39m[90m─[39m[90m─[39m[90m─[39m[90m─[39m[90m─[39m[90m─[39m[90m─[39m[90m─[39m[90m─[39m[90m─[39m[90m─[39m[90m─[39m[90m─[39m[90m─[39m[90m─[39m[90m─[39m[90m─[39m[90m─[39m[90m─[39m[90m─[39m[90m─[39m[90m─[39m[90m─[39m[90m─[39m[90m─[39m[90m─[39m[90m─[39m[90m─[39m[90m─[39m[90m─[39m[90m─[39m[90m─[39m[90m─[39m[90m─[39m[90m─[39m[90m─[39m[90m─[39m[90m─[39m[90m─[39m[90m─[39m[90m─[39m[90m─[39m[90m─[39m[90m─[39m[90m─[39m[90m─[39m[90m─[39m[90m─[39m[90m─[39m[90m─[39m[90m─[39m[90m─[39m[90m─[39m[90m─[39m[90m─[39m[90m─[39m[90m─[39m[90m─[39m[90m─[39m[90m─[39m[90m─[39m[90m─[39m[90m─[39m[90m─[39m[90m─[39m[90m─[39m[90m─[39m[90m─[39m[90m─[39m[90m─[39m[90m─[39m[90m─[39m[90m─[39m[90m─[39m[90m─[39m[90m─[39m[90m─[39m[90m┤[39m
[90m  │[39m [32m✔[39m  [0mnavigation.cy.js[0m                         [90m00:04[39m        [0m3[0m        [32m3[39m        [90m-[39m        [90m-[39m        [90m-[39m [90m│[39m
[90m  ├[39m[90m─[39m[90m─[39m[90m─[39m[90m─[39m[90m─[39m[90m─[39m[90m─[39m[90m─[39m[90m─[39m[90m─[39m[90m─[39m[90m─[39m[90m─[39m[90m─[39m[90m─[39m[90m─[39m[90m─[39m[90m─[39m[90m─[39m[90m─[39m[90m─[39m[90m─[39m[90m─[39m[90m─[39m[90m─[39m[90m─[39m[90m─[39m[90m─[39m[90m─[39m[90m─[39m[90m─[39m[90m─[39m[90m─[39m[90m─[39m[90m─[39m[90m─[39m[90m─[39m[90m─[39m[90m─[39m[90m─[39m[90m─[39m[90m─[39m[90m─[39m[90m─[39m[90m─[39m[90m─[39m[90m─[39m[90m─[39m[90m─[39m[90m─[39m[90m─[39m[90m─[39m[90m─[39m[90m─[39m[90m─[39m[90m─[39m[90m─[39m[90m─[39m[90m─[39m[90m─[39m[90m─[39m[90m─[39m[90m─[39m[90m─[39m[90m─[39m[90m─[39m[90m─[39m[90m─[39m[90m─[39m[90m─[39m[90m─[39m[90m─[39m[90m─[39m[90m─[39m[90m─[39m[90m─[39m[90m─[39m[90m─[39m[90m─[39m[90m─[39m[90m─[39m[90m─[39m[90m─[39m[90m─[39m[90m─[39m[90m─[39m[90m─[39m[90m─[39m[90m─[39m[90m─[39m[90m─[39m[90m─[39m[90m─[39m[90m─[39m[90m─[39m[90m─[39m[90m┤[39m
[90m  │[39m [32m✔[39m  [0morder_flow.cy.js[0m                         [90m00:13[39m        [0m1[0m        [32m1[39m        [90m-[39m        [90m-[39m        [90m-[39m [90m│[39m
[90m  ├[39m[90m─[39m[90m─[39m[90m─[39m[90m─[39m[90m─[39m[90m─[39m[90m─[39m[90m─[39m[90m─[39m[90m─[39m[90m─[39m[90m─[39m[90m─[39m[90m─[39m[90m─[39m[90m─[39m[90m─[39m[90m─[39m[90m─[39m[90m─[39m[90m─[39m[90m─[39m[90m─[39m[90m─[39m[90m─[39m[90m─[39m[90m─[39m[90m─[39m[90m─[39m[90m─[39m[90m─[39m[90m─[39m[90m─[39m[90m─[39m[90m─[39m[90m─[39m[90m─[39m[90m─[39m[90m─[39m[90m─[39m[90m─[39m[90m─[39m[90m─[39m[90m─[39m[90m─[39m[90m─[39m[90m─[39m[90m─[39m[90m─[39m[90m─[39m[90m─[39m[90m─[39m[90m─[39m[90m─[39m[90m─[39m[90m─[39m[90m─[39m[90m─[39m[90m─[39m[90m─[39m[90m─[39m[90m─[39m[90m─[39m[90m─[39m[90m─[39m[90m─[39m[90m─[39m[90m─[39m[90m─[39m[90m─[39m[90m─[39m[90m─[39m[90m─[39m[90m─[39m[90m─[39m[90m─[39m[90m─[39m[90m─[39m[90m─[39m[90m─[39m[90m─[39m[90m─[39m[90m─[39m[90m─[39m[90m─[39m[90m─[39m[90m─[39m[90m─[39m[90m─[39m[90m─[39m[90m─[39m[90m─[39m[90m─[39m[90m─[39m[90m─[39m[90m─[39m[90m┤[39m
[90m  │[39m [32m✔[39m  [0morder_navigation.cy.js[0m                   [90m00:02[39m        [0m2[0m        [32m2[39m        [90m-[39m        [90m-[39m        [90m-[39m [90m│[39m
[90m  ├[39m[90m─[39m[90m─[39m[90m─[39m[90m─[39m[90m─[39m[90m─[39m[90m─[39m[90m─[39m[90m─[39m[90m─[39m[90m─[39m[90m─[39m[90m─[39m[90m─[39m[90m─[39m[90m─[39m[90m─[39m[90m─[39m[90m─[39m[90m─[39m[90m─[39m[90m─[39m[90m─[39m[90m─[39m[90m─[39m[90m─[39m[90m─[39m[90m─[39m[90m─[39m[90m─[39m[90m─[39m[90m─[39m[90m─[39m[90m─[39m[90m─[39m[90m─[39m[90m─[39m[90m─[39m[90m─[39m[90m─[39m[90m─[39m[90m─[39m[90m─[39m[90m─[39m[90m─[39m[90m─[39m[90m─[39m[90m─[39m[90m─[39m[90m─[39m[90m─[39m[90m─[39m[90m─[39m[90m─[39m[90m─[39m[90m─[39m[90m─[39m[90m─[39m[90m─[39m[90m─[39m[90m─[39m[90m─[39m[90m─[39m[90m─[39m[90m─[39m[90m─[39m[90m─[39m[90m─[39m[90m─[39m[90m─[39m[90m─[39m[90m─[39m[90m─[39m[90m─[39m[90m─[39m[90m─[39m[90m─[39m[90m─[39m[90m─[39m[90m─[39m[90m─[39m[90m─[39m[90m─[39m[90m─[39m[90m─[39m[90m─[39m[90m─[39m[90m─[39m[90m─[39m[90m─[39m[90m─[39m[90m─[39m[90m─[39m[90m─[39m[90m─[39m[90m─[39m[90m┤[39m
[90m  │[39m [32m✔[39m  [0mpm_navigation.cy.js[0m                      [90m00:03[39m        [0m2[0m        [32m2[39m        [90m-[39m        [90m-[39m        [90m-[39m [90m│[39m
[90m  ├[39m[90m─[39m[90m─[39m[90m─[39m[90m─[39m[90m─[39m[90m─[39m[90m─[39m[90m─[39m[90m─[39m[90m─[39m[90m─[39m[90m─[39m[90m─[39m[90m─[39m[90m─[39m[90m─[39m[90m─[39m[90m─[39m[90m─[39m[90m─[39m[90m─[39m[90m─[39m[90m─[39m[90m─[39m[90m─[39m[90m─[39m[90m─[39m[90m─[39m[90m─[39m[90m─[39m[90m─[39m[90m─[39m[90m─[39m[90m─[39m[90m─[39m[90m─[39m[90m─[39m[90m─[39m[90m─[39m[90m─[39m[90m─[39m[90m─[39m[90m─[39m[90m─[39m[90m─[39m[90m─[39m[90m─[39m[90m─[39m[90m─[39m[90m─[39m[90m─[39m[90m─[39m[90m─[39m[90m─[39m[90m─[39m[90m─[39m[90m─[39m[90m─[39m[90m─[39m[90m─[39m[90m─[39m[90m─[39m[90m─[39m[90m─[39m[90m─[39m[90m─[39m[90m─[39m[90m─[39m[90m─[39m[90m─[39m[90m─[39m[90m─[39m[90m─[39m[90m─[39m[90m─[39m[90m─[39m[90m─[39m[90m─[39m[90m─[39m[90m─[39m[90m─[39m[90m─[39m[90m─[39m[90m─[39m[90m─[39m[90m─[39m[90m─[39m[90m─[39m[90m─[39m[90m─[39m[90m─[39m[90m─[39m[90m─[39m[90m─[39m[90m─[39m[90m─[39m[90m┤[39m
[90m  │[39m [32m✔[39m  [0mproduct_crud.cy.js[0m                       [90m00:03[39m        [0m1[0m        [32m1[39m        [90m-[39m        [90m-[39m        [90m-[39m [90m│[39m
[90m  ├[39m[90m─[39m[90m─[39m[90m─[39m[90m─[39m[90m─[39m[90m─[39m[90m─[39m[90m─[39m[90m─[39m[90m─[39m[90m─[39m[90m─[39m[90m─[39m[90m─[39m[90m─[39m[90m─[39m[90m─[39m[90m─[39m[90m─[39m[90m─[39m[90m─[39m[90m─[39m[90m─[39m[90m─[39m[90m─[39m[90m─[39m[90m─[39m[90m─[39m[90m─[39m[90m─[39m[90m─[39m[90m─[39m[90m─[39m[90m─[39m[90m─[39m[90m─[39m[90m─[39m[90m─[39m[90m─[39m[90m─[39m[90m─[39m[90m─[39m[90m─[39m[90m─[39m[90m─[39m[90m─[39m[90m─[39m[90m─[39m[90m─[39m[90m─[39m[90m─[39m[90m─[39m[90m─[39m[90m─[39m[90m─[39m[90m─[39m[90m─[39m[90m─[39m[90m─[39m[90m─[39m[90m─[39m[90m─[39m[90m─[39m[90m─[39m[90m─[39m[90m─[39m[90m─[39m[90m─[39m[90m─[39m[90m─[39m[90m─[39m[90m─[39m[90m─[39m[90m─[39m[90m─[39m[90m─[39m[90m─[39m[90m─[39m[90m─[39m[90m─[39m[90m─[39m[90m─[39m[90m─[39m[90m─[39m[90m─[39m[90m─[39m[90m─[39m[90m─[39m[90m─[39m[90m─[39m[90m─[39m[90m─[39m[90m─[39m[90m─[39m[90m─[39m[90m─[39m[90m┤[39m
[90m  │[39m [32m✔[39m  [0mproduct_sync.cy.js[0m                       [90m00:09[39m        [0m1[0m        [32m1[39m        [90m-[39m        [90m-[39m        [90m-[39m [90m│[39m
[90m  ├[39m[90m─[39m[90m─[39m[90m─[39m[90m─[39m[90m─[39m[90m─[39m[90m─[39m[90m─[39m[90m─[39m[90m─[39m[90m─[39m[90m─[39m[90m─[39m[90m─[39m[90m─[39m[90m─[39m[90m─[39m[90m─[39m[90m─[39m[90m─[39m[90m─[39m[90m─[39m[90m─[39m[90m─[39m[90m─[39m[90m─[39m[90m─[39m[90m─[39m[90m─[39m[90m─[39m[90m─[39m[90m─[39m[90m─[39m[90m─[39m[90m─[39m[90m─[39m[90m─[39m[90m─[39m[90m─[39m[90m─[39m[90m─[39m[90m─[39m[90m─[39m[90m─[39m[90m─[39m[90m─[39m[90m─[39m[90m─[39m[90m─[39m[90m─[39m[90m─[39m[90m─[39m[90m─[39m[90m─[39m[90m─[39m[90m─[39m[90m─[39m[90m─[39m[90m─[39m[90m─[39m[90m─[39m[90m─[39m[90m─[39m[90m─[39m[90m─[39m[90m─[39m[90m─[39m[90m─[39m[90m─[39m[90m─[39m[90m─[39m[90m─[39m[90m─[39m[90m─[39m[90m─[39m[90m─[39m[90m─[39m[90m─[39m[90m─[39m[90m─[39m[90m─[39m[90m─[39m[90m─[39m[90m─[39m[90m─[39m[90m─[39m[90m─[39m[90m─[39m[90m─[39m[90m─[39m[90m─[39m[90m─[39m[90m─[39m[90m─[39m[90m─[39m[90m─[39m[90m┤[39m
[90m  │[39m [32m✔[39m  [0mproduct_variations.cy.js[0m                 [90m00:05[39m        [0m1[0m        [32m1[39m        [90m-[39m        [90m-[39m        [90m-[39m [90m│[39m
[90m  ├[39m[90m─[39m[90m─[39m[90m─[39m[90m─[39m[90m─[39m[90m─[39m[90m─[39m[90m─[39m[90m─[39m[90m─[39m[90m─[39m[90m─[39m[90m─[39m[90m─[39m[90m─[39m[90m─[39m[90m─[39m[90m─[39m[90m─[39m[90m─[39m[90m─[39m[90m─[39m[90m─[39m[90m─[39m[90m─[39m[90m─[39m[90m─[39m[90m─[39m[90m─[39m[90m─[39m[90m─[39m[90m─[39m[90m─[39m[90m─[39m[90m─[39m[90m─[39m[90m─[39m[90m─[39m[90m─[39m[90m─[39m[90m─[39m[90m─[39m[90m─[39m[90m─[39m[90m─[39m[90m─[39m[90m─[39m[90m─[39m[90m─[39m[90m─[39m[90m─[39m[90m─[39m[90m─[39m[90m─[39m[90m─[39m[90m─[39m[90m─[39m[90m─[39m[90m─[39m[90m─[39m[90m─[39m[90m─[39m[90m─[39m[90m─[39m[90m─[39m[90m─[39m[90m─[39m[90m─[39m[90m─[39m[90m─[39m[90m─[39m[90m─[39m[90m─[39m[90m─[39m[90m─[39m[90m─[39m[90m─[39m[90m─[39m[90m─[39m[90m─[39m[90m─[39m[90m─[39m[90m─[39m[90m─[39m[90m─[39m[90m─[39m[90m─[39m[90m─[39m[90m─[39m[90m─[39m[90m─[39m[90m─[39m[90m─[39m[90m─[39m[90m─[39m[90m─[39m[90m┤[39m
[90m  │[39m [32m✔[39m  [0mregistration_flow.cy.js[0m                  [90m00:03[39m        [0m1[0m        [32m1[39m        [90m-[39m        [90m-[39m        [90m-[39m [90m│[39m
[90m  ├[39m[90m─[39m[90m─[39m[90m─[39m[90m─[39m[90m─[39m[90m─[39m[90m─[39m[90m─[39m[90m─[39m[90m─[39m[90m─[39m[90m─[39m[90m─[39m[90m─[39m[90m─[39m[90m─[39m[90m─[39m[90m─[39m[90m─[39m[90m─[39m[90m─[39m[90m─[39m[90m─[39m[90m─[39m[90m─[39m[90m─[39m[90m─[39m[90m─[39m[90m─[39m[90m─[39m[90m─[39m[90m─[39m[90m─[39m[90m─[39m[90m─[39m[90m─[39m[90m─[39m[90m─[39m[90m─[39m[90m─[39m[90m─[39m[90m─[39m[90m─[39m[90m─[39m[90m─[39m[90m─[39m[90m─[39m[90m─[39m[90m─[39m[90m─[39m[90m─[39m[90m─[39m[90m─[39m[90m─[39m[90m─[39m[90m─[39m[90m─[39m[90m─[39m[90m─[39m[90m─[39m[90m─[39m[90m─[39m[90m─[39m[90m─[39m[90m─[39m[90m─[39m[90m─[39m[90m─[39m[90m─[39m[90m─[39m[90m─[39m[90m─[39m[90m─[39m[90m─[39m[90m─[39m[90m─[39m[90m─[39m[90m─[39m[90m─[39m[90m─[39m[90m─[39m[90m─[39m[90m─[39m[90m─[39m[90m─[39m[90m─[39m[90m─[39m[90m─[39m[90m─[39m[90m─[39m[90m─[39m[90m─[39m[90m─[39m[90m─[39m[90m─[39m[90m─[39m[90m┤[39m
[90m  │[39m [32m✔[39m  [0msecurity_and_errors.cy.js[0m                [90m00:07[39m        [0m4[0m        [32m4[39m        [90m-[39m        [90m-[39m        [90m-[39m [90m│[39m
[90m  ├[39m[90m─[39m[90m─[39m[90m─[39m[90m─[39m[90m─[39m[90m─[39m[90m─[39m[90m─[39m[90m─[39m[90m─[39m[90m─[39m[90m─[39m[90m─[39m[90m─[39m[90m─[39m[90m─[39m[90m─[39m[90m─[39m[90m─[39m[90m─[39m[90m─[39m[90m─[39m[90m─[39m[90m─[39m[90m─[39m[90m─[39m[90m─[39m[90m─[39m[90m─[39m[90m─[39m[90m─[39m[90m─[39m[90m─[39m[90m─[39m[90m─[39m[90m─[39m[90m─[39m[90m─[39m[90m─[39m[90m─[39m[90m─[39m[90m─[39m[90m─[39m[90m─[39m[90m─[39m[90m─[39m[90m─[39m[90m─[39m[90m─[39m[90m─[39m[90m─[39m[90m─[39m[90m─[39m[90m─[39m[90m─[39m[90m─[39m[90m─[39m[90m─[39m[90m─[39m[90m─[39m[90m─[39m[90m─[39m[90m─[39m[90m─[39m[90m─[39m[90m─[39m[90m─[39m[90m─[39m[90m─[39m[90m─[39m[90m─[39m[90m─[39m[90m─[39m[90m─[39m[90m─[39m[90m─[39m[90m─[39m[90m─[39m[90m─[39m[90m─[39m[90m─[39m[90m─[39m[90m─[39m[90m─[39m[90m─[39m[90m─[39m[90m─[39m[90m─[39m[90m─[39m[90m─[39m[90m─[39m[90m─[39m[90m─[39m[90m─[39m[90m─[39m[90m─[39m[90m┤[39m
[90m  │[39m [32m✔[39m  [0mshopping_cart.cy.js[0m                      [90m00:02[39m        [0m2[0m        [32m2[39m        [90m-[39m        [90m-[39m        [90m-[39m [90m│[39m
[90m  ├[39m[90m─[39m[90m─[39m[90m─[39m[90m─[39m[90m─[39m[90m─[39m[90m─[39m[90m─[39m[90m─[39m[90m─[39m[90m─[39m[90m─[39m[90m─[39m[90m─[39m[90m─[39m[90m─[39m[90m─[39m[90m─[39m[90m─[39m[90m─[39m[90m─[39m[90m─[39m[90m─[39m[90m─[39m[90m─[39m[90m─[39m[90m─[39m[90m─[39m[90m─[39m[90m─[39m[90m─[39m[90m─[39m[90m─[39m[90m─[39m[90m─[39m[90m─[39m[90m─[39m[90m─[39m[90m─[39m[90m─[39m[90m─[39m[90m─[39m[90m─[39m[90m─[39m[90m─[39m[90m─[39m[90m─[39m[90m─[39m[90m─[39m[90m─[39m[90m─[39m[90m─[39m[90m─[39m[90m─[39m[90m─[39m[90m─[39m[90m─[39m[90m─[39m[90m─[39m[90m─[39m[90m─[39m[90m─[39m[90m─[39m[90m─[39m[90m─[39m[90m─[39m[90m─[39m[90m─[39m[90m─[39m[90m─[39m[90m─[39m[90m─[39m[90m─[39m[90m─[39m[90m─[39m[90m─[39m[90m─[39m[90m─[39m[90m─[39m[90m─[39m[90m─[39m[90m─[39m[90m─[39m[90m─[39m[90m─[39m[90m─[39m[90m─[39m[90m─[39m[90m─[39m[90m─[39m[90m─[39m[90m─[39m[90m─[39m[90m─[39m[90m─[39m[90m─[39m[90m┤[39m
[90m  │[39m [32m✔[39m  [0mwarehouse_delivery.cy.js[0m                 [90m00:02[39m        [0m1[0m        [32m1[39m        [90m-[39m        [90m-[39m        [90m-[39m [90m│[39m
[90m  ├[39m[90m─[39m[90m─[39m[90m─[39m[90m─[39m[90m─[39m[90m─[39m[90m─[39m[90m─[39m[90m─[39m[90m─[39m[90m─[39m[90m─[39m[90m─[39m[90m─[39m[90m─[39m[90m─[39m[90m─[39m[90m─[39m[90m─[39m[90m─[39m[90m─[39m[90m─[39m[90m─[39m[90m─[39m[90m─[39m[90m─[39m[90m─[39m[90m─[39m[90m─[39m[90m─[39m[90m─[39m[90m─[39m[90m─[39m[90m─[39m[90m─[39m[90m─[39m[90m─[39m[90m─[39m[90m─[39m[90m─[39m[90m─[39m[90m─[39m[90m─[39m[90m─[39m[90m─[39m[90m─[39m[90m─[39m[90m─[39m[90m─[39m[90m─[39m[90m─[39m[90m─[39m[90m─[39m[90m─[39m[90m─[39m[90m─[39m[90m─[39m[90m─[39m[90m─[39m[90m─[39m[90m─[39m[90m─[39m[90m─[39m[90m─[39m[90m─[39m[90m─[39m[90m─[39m[90m─[39m[90m─[39m[90m─[39m[90m─[39m[90m─[39m[90m─[39m[90m─[39m[90m─[39m[90m─[39m[90m─[39m[90m─[39m[90m─[39m[90m─[39m[90m─[39m[90m─[39m[90m─[39m[90m─[39m[90m─[39m[90m─[39m[90m─[39m[90m─[39m[90m─[39m[90m─[39m[90m─[39m[90m─[39m[90m─[39m[90m─[39m[90m─[39m[90m─[39m[90m┤[39m
[90m  │[39m [32m✔[39m  [0mwarehouse_fulfillment.cy.js[0m              [90m00:06[39m        [0m1[0m        [32m1[39m        [90m-[39m        [90m-[39m        [90m-[39m [90m│[39m
[90m  ├[39m[90m─[39m[90m─[39m[90m─[39m[90m─[39m[90m─[39m[90m─[39m[90m─[39m[90m─[39m[90m─[39m[90m─[39m[90m─[39m[90m─[39m[90m─[39m[90m─[39m[90m─[39m[90m─[39m[90m─[39m[90m─[39m[90m─[39m[90m─[39m[90m─[39m[90m─[39m[90m─[39m[90m─[39m[90m─[39m[90m─[39m[90m─[39m[90m─[39m[90m─[39m[90m─[39m[90m─[39m[90m─[39m[90m─[39m[90m─[39m[90m─[39m[90m─[39m[90m─[39m[90m─[39m[90m─[39m[90m─[39m[90m─[39m[90m─[39m[90m─[39m[90m─[39m[90m─[39m[90m─[39m[90m─[39m[90m─[39m[90m─[39m[90m─[39m[90m─[39m[90m─[39m[90m─[39m[90m─[39m[90m─[39m[90m─[39m[90m─[39m[90m─[39m[90m─[39m[90m─[39m[90m─[39m[90m─[39m[90m─[39m[90m─[39m[90m─[39m[90m─[39m[90m─[39m[90m─[39m[90m─[39m[90m─[39m[90m─[39m[90m─[39m[90m─[39m[90m─[39m[90m─[39m[90m─[39m[90m─[39m[90m─[39m[90m─[39m[90m─[39m[90m─[39m[90m─[39m[90m─[39m[90m─[39m[90m─[39m[90m─[39m[90m─[39m[90m─[39m[90m─[39m[90m─[39m[90m─[39m[90m─[39m[90m─[39m[90m─[39m[90m─[39m[90m─[39m[90m┤[39m
[90m  │[39m [32m✔[39m  [0mwarehouse_navigation.cy.js[0m               [90m00:03[39m        [0m2[0m        [32m2[39m        [90m-[39m        [90m-[39m        [90m-[39m [90m│[39m
[90m  ├[39m[90m─[39m[90m─[39m[90m─[39m[90m─[39m[90m─[39m[90m─[39m[90m─[39m[90m─[39m[90m─[39m[90m─[39m[90m─[39m[90m─[39m[90m─[39m[90m─[39m[90m─[39m[90m─[39m[90m─[39m[90m─[39m[90m─[39m[90m─[39m[90m─[39m[90m─[39m[90m─[39m[90m─[39m[90m─[39m[90m─[39m[90m─[39m[90m─[39m[90m─[39m[90m─[39m[90m─[39m[90m─[39m[90m─[39m[90m─[39m[90m─[39m[90m─[39m[90m─[39m[90m─[39m[90m─[39m[90m─[39m[90m─[39m[90m─[39m[90m─[39m[90m─[39m[90m─[39m[90m─[39m[90m─[39m[90m─[39m[90m─[39m[90m─[39m[90m─[39m[90m─[39m[90m─[39m[90m─[39m[90m─[39m[90m─[39m[90m─[39m[90m─[39m[90m─[39m[90m─[39m[90m─[39m[90m─[39m[90m─[39m[90m─[39m[90m─[39m[90m─[39m[90m─[39m[90m─[39m[90m─[39m[90m─[39m[90m─[39m[90m─[39m[90m─[39m[90m─[39m[90m─[39m[90m─[39m[90m─[39m[90m─[39m[90m─[39m[90m─[39m[90m─[39m[90m─[39m[90m─[39m[90m─[39m[90m─[39m[90m─[39m[90m─[39m[90m─[39m[90m─[39m[90m─[39m[90m─[39m[90m─[39m[90m─[39m[90m─[39m[90m─[39m[90m─[39m[90m┤[39m
[90m  │[39m [32m✔[39m  [0mwarehouse_sync.cy.js[0m                     [90m00:13[39m        [0m1[0m        [32m1[39m        [90m-[39m        [90m-[39m        [90m-[39m [90m│[39m
[90m  ├[39m[90m─[39m[90m─[39m[90m─[39m[90m─[39m[90m─[39m[90m─[39m[90m─[39m[90m─[39m[90m─[39m[90m─[39m[90m─[39m[90m─[39m[90m─[39m[90m─[39m[90m─[39m[90m─[39m[90m─[39m[90m─[39m[90m─[39m[90m─[39m[90m─[39m[90m─[39m[90m─[39m[90m─[39m[90m─[39m[90m─[39m[90m─[39m[90m─[39m[90m─[39m[90m─[39m[90m─[39m[90m─[39m[90m─[39m[90m─[39m[90m─[39m[90m─[39m[90m─[39m[90m─[39m[90m─[39m[90m─[39m[90m─[39m[90m─[39m[90m─[39m[90m─[39m[90m─[39m[90m─[39m[90m─[39m[90m─[39m[90m─[39m[90m─[39m[90m─[39m[90m─[39m[90m─[39m[90m─[39m[90m─[39m[90m─[39m[90m─[39m[90m─[39m[90m─[39m[90m─[39m[90m─[39m[90m─[39m[90m─[39m[90m─[39m[90m─[39m[90m─[39m[90m─[39m[90m─[39m[90m─[39m[90m─[39m[90m─[39m[90m─[39m[90m─[39m[90m─[39m[90m─[39m[90m─[39m[90m─[39m[90m─[39m[90m─[39m[90m─[39m[90m─[39m[90m─[39m[90m─[39m[90m─[39m[90m─[39m[90m─[39m[90m─[39m[90m─[39m[90m─[39m[90m─[39m[90m─[39m[90m─[39m[90m─[39m[90m─[39m[90m─[39m[90m─[39m[90m┤[39m
[90m  │[39m [32m✔[39m  [0mwebshop_navigation.cy.js[0m                 [90m00:07[39m        [0m2[0m        [32m2[39m        [90m-[39m        [90m-[39m        [90m-[39m [90m│[39m
[90m  └[39m[90m─[39m[90m─[39m[90m─[39m[90m─[39m[90m─[39m[90m─[39m[90m─[39m[90m─[39m[90m─[39m[90m─[39m[90m─[39m[90m─[39m[90m─[39m[90m─[39m[90m─[39m[90m─[39m[90m─[39m[90m─[39m[90m─[39m[90m─[39m[90m─[39m[90m─[39m[90m─[39m[90m─[39m[90m─[39m[90m─[39m[90m─[39m[90m─[39m[90m─[39m[90m─[39m[90m─[39m[90m─[39m[90m─[39m[90m─[39m[90m─[39m[90m─[39m[90m─[39m[90m─[39m[90m─[39m[90m─[39m[90m─[39m[90m─[39m[90m─[39m[90m─[39m[90m─[39m[90m─[39m[90m─[39m[90m─[39m[90m─[39m[90m─[39m[90m─[39m[90m─[39m[90m─[39m[90m─[39m[90m─[39m[90m─[39m[90m─[39m[90m─[39m[90m─[39m[90m─[39m[90m─[39m[90m─[39m[90m─[39m[90m─[39m[90m─[39m[90m─[39m[90m─[39m[90m─[39m[90m─[39m[90m─[39m[90m─[39m[90m─[39m[90m─[39m[90m─[39m[90m─[39m[90m─[39m[90m─[39m[90m─[39m[90m─[39m[90m─[39m[90m─[39m[90m─[39m[90m─[39m[90m─[39m[90m─[39m[90m─[39m[90m─[39m[90m─[39m[90m─[39m[90m─[39m[90m─[39m[90m─[39m[90m─[39m[90m─[39m[90m─[39m[90m─[39m[90m┘[39m
[90m   [39m [32m✔[39m  [32mAll specs passed![39m                        [90m01:46[39m       [0m28[0m       [32m28[39m        [90m-[39m        [90m-[39m        [90m-[39m [90m [39m

✅ Functional Validation Passed.

All validations passed successfully!

--- Cleaning up temporary files ---
--- Stopping containers ---
Removing network: webshop-net-161966
Total execution time: 332 seconds
